CRITICAL - 2024-05-13 12:01:23 --> Undefined array key ""
in APPPATH\Views\template\end.php on line 2219.
 1 APPPATH\Views\template\end.php(2219): CodeIgniter\Debug\Exceptions->errorHandler(2, 'Undefined array key ""', 'APPPATH\\Views\\template\\end.php', 2219)
 2 SYSTEMPATH\View\View.php(213): include('APPPATH\\Views\\template\\end.php')
 3 SYSTEMPATH\View\View.php(216): CodeIgniter\View\View->CodeIgniter\View\{closure}()
 4 SYSTEMPATH\Common.php(1142): CodeIgniter\View\View->render('template/end', [], true)
 5 APPPATH\Controllers\General_control.php(211): view('template/end', [...])
 6 SYSTEMPATH\CodeIgniter.php(902): App\Controllers\General_control->index()
 7 SYSTEMPATH\CodeIgniter.php(457): CodeIgniter\CodeIgniter->runController(Object(App\Controllers\General_control))
 8 SYSTEMPATH\CodeIgniter.php(340): CodeIgniter\CodeIgniter->handleRequest(null, Object(Config\Cache), false)
 9 FCPATH\index.php(67): CodeIgniter\CodeIgniter->run()
CRITICAL - 2024-05-13 12:01:42 --> Undefined array key ""
in APPPATH\Views\template\end.php on line 2219.
 1 APPPATH\Views\template\end.php(2219): CodeIgniter\Debug\Exceptions->errorHandler(2, 'Undefined array key ""', 'APPPATH\\Views\\template\\end.php', 2219)
 2 SYSTEMPATH\View\View.php(213): include('APPPATH\\Views\\template\\end.php')
 3 SYSTEMPATH\View\View.php(216): CodeIgniter\View\View->CodeIgniter\View\{closure}()
 4 SYSTEMPATH\Common.php(1142): CodeIgniter\View\View->render('template/end', [], true)
 5 APPPATH\Controllers\General_control.php(211): view('template/end', [...])
 6 SYSTEMPATH\CodeIgniter.php(902): App\Controllers\General_control->index()
 7 SYSTEMPATH\CodeIgniter.php(457): CodeIgniter\CodeIgniter->runController(Object(App\Controllers\General_control))
 8 SYSTEMPATH\CodeIgniter.php(340): CodeIgniter\CodeIgniter->handleRequest(null, Object(Config\Cache), false)
 9 FCPATH\index.php(67): CodeIgniter\CodeIgniter->run()
CRITICAL - 2024-05-13 12:02:21 --> Undefined array key ""
in APPPATH\Views\template\end.php on line 2219.
 1 APPPATH\Views\template\end.php(2219): CodeIgniter\Debug\Exceptions->errorHandler(2, 'Undefined array key ""', 'APPPATH\\Views\\template\\end.php', 2219)
 2 SYSTEMPATH\View\View.php(213): include('APPPATH\\Views\\template\\end.php')
 3 SYSTEMPATH\View\View.php(216): CodeIgniter\View\View->CodeIgniter\View\{closure}()
 4 SYSTEMPATH\Common.php(1142): CodeIgniter\View\View->render('template/end', [], true)
 5 APPPATH\Controllers\General_control.php(211): view('template/end', [...])
 6 SYSTEMPATH\CodeIgniter.php(902): App\Controllers\General_control->index()
 7 SYSTEMPATH\CodeIgniter.php(457): CodeIgniter\CodeIgniter->runController(Object(App\Controllers\General_control))
 8 SYSTEMPATH\CodeIgniter.php(340): CodeIgniter\CodeIgniter->handleRequest(null, Object(Config\Cache), false)
 9 FCPATH\index.php(67): CodeIgniter\CodeIgniter->run()
CRITICAL - 2024-05-13 12:02:49 --> Undefined array key ""
in APPPATH\Views\template\end.php on line 2219.
 1 APPPATH\Views\template\end.php(2219): CodeIgniter\Debug\Exceptions->errorHandler(2, 'Undefined array key ""', 'APPPATH\\Views\\template\\end.php', 2219)
 2 SYSTEMPATH\View\View.php(213): include('APPPATH\\Views\\template\\end.php')
 3 SYSTEMPATH\View\View.php(216): CodeIgniter\View\View->CodeIgniter\View\{closure}()
 4 SYSTEMPATH\Common.php(1142): CodeIgniter\View\View->render('template/end', [], true)
 5 APPPATH\Controllers\General_control.php(211): view('template/end', [...])
 6 SYSTEMPATH\CodeIgniter.php(902): App\Controllers\General_control->index()
 7 SYSTEMPATH\CodeIgniter.php(457): CodeIgniter\CodeIgniter->runController(Object(App\Controllers\General_control))
 8 SYSTEMPATH\CodeIgniter.php(340): CodeIgniter\CodeIgniter->handleRequest(null, Object(Config\Cache), false)
 9 FCPATH\index.php(67): CodeIgniter\CodeIgniter->run()
CRITICAL - 2024-05-13 12:03:18 --> Undefined array key ""
in APPPATH\Views\template\end.php on line 2219.
 1 APPPATH\Views\template\end.php(2219): CodeIgniter\Debug\Exceptions->errorHandler(2, 'Undefined array key ""', 'APPPATH\\Views\\template\\end.php', 2219)
 2 SYSTEMPATH\View\View.php(213): include('APPPATH\\Views\\template\\end.php')
 3 SYSTEMPATH\View\View.php(216): CodeIgniter\View\View->CodeIgniter\View\{closure}()
 4 SYSTEMPATH\Common.php(1142): CodeIgniter\View\View->render('template/end', [], true)
 5 APPPATH\Controllers\General_control.php(211): view('template/end', [...])
 6 SYSTEMPATH\CodeIgniter.php(902): App\Controllers\General_control->index()
 7 SYSTEMPATH\CodeIgniter.php(457): CodeIgniter\CodeIgniter->runController(Object(App\Controllers\General_control))
 8 SYSTEMPATH\CodeIgniter.php(340): CodeIgniter\CodeIgniter->handleRequest(null, Object(Config\Cache), false)
 9 FCPATH\index.php(67): CodeIgniter\CodeIgniter->run()
CRITICAL - 2024-05-13 12:03:20 --> Undefined array key ""
in APPPATH\Views\template\end.php on line 2219.
 1 APPPATH\Views\template\end.php(2219): CodeIgniter\Debug\Exceptions->errorHandler(2, 'Undefined array key ""', 'APPPATH\\Views\\template\\end.php', 2219)
 2 SYSTEMPATH\View\View.php(213): include('APPPATH\\Views\\template\\end.php')
 3 SYSTEMPATH\View\View.php(216): CodeIgniter\View\View->CodeIgniter\View\{closure}()
 4 SYSTEMPATH\Common.php(1142): CodeIgniter\View\View->render('template/end', [], true)
 5 APPPATH\Controllers\General_control.php(211): view('template/end', [...])
 6 SYSTEMPATH\CodeIgniter.php(902): App\Controllers\General_control->index()
 7 SYSTEMPATH\CodeIgniter.php(457): CodeIgniter\CodeIgniter->runController(Object(App\Controllers\General_control))
 8 SYSTEMPATH\CodeIgniter.php(340): CodeIgniter\CodeIgniter->handleRequest(null, Object(Config\Cache), false)
 9 FCPATH\index.php(67): CodeIgniter\CodeIgniter->run()
CRITICAL - 2024-05-13 12:03:23 --> Undefined array key ""
in APPPATH\Views\template\end.php on line 2219.
 1 APPPATH\Views\template\end.php(2219): CodeIgniter\Debug\Exceptions->errorHandler(2, 'Undefined array key ""', 'APPPATH\\Views\\template\\end.php', 2219)
 2 SYSTEMPATH\View\View.php(213): include('APPPATH\\Views\\template\\end.php')
 3 SYSTEMPATH\View\View.php(216): CodeIgniter\View\View->CodeIgniter\View\{closure}()
 4 SYSTEMPATH\Common.php(1142): CodeIgniter\View\View->render('template/end', [], true)
 5 APPPATH\Controllers\General_control.php(1055): view('template/end', [...])
 6 SYSTEMPATH\CodeIgniter.php(902): App\Controllers\General_control->index_slot()
 7 SYSTEMPATH\CodeIgniter.php(457): CodeIgniter\CodeIgniter->runController(Object(App\Controllers\General_control))
 8 SYSTEMPATH\CodeIgniter.php(340): CodeIgniter\CodeIgniter->handleRequest(null, Object(Config\Cache), false)
 9 FCPATH\index.php(67): CodeIgniter\CodeIgniter->run()
CRITICAL - 2024-05-13 12:03:26 --> Undefined array key ""
in APPPATH\Views\template\end.php on line 2219.
 1 APPPATH\Views\template\end.php(2219): CodeIgniter\Debug\Exceptions->errorHandler(2, 'Undefined array key ""', 'APPPATH\\Views\\template\\end.php', 2219)
 2 SYSTEMPATH\View\View.php(213): include('APPPATH\\Views\\template\\end.php')
 3 SYSTEMPATH\View\View.php(216): CodeIgniter\View\View->CodeIgniter\View\{closure}()
 4 SYSTEMPATH\Common.php(1142): CodeIgniter\View\View->render('template/end', [], true)
 5 APPPATH\Controllers\General_control.php(856): view('template/end', [...])
 6 SYSTEMPATH\CodeIgniter.php(902): App\Controllers\General_control->index_paymenthod()
 7 SYSTEMPATH\CodeIgniter.php(457): CodeIgniter\CodeIgniter->runController(Object(App\Controllers\General_control))
 8 SYSTEMPATH\CodeIgniter.php(340): CodeIgniter\CodeIgniter->handleRequest(null, Object(Config\Cache), false)
 9 FCPATH\index.php(67): CodeIgniter\CodeIgniter->run()
CRITICAL - 2024-05-13 12:03:26 --> Undefined array key ""
in APPPATH\Views\template\end.php on line 2219.
 1 APPPATH\Views\template\end.php(2219): CodeIgniter\Debug\Exceptions->errorHandler(2, 'Undefined array key ""', 'APPPATH\\Views\\template\\end.php', 2219)
 2 SYSTEMPATH\View\View.php(213): include('APPPATH\\Views\\template\\end.php')
 3 SYSTEMPATH\View\View.php(216): CodeIgniter\View\View->CodeIgniter\View\{closure}()
 4 SYSTEMPATH\Common.php(1142): CodeIgniter\View\View->render('template/end', [], true)
 5 APPPATH\Controllers\General_control.php(1055): view('template/end', [...])
 6 SYSTEMPATH\CodeIgniter.php(902): App\Controllers\General_control->index_slot()
 7 SYSTEMPATH\CodeIgniter.php(457): CodeIgniter\CodeIgniter->runController(Object(App\Controllers\General_control))
 8 SYSTEMPATH\CodeIgniter.php(340): CodeIgniter\CodeIgniter->handleRequest(null, Object(Config\Cache), false)
 9 FCPATH\index.php(67): CodeIgniter\CodeIgniter->run()
CRITICAL - 2024-05-13 12:03:26 --> Undefined array key ""
in APPPATH\Views\template\end.php on line 2219.
 1 APPPATH\Views\template\end.php(2219): CodeIgniter\Debug\Exceptions->errorHandler(2, 'Undefined array key ""', 'APPPATH\\Views\\template\\end.php', 2219)
 2 SYSTEMPATH\View\View.php(213): include('APPPATH\\Views\\template\\end.php')
 3 SYSTEMPATH\View\View.php(216): CodeIgniter\View\View->CodeIgniter\View\{closure}()
 4 SYSTEMPATH\Common.php(1142): CodeIgniter\View\View->render('template/end', [], true)
 5 APPPATH\Controllers\General_control.php(904): view('template/end', [...])
 6 SYSTEMPATH\CodeIgniter.php(902): App\Controllers\General_control->index_account()
 7 SYSTEMPATH\CodeIgniter.php(457): CodeIgniter\CodeIgniter->runController(Object(App\Controllers\General_control))
 8 SYSTEMPATH\CodeIgniter.php(340): CodeIgniter\CodeIgniter->handleRequest(null, Object(Config\Cache), false)
 9 FCPATH\index.php(67): CodeIgniter\CodeIgniter->run()
CRITICAL - 2024-05-13 12:03:29 --> Undefined array key ""
in APPPATH\Views\template\end.php on line 2219.
 1 APPPATH\Views\template\end.php(2219): CodeIgniter\Debug\Exceptions->errorHandler(2, 'Undefined array key ""', 'APPPATH\\Views\\template\\end.php', 2219)
 2 SYSTEMPATH\View\View.php(213): include('APPPATH\\Views\\template\\end.php')
 3 SYSTEMPATH\View\View.php(216): CodeIgniter\View\View->CodeIgniter\View\{closure}()
 4 SYSTEMPATH\Common.php(1142): CodeIgniter\View\View->render('template/end', [], true)
 5 APPPATH\Controllers\General_control.php(856): view('template/end', [...])
 6 SYSTEMPATH\CodeIgniter.php(902): App\Controllers\General_control->index_paymenthod()
 7 SYSTEMPATH\CodeIgniter.php(457): CodeIgniter\CodeIgniter->runController(Object(App\Controllers\General_control))
 8 SYSTEMPATH\CodeIgniter.php(340): CodeIgniter\CodeIgniter->handleRequest(null, Object(Config\Cache), false)
 9 FCPATH\index.php(67): CodeIgniter\CodeIgniter->run()
CRITICAL - 2024-05-13 12:03:29 --> Undefined array key ""
in APPPATH\Views\template\end.php on line 2219.
 1 APPPATH\Views\template\end.php(2219): CodeIgniter\Debug\Exceptions->errorHandler(2, 'Undefined array key ""', 'APPPATH\\Views\\template\\end.php', 2219)
 2 SYSTEMPATH\View\View.php(213): include('APPPATH\\Views\\template\\end.php')
 3 SYSTEMPATH\View\View.php(216): CodeIgniter\View\View->CodeIgniter\View\{closure}()
 4 SYSTEMPATH\Common.php(1142): CodeIgniter\View\View->render('template/end', [], true)
 5 APPPATH\Controllers\General_control.php(1055): view('template/end', [...])
 6 SYSTEMPATH\CodeIgniter.php(902): App\Controllers\General_control->index_slot()
 7 SYSTEMPATH\CodeIgniter.php(457): CodeIgniter\CodeIgniter->runController(Object(App\Controllers\General_control))
 8 SYSTEMPATH\CodeIgniter.php(340): CodeIgniter\CodeIgniter->handleRequest(null, Object(Config\Cache), false)
 9 FCPATH\index.php(67): CodeIgniter\CodeIgniter->run()
CRITICAL - 2024-05-13 12:03:29 --> Undefined array key ""
in APPPATH\Views\template\end.php on line 2219.
 1 APPPATH\Views\template\end.php(2219): CodeIgniter\Debug\Exceptions->errorHandler(2, 'Undefined array key ""', 'APPPATH\\Views\\template\\end.php', 2219)
 2 SYSTEMPATH\View\View.php(213): include('APPPATH\\Views\\template\\end.php')
 3 SYSTEMPATH\View\View.php(216): CodeIgniter\View\View->CodeIgniter\View\{closure}()
 4 SYSTEMPATH\Common.php(1142): CodeIgniter\View\View->render('template/end', [], true)
 5 APPPATH\Controllers\General_control.php(904): view('template/end', [...])
 6 SYSTEMPATH\CodeIgniter.php(902): App\Controllers\General_control->index_account()
 7 SYSTEMPATH\CodeIgniter.php(457): CodeIgniter\CodeIgniter->runController(Object(App\Controllers\General_control))
 8 SYSTEMPATH\CodeIgniter.php(340): CodeIgniter\CodeIgniter->handleRequest(null, Object(Config\Cache), false)
 9 FCPATH\index.php(67): CodeIgniter\CodeIgniter->run()
CRITICAL - 2024-05-13 12:03:30 --> Undefined array key ""
in APPPATH\Views\template\end.php on line 2219.
 1 APPPATH\Views\template\end.php(2219): CodeIgniter\Debug\Exceptions->errorHandler(2, 'Undefined array key ""', 'APPPATH\\Views\\template\\end.php', 2219)
 2 SYSTEMPATH\View\View.php(213): include('APPPATH\\Views\\template\\end.php')
 3 SYSTEMPATH\View\View.php(216): CodeIgniter\View\View->CodeIgniter\View\{closure}()
 4 SYSTEMPATH\Common.php(1142): CodeIgniter\View\View->render('template/end', [], true)
 5 APPPATH\Controllers\General_control.php(1194): view('template/end', [...])
 6 SYSTEMPATH\CodeIgniter.php(902): App\Controllers\General_control->index_promotion()
 7 SYSTEMPATH\CodeIgniter.php(457): CodeIgniter\CodeIgniter->runController(Object(App\Controllers\General_control))
 8 SYSTEMPATH\CodeIgniter.php(340): CodeIgniter\CodeIgniter->handleRequest(null, Object(Config\Cache), false)
 9 FCPATH\index.php(67): CodeIgniter\CodeIgniter->run()
CRITICAL - 2024-05-13 12:03:30 --> Undefined array key ""
in APPPATH\Views\template\end.php on line 2219.
 1 APPPATH\Views\template\end.php(2219): CodeIgniter\Debug\Exceptions->errorHandler(2, 'Undefined array key ""', 'APPPATH\\Views\\template\\end.php', 2219)
 2 SYSTEMPATH\View\View.php(213): include('APPPATH\\Views\\template\\end.php')
 3 SYSTEMPATH\View\View.php(216): CodeIgniter\View\View->CodeIgniter\View\{closure}()
 4 SYSTEMPATH\Common.php(1142): CodeIgniter\View\View->render('template/end', [], true)
 5 APPPATH\Controllers\General_control.php(211): view('template/end', [...])
 6 SYSTEMPATH\CodeIgniter.php(902): App\Controllers\General_control->index()
 7 SYSTEMPATH\CodeIgniter.php(457): CodeIgniter\CodeIgniter->runController(Object(App\Controllers\General_control))
 8 SYSTEMPATH\CodeIgniter.php(340): CodeIgniter\CodeIgniter->handleRequest(null, Object(Config\Cache), false)
 9 FCPATH\index.php(67): CodeIgniter\CodeIgniter->run()
CRITICAL - 2024-05-13 12:03:33 --> Undefined array key ""
in APPPATH\Views\template\end.php on line 2219.
 1 APPPATH\Views\template\end.php(2219): CodeIgniter\Debug\Exceptions->errorHandler(2, 'Undefined array key ""', 'APPPATH\\Views\\template\\end.php', 2219)
 2 SYSTEMPATH\View\View.php(213): include('APPPATH\\Views\\template\\end.php')
 3 SYSTEMPATH\View\View.php(216): CodeIgniter\View\View->CodeIgniter\View\{closure}()
 4 SYSTEMPATH\Common.php(1142): CodeIgniter\View\View->render('template/end', [], true)
 5 APPPATH\Controllers\General_control.php(856): view('template/end', [...])
 6 SYSTEMPATH\CodeIgniter.php(902): App\Controllers\General_control->index_paymenthod()
 7 SYSTEMPATH\CodeIgniter.php(457): CodeIgniter\CodeIgniter->runController(Object(App\Controllers\General_control))
 8 SYSTEMPATH\CodeIgniter.php(340): CodeIgniter\CodeIgniter->handleRequest(null, Object(Config\Cache), false)
 9 FCPATH\index.php(67): CodeIgniter\CodeIgniter->run()
CRITICAL - 2024-05-13 12:03:33 --> Undefined array key ""
in APPPATH\Views\template\end.php on line 2219.
 1 APPPATH\Views\template\end.php(2219): CodeIgniter\Debug\Exceptions->errorHandler(2, 'Undefined array key ""', 'APPPATH\\Views\\template\\end.php', 2219)
 2 SYSTEMPATH\View\View.php(213): include('APPPATH\\Views\\template\\end.php')
 3 SYSTEMPATH\View\View.php(216): CodeIgniter\View\View->CodeIgniter\View\{closure}()
 4 SYSTEMPATH\Common.php(1142): CodeIgniter\View\View->render('template/end', [], true)
 5 APPPATH\Controllers\General_control.php(904): view('template/end', [...])
 6 SYSTEMPATH\CodeIgniter.php(902): App\Controllers\General_control->index_account()
 7 SYSTEMPATH\CodeIgniter.php(457): CodeIgniter\CodeIgniter->runController(Object(App\Controllers\General_control))
 8 SYSTEMPATH\CodeIgniter.php(340): CodeIgniter\CodeIgniter->handleRequest(null, Object(Config\Cache), false)
 9 FCPATH\index.php(67): CodeIgniter\CodeIgniter->run()
CRITICAL - 2024-05-13 12:03:34 --> Undefined array key ""
in APPPATH\Views\template\end.php on line 2219.
 1 APPPATH\Views\template\end.php(2219): CodeIgniter\Debug\Exceptions->errorHandler(2, 'Undefined array key ""', 'APPPATH\\Views\\template\\end.php', 2219)
 2 SYSTEMPATH\View\View.php(213): include('APPPATH\\Views\\template\\end.php')
 3 SYSTEMPATH\View\View.php(216): CodeIgniter\View\View->CodeIgniter\View\{closure}()
 4 SYSTEMPATH\Common.php(1142): CodeIgniter\View\View->render('template/end', [], true)
 5 APPPATH\Controllers\General_control.php(1194): view('template/end', [...])
 6 SYSTEMPATH\CodeIgniter.php(902): App\Controllers\General_control->index_promotion()
 7 SYSTEMPATH\CodeIgniter.php(457): CodeIgniter\CodeIgniter->runController(Object(App\Controllers\General_control))
 8 SYSTEMPATH\CodeIgniter.php(340): CodeIgniter\CodeIgniter->handleRequest(null, Object(Config\Cache), false)
 9 FCPATH\index.php(67): CodeIgniter\CodeIgniter->run()
CRITICAL - 2024-05-13 12:03:35 --> Undefined array key ""
in APPPATH\Views\template\end.php on line 2219.
 1 APPPATH\Views\template\end.php(2219): CodeIgniter\Debug\Exceptions->errorHandler(2, 'Undefined array key ""', 'APPPATH\\Views\\template\\end.php', 2219)
 2 SYSTEMPATH\View\View.php(213): include('APPPATH\\Views\\template\\end.php')
 3 SYSTEMPATH\View\View.php(216): CodeIgniter\View\View->CodeIgniter\View\{closure}()
 4 SYSTEMPATH\Common.php(1142): CodeIgniter\View\View->render('template/end', [], true)
 5 APPPATH\Controllers\General_control.php(211): view('template/end', [...])
 6 SYSTEMPATH\CodeIgniter.php(902): App\Controllers\General_control->index()
 7 SYSTEMPATH\CodeIgniter.php(457): CodeIgniter\CodeIgniter->runController(Object(App\Controllers\General_control))
 8 SYSTEMPATH\CodeIgniter.php(340): CodeIgniter\CodeIgniter->handleRequest(null, Object(Config\Cache), false)
 9 FCPATH\index.php(67): CodeIgniter\CodeIgniter->run()
CRITICAL - 2024-05-13 12:03:35 --> Undefined array key ""
in APPPATH\Views\template\end.php on line 2219.
 1 APPPATH\Views\template\end.php(2219): CodeIgniter\Debug\Exceptions->errorHandler(2, 'Undefined array key ""', 'APPPATH\\Views\\template\\end.php', 2219)
 2 SYSTEMPATH\View\View.php(213): include('APPPATH\\Views\\template\\end.php')
 3 SYSTEMPATH\View\View.php(216): CodeIgniter\View\View->CodeIgniter\View\{closure}()
 4 SYSTEMPATH\Common.php(1142): CodeIgniter\View\View->render('template/end', [], true)
 5 APPPATH\Controllers\General_control.php(211): view('template/end', [...])
 6 SYSTEMPATH\CodeIgniter.php(902): App\Controllers\General_control->index()
 7 SYSTEMPATH\CodeIgniter.php(457): CodeIgniter\CodeIgniter->runController(Object(App\Controllers\General_control))
 8 SYSTEMPATH\CodeIgniter.php(340): CodeIgniter\CodeIgniter->handleRequest(null, Object(Config\Cache), false)
 9 FCPATH\index.php(67): CodeIgniter\CodeIgniter->run()
CRITICAL - 2024-05-13 12:03:38 --> Undefined array key ""
in APPPATH\Views\template\end.php on line 2219.
 1 APPPATH\Views\template\end.php(2219): CodeIgniter\Debug\Exceptions->errorHandler(2, 'Undefined array key ""', 'APPPATH\\Views\\template\\end.php', 2219)
 2 SYSTEMPATH\View\View.php(213): include('APPPATH\\Views\\template\\end.php')
 3 SYSTEMPATH\View\View.php(216): CodeIgniter\View\View->CodeIgniter\View\{closure}()
 4 SYSTEMPATH\Common.php(1142): CodeIgniter\View\View->render('template/end', [], true)
 5 APPPATH\Controllers\General_control.php(211): view('template/end', [...])
 6 SYSTEMPATH\CodeIgniter.php(902): App\Controllers\General_control->index()
 7 SYSTEMPATH\CodeIgniter.php(457): CodeIgniter\CodeIgniter->runController(Object(App\Controllers\General_control))
 8 SYSTEMPATH\CodeIgniter.php(340): CodeIgniter\CodeIgniter->handleRequest(null, Object(Config\Cache), false)
 9 FCPATH\index.php(67): CodeIgniter\CodeIgniter->run()
CRITICAL - 2024-05-13 12:03:45 --> Undefined array key ""
in APPPATH\Views\template\end.php on line 2219.
 1 APPPATH\Views\template\end.php(2219): CodeIgniter\Debug\Exceptions->errorHandler(2, 'Undefined array key ""', 'APPPATH\\Views\\template\\end.php', 2219)
 2 SYSTEMPATH\View\View.php(213): include('APPPATH\\Views\\template\\end.php')
 3 SYSTEMPATH\View\View.php(216): CodeIgniter\View\View->CodeIgniter\View\{closure}()
 4 SYSTEMPATH\Common.php(1142): CodeIgniter\View\View->render('template/end', [], true)
 5 APPPATH\Controllers\General_control.php(211): view('template/end', [...])
 6 SYSTEMPATH\CodeIgniter.php(902): App\Controllers\General_control->index()
 7 SYSTEMPATH\CodeIgniter.php(457): CodeIgniter\CodeIgniter->runController(Object(App\Controllers\General_control))
 8 SYSTEMPATH\CodeIgniter.php(340): CodeIgniter\CodeIgniter->handleRequest(null, Object(Config\Cache), false)
 9 FCPATH\index.php(67): CodeIgniter\CodeIgniter->run()
CRITICAL - 2024-05-13 12:04:08 --> Undefined array key ""
in APPPATH\Views\template\end.php on line 2219.
 1 APPPATH\Views\template\end.php(2219): CodeIgniter\Debug\Exceptions->errorHandler(2, 'Undefined array key ""', 'APPPATH\\Views\\template\\end.php', 2219)
 2 SYSTEMPATH\View\View.php(213): include('APPPATH\\Views\\template\\end.php')
 3 SYSTEMPATH\View\View.php(216): CodeIgniter\View\View->CodeIgniter\View\{closure}()
 4 SYSTEMPATH\Common.php(1142): CodeIgniter\View\View->render('template/end', [], true)
 5 APPPATH\Controllers\General_control.php(211): view('template/end', [...])
 6 SYSTEMPATH\CodeIgniter.php(902): App\Controllers\General_control->index()
 7 SYSTEMPATH\CodeIgniter.php(457): CodeIgniter\CodeIgniter->runController(Object(App\Controllers\General_control))
 8 SYSTEMPATH\CodeIgniter.php(340): CodeIgniter\CodeIgniter->handleRequest(null, Object(Config\Cache), false)
 9 FCPATH\index.php(67): CodeIgniter\CodeIgniter->run()
CRITICAL - 2024-05-13 12:05:03 --> Undefined array key ""
in APPPATH\Views\template\end.php on line 2219.
 1 APPPATH\Views\template\end.php(2219): CodeIgniter\Debug\Exceptions->errorHandler(2, 'Undefined array key ""', 'APPPATH\\Views\\template\\end.php', 2219)
 2 SYSTEMPATH\View\View.php(213): include('APPPATH\\Views\\template\\end.php')
 3 SYSTEMPATH\View\View.php(216): CodeIgniter\View\View->CodeIgniter\View\{closure}()
 4 SYSTEMPATH\Common.php(1142): CodeIgniter\View\View->render('template/end', [], true)
 5 APPPATH\Controllers\General_control.php(211): view('template/end', [...])
 6 SYSTEMPATH\CodeIgniter.php(902): App\Controllers\General_control->index()
 7 SYSTEMPATH\CodeIgniter.php(457): CodeIgniter\CodeIgniter->runController(Object(App\Controllers\General_control))
 8 SYSTEMPATH\CodeIgniter.php(340): CodeIgniter\CodeIgniter->handleRequest(null, Object(Config\Cache), false)
 9 FCPATH\index.php(67): CodeIgniter\CodeIgniter->run()
CRITICAL - 2024-05-13 12:05:34 --> Undefined array key ""
in APPPATH\Views\template\end.php on line 2219.
 1 APPPATH\Views\template\end.php(2219): CodeIgniter\Debug\Exceptions->errorHandler(2, 'Undefined array key ""', 'APPPATH\\Views\\template\\end.php', 2219)
 2 SYSTEMPATH\View\View.php(213): include('APPPATH\\Views\\template\\end.php')
 3 SYSTEMPATH\View\View.php(216): CodeIgniter\View\View->CodeIgniter\View\{closure}()
 4 SYSTEMPATH\Common.php(1142): CodeIgniter\View\View->render('template/end', [], true)
 5 APPPATH\Controllers\General_control.php(211): view('template/end', [...])
 6 SYSTEMPATH\CodeIgniter.php(902): App\Controllers\General_control->index()
 7 SYSTEMPATH\CodeIgniter.php(457): CodeIgniter\CodeIgniter->runController(Object(App\Controllers\General_control))
 8 SYSTEMPATH\CodeIgniter.php(340): CodeIgniter\CodeIgniter->handleRequest(null, Object(Config\Cache), false)
 9 FCPATH\index.php(67): CodeIgniter\CodeIgniter->run()
CRITICAL - 2024-05-13 12:05:52 --> Undefined array key ""
in APPPATH\Views\template\end.php on line 2219.
 1 APPPATH\Views\template\end.php(2219): CodeIgniter\Debug\Exceptions->errorHandler(2, 'Undefined array key ""', 'APPPATH\\Views\\template\\end.php', 2219)
 2 SYSTEMPATH\View\View.php(213): include('APPPATH\\Views\\template\\end.php')
 3 SYSTEMPATH\View\View.php(216): CodeIgniter\View\View->CodeIgniter\View\{closure}()
 4 SYSTEMPATH\Common.php(1142): CodeIgniter\View\View->render('template/end', [], true)
 5 APPPATH\Controllers\General_control.php(211): view('template/end', [...])
 6 SYSTEMPATH\CodeIgniter.php(902): App\Controllers\General_control->index()
 7 SYSTEMPATH\CodeIgniter.php(457): CodeIgniter\CodeIgniter->runController(Object(App\Controllers\General_control))
 8 SYSTEMPATH\CodeIgniter.php(340): CodeIgniter\CodeIgniter->handleRequest(null, Object(Config\Cache), false)
 9 FCPATH\index.php(67): CodeIgniter\CodeIgniter->run()
CRITICAL - 2024-05-13 12:06:44 --> Undefined array key ""
in APPPATH\Views\template\end.php on line 2219.
 1 APPPATH\Views\template\end.php(2219): CodeIgniter\Debug\Exceptions->errorHandler(2, 'Undefined array key ""', 'APPPATH\\Views\\template\\end.php', 2219)
 2 SYSTEMPATH\View\View.php(213): include('APPPATH\\Views\\template\\end.php')
 3 SYSTEMPATH\View\View.php(216): CodeIgniter\View\View->CodeIgniter\View\{closure}()
 4 SYSTEMPATH\Common.php(1142): CodeIgniter\View\View->render('template/end', [], true)
 5 APPPATH\Controllers\General_control.php(211): view('template/end', [...])
 6 SYSTEMPATH\CodeIgniter.php(902): App\Controllers\General_control->index()
 7 SYSTEMPATH\CodeIgniter.php(457): CodeIgniter\CodeIgniter->runController(Object(App\Controllers\General_control))
 8 SYSTEMPATH\CodeIgniter.php(340): CodeIgniter\CodeIgniter->handleRequest(null, Object(Config\Cache), false)
 9 FCPATH\index.php(67): CodeIgniter\CodeIgniter->run()
CRITICAL - 2024-05-13 12:08:54 --> Undefined array key ""
in APPPATH\Views\template\end.php on line 2219.
 1 APPPATH\Views\template\end.php(2219): CodeIgniter\Debug\Exceptions->errorHandler(2, 'Undefined array key ""', 'APPPATH\\Views\\template\\end.php', 2219)
 2 SYSTEMPATH\View\View.php(213): include('APPPATH\\Views\\template\\end.php')
 3 SYSTEMPATH\View\View.php(216): CodeIgniter\View\View->CodeIgniter\View\{closure}()
 4 SYSTEMPATH\Common.php(1142): CodeIgniter\View\View->render('template/end', [], true)
 5 APPPATH\Controllers\General_control.php(211): view('template/end', [...])
 6 SYSTEMPATH\CodeIgniter.php(902): App\Controllers\General_control->index()
 7 SYSTEMPATH\CodeIgniter.php(457): CodeIgniter\CodeIgniter->runController(Object(App\Controllers\General_control))
 8 SYSTEMPATH\CodeIgniter.php(340): CodeIgniter\CodeIgniter->handleRequest(null, Object(Config\Cache), false)
 9 FCPATH\index.php(67): CodeIgniter\CodeIgniter->run()
CRITICAL - 2024-05-13 12:09:48 --> Undefined array key ""
in APPPATH\Views\template\end.php on line 2219.
 1 APPPATH\Views\template\end.php(2219): CodeIgniter\Debug\Exceptions->errorHandler(2, 'Undefined array key ""', 'APPPATH\\Views\\template\\end.php', 2219)
 2 SYSTEMPATH\View\View.php(213): include('APPPATH\\Views\\template\\end.php')
 3 SYSTEMPATH\View\View.php(216): CodeIgniter\View\View->CodeIgniter\View\{closure}()
 4 SYSTEMPATH\Common.php(1142): CodeIgniter\View\View->render('template/end', [], true)
 5 APPPATH\Controllers\General_control.php(211): view('template/end', [...])
 6 SYSTEMPATH\CodeIgniter.php(902): App\Controllers\General_control->index()
 7 SYSTEMPATH\CodeIgniter.php(457): CodeIgniter\CodeIgniter->runController(Object(App\Controllers\General_control))
 8 SYSTEMPATH\CodeIgniter.php(340): CodeIgniter\CodeIgniter->handleRequest(null, Object(Config\Cache), false)
 9 FCPATH\index.php(67): CodeIgniter\CodeIgniter->run()
CRITICAL - 2024-05-13 12:11:17 --> Undefined array key ""
in APPPATH\Views\template\end.php on line 2219.
 1 APPPATH\Views\template\end.php(2219): CodeIgniter\Debug\Exceptions->errorHandler(2, 'Undefined array key ""', 'APPPATH\\Views\\template\\end.php', 2219)
 2 SYSTEMPATH\View\View.php(213): include('APPPATH\\Views\\template\\end.php')
 3 SYSTEMPATH\View\View.php(216): CodeIgniter\View\View->CodeIgniter\View\{closure}()
 4 SYSTEMPATH\Common.php(1142): CodeIgniter\View\View->render('template/end', [], true)
 5 APPPATH\Controllers\General_control.php(211): view('template/end', [...])
 6 SYSTEMPATH\CodeIgniter.php(902): App\Controllers\General_control->index()
 7 SYSTEMPATH\CodeIgniter.php(457): CodeIgniter\CodeIgniter->runController(Object(App\Controllers\General_control))
 8 SYSTEMPATH\CodeIgniter.php(340): CodeIgniter\CodeIgniter->handleRequest(null, Object(Config\Cache), false)
 9 FCPATH\index.php(67): CodeIgniter\CodeIgniter->run()
CRITICAL - 2024-05-13 12:11:29 --> Undefined array key ""
in APPPATH\Views\template\end.php on line 2219.
 1 APPPATH\Views\template\end.php(2219): CodeIgniter\Debug\Exceptions->errorHandler(2, 'Undefined array key ""', 'APPPATH\\Views\\template\\end.php', 2219)
 2 SYSTEMPATH\View\View.php(213): include('APPPATH\\Views\\template\\end.php')
 3 SYSTEMPATH\View\View.php(216): CodeIgniter\View\View->CodeIgniter\View\{closure}()
 4 SYSTEMPATH\Common.php(1142): CodeIgniter\View\View->render('template/end', [], true)
 5 APPPATH\Controllers\General_control.php(211): view('template/end', [...])
 6 SYSTEMPATH\CodeIgniter.php(902): App\Controllers\General_control->index()
 7 SYSTEMPATH\CodeIgniter.php(457): CodeIgniter\CodeIgniter->runController(Object(App\Controllers\General_control))
 8 SYSTEMPATH\CodeIgniter.php(340): CodeIgniter\CodeIgniter->handleRequest(null, Object(Config\Cache), false)
 9 FCPATH\index.php(67): CodeIgniter\CodeIgniter->run()
CRITICAL - 2024-05-13 12:11:53 --> Undefined array key ""
in APPPATH\Views\template\end.php on line 2219.
 1 APPPATH\Views\template\end.php(2219): CodeIgniter\Debug\Exceptions->errorHandler(2, 'Undefined array key ""', 'APPPATH\\Views\\template\\end.php', 2219)
 2 SYSTEMPATH\View\View.php(213): include('APPPATH\\Views\\template\\end.php')
 3 SYSTEMPATH\View\View.php(216): CodeIgniter\View\View->CodeIgniter\View\{closure}()
 4 SYSTEMPATH\Common.php(1142): CodeIgniter\View\View->render('template/end', [], true)
 5 APPPATH\Controllers\General_control.php(211): view('template/end', [...])
 6 SYSTEMPATH\CodeIgniter.php(902): App\Controllers\General_control->index()
 7 SYSTEMPATH\CodeIgniter.php(457): CodeIgniter\CodeIgniter->runController(Object(App\Controllers\General_control))
 8 SYSTEMPATH\CodeIgniter.php(340): CodeIgniter\CodeIgniter->handleRequest(null, Object(Config\Cache), false)
 9 FCPATH\index.php(67): CodeIgniter\CodeIgniter->run()
CRITICAL - 2024-05-13 12:16:03 --> Undefined array key ""
in APPPATH\Views\template\end.php on line 2219.
 1 APPPATH\Views\template\end.php(2219): CodeIgniter\Debug\Exceptions->errorHandler(2, 'Undefined array key ""', 'APPPATH\\Views\\template\\end.php', 2219)
 2 SYSTEMPATH\View\View.php(213): include('APPPATH\\Views\\template\\end.php')
 3 SYSTEMPATH\View\View.php(216): CodeIgniter\View\View->CodeIgniter\View\{closure}()
 4 SYSTEMPATH\Common.php(1142): CodeIgniter\View\View->render('template/end', [], true)
 5 APPPATH\Controllers\General_control.php(211): view('template/end', [...])
 6 SYSTEMPATH\CodeIgniter.php(902): App\Controllers\General_control->index()
 7 SYSTEMPATH\CodeIgniter.php(457): CodeIgniter\CodeIgniter->runController(Object(App\Controllers\General_control))
 8 SYSTEMPATH\CodeIgniter.php(340): CodeIgniter\CodeIgniter->handleRequest(null, Object(Config\Cache), false)
 9 FCPATH\index.php(67): CodeIgniter\CodeIgniter->run()
CRITICAL - 2024-05-13 12:17:25 --> Undefined array key ""
in APPPATH\Views\template\end.php on line 2219.
 1 APPPATH\Views\template\end.php(2219): CodeIgniter\Debug\Exceptions->errorHandler(2, 'Undefined array key ""', 'APPPATH\\Views\\template\\end.php', 2219)
 2 SYSTEMPATH\View\View.php(213): include('APPPATH\\Views\\template\\end.php')
 3 SYSTEMPATH\View\View.php(216): CodeIgniter\View\View->CodeIgniter\View\{closure}()
 4 SYSTEMPATH\Common.php(1142): CodeIgniter\View\View->render('template/end', [], true)
 5 APPPATH\Controllers\General_control.php(211): view('template/end', [...])
 6 SYSTEMPATH\CodeIgniter.php(902): App\Controllers\General_control->index()
 7 SYSTEMPATH\CodeIgniter.php(457): CodeIgniter\CodeIgniter->runController(Object(App\Controllers\General_control))
 8 SYSTEMPATH\CodeIgniter.php(340): CodeIgniter\CodeIgniter->handleRequest(null, Object(Config\Cache), false)
 9 FCPATH\index.php(67): CodeIgniter\CodeIgniter->run()
CRITICAL - 2024-05-13 12:17:47 --> Undefined array key ""
in APPPATH\Views\template\end.php on line 2219.
 1 APPPATH\Views\template\end.php(2219): CodeIgniter\Debug\Exceptions->errorHandler(2, 'Undefined array key ""', 'APPPATH\\Views\\template\\end.php', 2219)
 2 SYSTEMPATH\View\View.php(213): include('APPPATH\\Views\\template\\end.php')
 3 SYSTEMPATH\View\View.php(216): CodeIgniter\View\View->CodeIgniter\View\{closure}()
 4 SYSTEMPATH\Common.php(1142): CodeIgniter\View\View->render('template/end', [], true)
 5 APPPATH\Controllers\General_control.php(211): view('template/end', [...])
 6 SYSTEMPATH\CodeIgniter.php(902): App\Controllers\General_control->index()
 7 SYSTEMPATH\CodeIgniter.php(457): CodeIgniter\CodeIgniter->runController(Object(App\Controllers\General_control))
 8 SYSTEMPATH\CodeIgniter.php(340): CodeIgniter\CodeIgniter->handleRequest(null, Object(Config\Cache), false)
 9 FCPATH\index.php(67): CodeIgniter\CodeIgniter->run()
CRITICAL - 2024-05-13 12:17:47 --> Undefined array key ""
in APPPATH\Views\template\end.php on line 2219.
 1 APPPATH\Views\template\end.php(2219): CodeIgniter\Debug\Exceptions->errorHandler(2, 'Undefined array key ""', 'APPPATH\\Views\\template\\end.php', 2219)
 2 SYSTEMPATH\View\View.php(213): include('APPPATH\\Views\\template\\end.php')
 3 SYSTEMPATH\View\View.php(216): CodeIgniter\View\View->CodeIgniter\View\{closure}()
 4 SYSTEMPATH\Common.php(1142): CodeIgniter\View\View->render('template/end', [], true)
 5 APPPATH\Controllers\General_control.php(223): view('template/end', [...])
 6 SYSTEMPATH\CodeIgniter.php(902): App\Controllers\General_control->index_login()
 7 SYSTEMPATH\CodeIgniter.php(457): CodeIgniter\CodeIgniter->runController(Object(App\Controllers\General_control))
 8 SYSTEMPATH\CodeIgniter.php(340): CodeIgniter\CodeIgniter->handleRequest(null, Object(Config\Cache), false)
 9 FCPATH\index.php(67): CodeIgniter\CodeIgniter->run()
CRITICAL - 2024-05-13 12:17:57 --> Undefined array key ""
in APPPATH\Views\template\end.php on line 2219.
 1 APPPATH\Views\template\end.php(2219): CodeIgniter\Debug\Exceptions->errorHandler(2, 'Undefined array key ""', 'APPPATH\\Views\\template\\end.php', 2219)
 2 SYSTEMPATH\View\View.php(213): include('APPPATH\\Views\\template\\end.php')
 3 SYSTEMPATH\View\View.php(216): CodeIgniter\View\View->CodeIgniter\View\{closure}()
 4 SYSTEMPATH\Common.php(1142): CodeIgniter\View\View->render('template/end', [], true)
 5 APPPATH\Controllers\General_control.php(1270): view('template/end', [...])
 6 SYSTEMPATH\CodeIgniter.php(902): App\Controllers\General_control->index_help()
 7 SYSTEMPATH\CodeIgniter.php(457): CodeIgniter\CodeIgniter->runController(Object(App\Controllers\General_control))
 8 SYSTEMPATH\CodeIgniter.php(340): CodeIgniter\CodeIgniter->handleRequest(null, Object(Config\Cache), false)
 9 FCPATH\index.php(67): CodeIgniter\CodeIgniter->run()
CRITICAL - 2024-05-13 12:18:02 --> Undefined array key ""
in APPPATH\Views\template\end.php on line 2219.
 1 APPPATH\Views\template\end.php(2219): CodeIgniter\Debug\Exceptions->errorHandler(2, 'Undefined array key ""', 'APPPATH\\Views\\template\\end.php', 2219)
 2 SYSTEMPATH\View\View.php(213): include('APPPATH\\Views\\template\\end.php')
 3 SYSTEMPATH\View\View.php(216): CodeIgniter\View\View->CodeIgniter\View\{closure}()
 4 SYSTEMPATH\Common.php(1142): CodeIgniter\View\View->render('template/end', [], true)
 5 APPPATH\Controllers\General_control.php(211): view('template/end', [...])
 6 SYSTEMPATH\CodeIgniter.php(902): App\Controllers\General_control->index()
 7 SYSTEMPATH\CodeIgniter.php(457): CodeIgniter\CodeIgniter->runController(Object(App\Controllers\General_control))
 8 SYSTEMPATH\CodeIgniter.php(340): CodeIgniter\CodeIgniter->handleRequest(null, Object(Config\Cache), false)
 9 FCPATH\index.php(67): CodeIgniter\CodeIgniter->run()
CRITICAL - 2024-05-13 12:18:09 --> Undefined array key ""
in APPPATH\Views\template\end.php on line 2219.
 1 APPPATH\Views\template\end.php(2219): CodeIgniter\Debug\Exceptions->errorHandler(2, 'Undefined array key ""', 'APPPATH\\Views\\template\\end.php', 2219)
 2 SYSTEMPATH\View\View.php(213): include('APPPATH\\Views\\template\\end.php')
 3 SYSTEMPATH\View\View.php(216): CodeIgniter\View\View->CodeIgniter\View\{closure}()
 4 SYSTEMPATH\Common.php(1142): CodeIgniter\View\View->render('template/end', [], true)
 5 APPPATH\Controllers\General_control.php(211): view('template/end', [...])
 6 SYSTEMPATH\CodeIgniter.php(902): App\Controllers\General_control->index()
 7 SYSTEMPATH\CodeIgniter.php(457): CodeIgniter\CodeIgniter->runController(Object(App\Controllers\General_control))
 8 SYSTEMPATH\CodeIgniter.php(340): CodeIgniter\CodeIgniter->handleRequest(null, Object(Config\Cache), false)
 9 FCPATH\index.php(67): CodeIgniter\CodeIgniter->run()
CRITICAL - 2024-05-13 12:18:46 --> Undefined array key ""
in APPPATH\Views\template\end.php on line 2219.
 1 APPPATH\Views\template\end.php(2219): CodeIgniter\Debug\Exceptions->errorHandler(2, 'Undefined array key ""', 'APPPATH\\Views\\template\\end.php', 2219)
 2 SYSTEMPATH\View\View.php(213): include('APPPATH\\Views\\template\\end.php')
 3 SYSTEMPATH\View\View.php(216): CodeIgniter\View\View->CodeIgniter\View\{closure}()
 4 SYSTEMPATH\Common.php(1142): CodeIgniter\View\View->render('template/end', [], true)
 5 APPPATH\Controllers\General_control.php(211): view('template/end', [...])
 6 SYSTEMPATH\CodeIgniter.php(902): App\Controllers\General_control->index()
 7 SYSTEMPATH\CodeIgniter.php(457): CodeIgniter\CodeIgniter->runController(Object(App\Controllers\General_control))
 8 SYSTEMPATH\CodeIgniter.php(340): CodeIgniter\CodeIgniter->handleRequest(null, Object(Config\Cache), false)
 9 FCPATH\index.php(67): CodeIgniter\CodeIgniter->run()
CRITICAL - 2024-05-13 12:19:40 --> Undefined array key ""
in APPPATH\Views\template\end.php on line 2219.
 1 APPPATH\Views\template\end.php(2219): CodeIgniter\Debug\Exceptions->errorHandler(2, 'Undefined array key ""', 'APPPATH\\Views\\template\\end.php', 2219)
 2 SYSTEMPATH\View\View.php(213): include('APPPATH\\Views\\template\\end.php')
 3 SYSTEMPATH\View\View.php(216): CodeIgniter\View\View->CodeIgniter\View\{closure}()
 4 SYSTEMPATH\Common.php(1142): CodeIgniter\View\View->render('template/end', [], true)
 5 APPPATH\Controllers\General_control.php(211): view('template/end', [...])
 6 SYSTEMPATH\CodeIgniter.php(902): App\Controllers\General_control->index()
 7 SYSTEMPATH\CodeIgniter.php(457): CodeIgniter\CodeIgniter->runController(Object(App\Controllers\General_control))
 8 SYSTEMPATH\CodeIgniter.php(340): CodeIgniter\CodeIgniter->handleRequest(null, Object(Config\Cache), false)
 9 FCPATH\index.php(67): CodeIgniter\CodeIgniter->run()
CRITICAL - 2024-05-13 12:22:40 --> Undefined array key ""
in APPPATH\Views\template\end.php on line 2219.
 1 APPPATH\Views\template\end.php(2219): CodeIgniter\Debug\Exceptions->errorHandler(2, 'Undefined array key ""', 'APPPATH\\Views\\template\\end.php', 2219)
 2 SYSTEMPATH\View\View.php(213): include('APPPATH\\Views\\template\\end.php')
 3 SYSTEMPATH\View\View.php(216): CodeIgniter\View\View->CodeIgniter\View\{closure}()
 4 SYSTEMPATH\Common.php(1142): CodeIgniter\View\View->render('template/end', [], true)
 5 APPPATH\Controllers\General_control.php(211): view('template/end', [...])
 6 SYSTEMPATH\CodeIgniter.php(902): App\Controllers\General_control->index()
 7 SYSTEMPATH\CodeIgniter.php(457): CodeIgniter\CodeIgniter->runController(Object(App\Controllers\General_control))
 8 SYSTEMPATH\CodeIgniter.php(340): CodeIgniter\CodeIgniter->handleRequest(null, Object(Config\Cache), false)
 9 FCPATH\index.php(67): CodeIgniter\CodeIgniter->run()
CRITICAL - 2024-05-13 12:23:26 --> Undefined array key ""
in APPPATH\Views\template\end.php on line 2219.
 1 APPPATH\Views\template\end.php(2219): CodeIgniter\Debug\Exceptions->errorHandler(2, 'Undefined array key ""', 'APPPATH\\Views\\template\\end.php', 2219)
 2 SYSTEMPATH\View\View.php(213): include('APPPATH\\Views\\template\\end.php')
 3 SYSTEMPATH\View\View.php(216): CodeIgniter\View\View->CodeIgniter\View\{closure}()
 4 SYSTEMPATH\Common.php(1142): CodeIgniter\View\View->render('template/end', [], true)
 5 APPPATH\Controllers\General_control.php(211): view('template/end', [...])
 6 SYSTEMPATH\CodeIgniter.php(902): App\Controllers\General_control->index()
 7 SYSTEMPATH\CodeIgniter.php(457): CodeIgniter\CodeIgniter->runController(Object(App\Controllers\General_control))
 8 SYSTEMPATH\CodeIgniter.php(340): CodeIgniter\CodeIgniter->handleRequest(null, Object(Config\Cache), false)
 9 FCPATH\index.php(67): CodeIgniter\CodeIgniter->run()
CRITICAL - 2024-05-13 12:23:40 --> Undefined array key ""
in APPPATH\Views\template\end.php on line 2219.
 1 APPPATH\Views\template\end.php(2219): CodeIgniter\Debug\Exceptions->errorHandler(2, 'Undefined array key ""', 'APPPATH\\Views\\template\\end.php', 2219)
 2 SYSTEMPATH\View\View.php(213): include('APPPATH\\Views\\template\\end.php')
 3 SYSTEMPATH\View\View.php(216): CodeIgniter\View\View->CodeIgniter\View\{closure}()
 4 SYSTEMPATH\Common.php(1142): CodeIgniter\View\View->render('template/end', [], true)
 5 APPPATH\Controllers\General_control.php(211): view('template/end', [...])
 6 SYSTEMPATH\CodeIgniter.php(902): App\Controllers\General_control->index()
 7 SYSTEMPATH\CodeIgniter.php(457): CodeIgniter\CodeIgniter->runController(Object(App\Controllers\General_control))
 8 SYSTEMPATH\CodeIgniter.php(340): CodeIgniter\CodeIgniter->handleRequest(null, Object(Config\Cache), false)
 9 FCPATH\index.php(67): CodeIgniter\CodeIgniter->run()
CRITICAL - 2024-05-13 12:27:26 --> Undefined array key ""
in APPPATH\Views\template\end.php on line 2218.
 1 APPPATH\Views\template\end.php(2218): CodeIgniter\Debug\Exceptions->errorHandler(2, 'Undefined array key ""', 'APPPATH\\Views\\template\\end.php', 2218)
 2 SYSTEMPATH\View\View.php(213): include('APPPATH\\Views\\template\\end.php')
 3 SYSTEMPATH\View\View.php(216): CodeIgniter\View\View->CodeIgniter\View\{closure}()
 4 SYSTEMPATH\Common.php(1142): CodeIgniter\View\View->render('template/end', [], true)
 5 APPPATH\Controllers\General_control.php(211): view('template/end', [...])
 6 SYSTEMPATH\CodeIgniter.php(902): App\Controllers\General_control->index()
 7 SYSTEMPATH\CodeIgniter.php(457): CodeIgniter\CodeIgniter->runController(Object(App\Controllers\General_control))
 8 SYSTEMPATH\CodeIgniter.php(340): CodeIgniter\CodeIgniter->handleRequest(null, Object(Config\Cache), false)
 9 FCPATH\index.php(67): CodeIgniter\CodeIgniter->run()
CRITICAL - 2024-05-13 12:30:16 --> Undefined array key ""
in APPPATH\Views\template\end.php on line 2218.
 1 APPPATH\Views\template\end.php(2218): CodeIgniter\Debug\Exceptions->errorHandler(2, 'Undefined array key ""', 'APPPATH\\Views\\template\\end.php', 2218)
 2 SYSTEMPATH\View\View.php(213): include('APPPATH\\Views\\template\\end.php')
 3 SYSTEMPATH\View\View.php(216): CodeIgniter\View\View->CodeIgniter\View\{closure}()
 4 SYSTEMPATH\Common.php(1142): CodeIgniter\View\View->render('template/end', [], true)
 5 APPPATH\Controllers\General_control.php(211): view('template/end', [...])
 6 SYSTEMPATH\CodeIgniter.php(902): App\Controllers\General_control->index()
 7 SYSTEMPATH\CodeIgniter.php(457): CodeIgniter\CodeIgniter->runController(Object(App\Controllers\General_control))
 8 SYSTEMPATH\CodeIgniter.php(340): CodeIgniter\CodeIgniter->handleRequest(null, Object(Config\Cache), false)
 9 FCPATH\index.php(67): CodeIgniter\CodeIgniter->run()
CRITICAL - 2024-05-13 12:30:18 --> Undefined array key ""
in APPPATH\Views\template\end.php on line 2218.
 1 APPPATH\Views\template\end.php(2218): CodeIgniter\Debug\Exceptions->errorHandler(2, 'Undefined array key ""', 'APPPATH\\Views\\template\\end.php', 2218)
 2 SYSTEMPATH\View\View.php(213): include('APPPATH\\Views\\template\\end.php')
 3 SYSTEMPATH\View\View.php(216): CodeIgniter\View\View->CodeIgniter\View\{closure}()
 4 SYSTEMPATH\Common.php(1142): CodeIgniter\View\View->render('template/end', [], true)
 5 APPPATH\Controllers\General_control.php(211): view('template/end', [...])
 6 SYSTEMPATH\CodeIgniter.php(902): App\Controllers\General_control->index()
 7 SYSTEMPATH\CodeIgniter.php(457): CodeIgniter\CodeIgniter->runController(Object(App\Controllers\General_control))
 8 SYSTEMPATH\CodeIgniter.php(340): CodeIgniter\CodeIgniter->handleRequest(null, Object(Config\Cache), false)
 9 FCPATH\index.php(67): CodeIgniter\CodeIgniter->run()
CRITICAL - 2024-05-13 12:30:43 --> Undefined array key ""
in APPPATH\Views\template\end.php on line 2218.
 1 APPPATH\Views\template\end.php(2218): CodeIgniter\Debug\Exceptions->errorHandler(2, 'Undefined array key ""', 'APPPATH\\Views\\template\\end.php', 2218)
 2 SYSTEMPATH\View\View.php(213): include('APPPATH\\Views\\template\\end.php')
 3 SYSTEMPATH\View\View.php(216): CodeIgniter\View\View->CodeIgniter\View\{closure}()
 4 SYSTEMPATH\Common.php(1142): CodeIgniter\View\View->render('template/end', [], true)
 5 APPPATH\Controllers\General_control.php(211): view('template/end', [...])
 6 SYSTEMPATH\CodeIgniter.php(902): App\Controllers\General_control->index()
 7 SYSTEMPATH\CodeIgniter.php(457): CodeIgniter\CodeIgniter->runController(Object(App\Controllers\General_control))
 8 SYSTEMPATH\CodeIgniter.php(340): CodeIgniter\CodeIgniter->handleRequest(null, Object(Config\Cache), false)
 9 FCPATH\index.php(67): CodeIgniter\CodeIgniter->run()
CRITICAL - 2024-05-13 12:43:12 --> Array to string conversion
in APPPATH\Controllers\Game_control.php on line 1208.
 1 APPPATH\Controllers\Game_control.php(1208): CodeIgniter\Debug\Exceptions->errorHandler(2, 'Array to string conversion', 'APPPATH\\Controllers\\Game_control.php', 1208)
 2 SYSTEMPATH\CodeIgniter.php(902): App\Controllers\Game_control->casinoList()
 3 SYSTEMPATH\CodeIgniter.php(457): CodeIgniter\CodeIgniter->runController(Object(App\Controllers\Game_control))
 4 SYSTEMPATH\CodeIgniter.php(340): CodeIgniter\CodeIgniter->handleRequest(null, Object(Config\Cache), false)
 5 FCPATH\index.php(67): CodeIgniter\CodeIgniter->run()
CRITICAL - 2024-05-13 12:43:33 --> Array to string conversion
in APPPATH\Controllers\Game_control.php on line 1208.
 1 APPPATH\Controllers\Game_control.php(1208): CodeIgniter\Debug\Exceptions->errorHandler(2, 'Array to string conversion', 'APPPATH\\Controllers\\Game_control.php', 1208)
 2 SYSTEMPATH\CodeIgniter.php(902): App\Controllers\Game_control->casinoList()
 3 SYSTEMPATH\CodeIgniter.php(457): CodeIgniter\CodeIgniter->runController(Object(App\Controllers\Game_control))
 4 SYSTEMPATH\CodeIgniter.php(340): CodeIgniter\CodeIgniter->handleRequest(null, Object(Config\Cache), false)
 5 FCPATH\index.php(67): CodeIgniter\CodeIgniter->run()
CRITICAL - 2024-05-13 12:44:28 --> Array to string conversion
in APPPATH\Controllers\Game_control.php on line 1208.
 1 APPPATH\Controllers\Game_control.php(1208): CodeIgniter\Debug\Exceptions->errorHandler(2, 'Array to string conversion', 'APPPATH\\Controllers\\Game_control.php', 1208)
 2 SYSTEMPATH\CodeIgniter.php(902): App\Controllers\Game_control->casinoList()
 3 SYSTEMPATH\CodeIgniter.php(457): CodeIgniter\CodeIgniter->runController(Object(App\Controllers\Game_control))
 4 SYSTEMPATH\CodeIgniter.php(340): CodeIgniter\CodeIgniter->handleRequest(null, Object(Config\Cache), false)
 5 FCPATH\index.php(67): CodeIgniter\CodeIgniter->run()
CRITICAL - 2024-05-13 12:45:16 --> Array to string conversion
in APPPATH\Controllers\Game_control.php on line 1196.
 1 APPPATH\Controllers\Game_control.php(1196): CodeIgniter\Debug\Exceptions->errorHandler(2, 'Array to string conversion', 'APPPATH\\Controllers\\Game_control.php', 1196)
 2 SYSTEMPATH\CodeIgniter.php(902): App\Controllers\Game_control->casinoList()
 3 SYSTEMPATH\CodeIgniter.php(457): CodeIgniter\CodeIgniter->runController(Object(App\Controllers\Game_control))
 4 SYSTEMPATH\CodeIgniter.php(340): CodeIgniter\CodeIgniter->handleRequest(null, Object(Config\Cache), false)
 5 FCPATH\index.php(67): CodeIgniter\CodeIgniter->run()
CRITICAL - 2024-05-13 12:52:05 --> Array to string conversion
in APPPATH\Controllers\Game_control.php on line 1202.
 1 APPPATH\Controllers\Game_control.php(1202): CodeIgniter\Debug\Exceptions->errorHandler(2, 'Array to string conversion', 'APPPATH\\Controllers\\Game_control.php', 1202)
 2 SYSTEMPATH\CodeIgniter.php(902): App\Controllers\Game_control->casinoList()
 3 SYSTEMPATH\CodeIgniter.php(457): CodeIgniter\CodeIgniter->runController(Object(App\Controllers\Game_control))
 4 SYSTEMPATH\CodeIgniter.php(340): CodeIgniter\CodeIgniter->handleRequest(null, Object(Config\Cache), false)
 5 FCPATH\index.php(67): CodeIgniter\CodeIgniter->run()
CRITICAL - 2024-05-13 12:55:09 --> Array to string conversion
in APPPATH\Controllers\Game_control.php on line 1202.
 1 APPPATH\Controllers\Game_control.php(1202): CodeIgniter\Debug\Exceptions->errorHandler(2, 'Array to string conversion', 'APPPATH\\Controllers\\Game_control.php', 1202)
 2 SYSTEMPATH\CodeIgniter.php(902): App\Controllers\Game_control->casinoList()
 3 SYSTEMPATH\CodeIgniter.php(457): CodeIgniter\CodeIgniter->runController(Object(App\Controllers\Game_control))
 4 SYSTEMPATH\CodeIgniter.php(340): CodeIgniter\CodeIgniter->handleRequest(null, Object(Config\Cache), false)
 5 FCPATH\index.php(67): CodeIgniter\CodeIgniter->run()
CRITICAL - 2024-05-13 13:01:05 --> Array to string conversion
in APPPATH\Controllers\Game_control.php on line 1202.
 1 APPPATH\Controllers\Game_control.php(1202): CodeIgniter\Debug\Exceptions->errorHandler(2, 'Array to string conversion', 'APPPATH\\Controllers\\Game_control.php', 1202)
 2 SYSTEMPATH\CodeIgniter.php(902): App\Controllers\Game_control->casinoList()
 3 SYSTEMPATH\CodeIgniter.php(457): CodeIgniter\CodeIgniter->runController(Object(App\Controllers\Game_control))
 4 SYSTEMPATH\CodeIgniter.php(340): CodeIgniter\CodeIgniter->handleRequest(null, Object(Config\Cache), false)
 5 FCPATH\index.php(67): CodeIgniter\CodeIgniter->run()
CRITICAL - 2024-05-13 14:17:58 --> Undefined variable $platform
in APPPATH\Controllers\Game_control.php on line 1583.
 1 APPPATH\Controllers\Game_control.php(1583): CodeIgniter\Debug\Exceptions->errorHandler(2, 'Undefined variable $platform', 'APPPATH\\Controllers\\Game_control.php', 1583)
 2 SYSTEMPATH\CodeIgniter.php(902): App\Controllers\Game_control->lotteryList()
 3 SYSTEMPATH\CodeIgniter.php(457): CodeIgniter\CodeIgniter->runController(Object(App\Controllers\Game_control))
 4 SYSTEMPATH\CodeIgniter.php(340): CodeIgniter\CodeIgniter->handleRequest(null, Object(Config\Cache), false)
 5 FCPATH\index.php(67): CodeIgniter\CodeIgniter->run()
CRITICAL - 2024-05-13 14:18:00 --> Undefined variable $platform
in APPPATH\Controllers\Game_control.php on line 1583.
 1 APPPATH\Controllers\Game_control.php(1583): CodeIgniter\Debug\Exceptions->errorHandler(2, 'Undefined variable $platform', 'APPPATH\\Controllers\\Game_control.php', 1583)
 2 SYSTEMPATH\CodeIgniter.php(902): App\Controllers\Game_control->lotteryList()
 3 SYSTEMPATH\CodeIgniter.php(457): CodeIgniter\CodeIgniter->runController(Object(App\Controllers\Game_control))
 4 SYSTEMPATH\CodeIgniter.php(340): CodeIgniter\CodeIgniter->handleRequest(null, Object(Config\Cache), false)
 5 FCPATH\index.php(67): CodeIgniter\CodeIgniter->run()
CRITICAL - 2024-05-13 20:18:00 --> Array to string conversion
in APPPATH\Controllers\Game_control.php on line 1354.
 1 APPPATH\Controllers\Game_control.php(1354): CodeIgniter\Debug\Exceptions->errorHandler(2, 'Array to string conversion', 'APPPATH\\Controllers\\Game_control.php', 1354)
 2 SYSTEMPATH\CodeIgniter.php(902): App\Controllers\Game_control->sportList()
 3 SYSTEMPATH\CodeIgniter.php(457): CodeIgniter\CodeIgniter->runController(Object(App\Controllers\Game_control))
 4 SYSTEMPATH\CodeIgniter.php(340): CodeIgniter\CodeIgniter->handleRequest(null, Object(Config\Cache), false)
 5 FCPATH\index.php(67): CodeIgniter\CodeIgniter->run()
CRITICAL - 2024-05-13 20:18:06 --> Array to string conversion
in APPPATH\Controllers\Game_control.php on line 1354.
 1 APPPATH\Controllers\Game_control.php(1354): CodeIgniter\Debug\Exceptions->errorHandler(2, 'Array to string conversion', 'APPPATH\\Controllers\\Game_control.php', 1354)
 2 SYSTEMPATH\CodeIgniter.php(902): App\Controllers\Game_control->sportList()
 3 SYSTEMPATH\CodeIgniter.php(457): CodeIgniter\CodeIgniter->runController(Object(App\Controllers\Game_control))
 4 SYSTEMPATH\CodeIgniter.php(340): CodeIgniter\CodeIgniter->handleRequest(null, Object(Config\Cache), false)
 5 FCPATH\index.php(67): CodeIgniter\CodeIgniter->run()
CRITICAL - 2024-05-13 20:18:22 --> Array to string conversion
in APPPATH\Controllers\Game_control.php on line 1247.
 1 APPPATH\Controllers\Game_control.php(1247): CodeIgniter\Debug\Exceptions->errorHandler(2, 'Array to string conversion', 'APPPATH\\Controllers\\Game_control.php', 1247)
 2 SYSTEMPATH\CodeIgniter.php(902): App\Controllers\Game_control->casinoList()
 3 SYSTEMPATH\CodeIgniter.php(457): CodeIgniter\CodeIgniter->runController(Object(App\Controllers\Game_control))
 4 SYSTEMPATH\CodeIgniter.php(340): CodeIgniter\CodeIgniter->handleRequest(null, Object(Config\Cache), false)
 5 FCPATH\index.php(67): CodeIgniter\CodeIgniter->run()
CRITICAL - 2024-05-13 20:18:24 --> Array to string conversion
in APPPATH\Controllers\Game_control.php on line 1354.
 1 APPPATH\Controllers\Game_control.php(1354): CodeIgniter\Debug\Exceptions->errorHandler(2, 'Array to string conversion', 'APPPATH\\Controllers\\Game_control.php', 1354)
 2 SYSTEMPATH\CodeIgniter.php(902): App\Controllers\Game_control->sportList()
 3 SYSTEMPATH\CodeIgniter.php(457): CodeIgniter\CodeIgniter->runController(Object(App\Controllers\Game_control))
 4 SYSTEMPATH\CodeIgniter.php(340): CodeIgniter\CodeIgniter->handleRequest(null, Object(Config\Cache), false)
 5 FCPATH\index.php(67): CodeIgniter\CodeIgniter->run()
CRITICAL - 2024-05-13 20:18:27 --> Array to string conversion
in APPPATH\Controllers\Game_control.php on line 1630.
 1 APPPATH\Controllers\Game_control.php(1630): CodeIgniter\Debug\Exceptions->errorHandler(2, 'Array to string conversion', 'APPPATH\\Controllers\\Game_control.php', 1630)
 2 SYSTEMPATH\CodeIgniter.php(902): App\Controllers\Game_control->lotteryList()
 3 SYSTEMPATH\CodeIgniter.php(457): CodeIgniter\CodeIgniter->runController(Object(App\Controllers\Game_control))
 4 SYSTEMPATH\CodeIgniter.php(340): CodeIgniter\CodeIgniter->handleRequest(null, Object(Config\Cache), false)
 5 FCPATH\index.php(67): CodeIgniter\CodeIgniter->run()
CRITICAL - 2024-05-13 20:18:29 --> Array to string conversion
in APPPATH\Controllers\Game_control.php on line 1247.
 1 APPPATH\Controllers\Game_control.php(1247): CodeIgniter\Debug\Exceptions->errorHandler(2, 'Array to string conversion', 'APPPATH\\Controllers\\Game_control.php', 1247)
 2 SYSTEMPATH\CodeIgniter.php(902): App\Controllers\Game_control->casinoList()
 3 SYSTEMPATH\CodeIgniter.php(457): CodeIgniter\CodeIgniter->runController(Object(App\Controllers\Game_control))
 4 SYSTEMPATH\CodeIgniter.php(340): CodeIgniter\CodeIgniter->handleRequest(null, Object(Config\Cache), false)
 5 FCPATH\index.php(67): CodeIgniter\CodeIgniter->run()
CRITICAL - 2024-05-13 20:20:38 --> Array to string conversion
in APPPATH\Controllers\Game_control.php on line 1248.
 1 APPPATH\Controllers\Game_control.php(1248): CodeIgniter\Debug\Exceptions->errorHandler(2, 'Array to string conversion', 'APPPATH\\Controllers\\Game_control.php', 1248)
 2 SYSTEMPATH\CodeIgniter.php(902): App\Controllers\Game_control->casinoList()
 3 SYSTEMPATH\CodeIgniter.php(457): CodeIgniter\CodeIgniter->runController(Object(App\Controllers\Game_control))
 4 SYSTEMPATH\CodeIgniter.php(340): CodeIgniter\CodeIgniter->handleRequest(null, Object(Config\Cache), false)
 5 FCPATH\index.php(67): CodeIgniter\CodeIgniter->run()
CRITICAL - 2024-05-13 20:23:23 --> Array to string conversion
in APPPATH\Controllers\Game_control.php on line 1354.
 1 APPPATH\Controllers\Game_control.php(1354): CodeIgniter\Debug\Exceptions->errorHandler(2, 'Array to string conversion', 'APPPATH\\Controllers\\Game_control.php', 1354)
 2 SYSTEMPATH\CodeIgniter.php(902): App\Controllers\Game_control->sportList()
 3 SYSTEMPATH\CodeIgniter.php(457): CodeIgniter\CodeIgniter->runController(Object(App\Controllers\Game_control))
 4 SYSTEMPATH\CodeIgniter.php(340): CodeIgniter\CodeIgniter->handleRequest(null, Object(Config\Cache), false)
 5 FCPATH\index.php(67): CodeIgniter\CodeIgniter->run()
CRITICAL - 2024-05-13 20:23:30 --> Array to string conversion
in APPPATH\Controllers\Game_control.php on line 1121.
 1 APPPATH\Controllers\Game_control.php(1121): CodeIgniter\Debug\Exceptions->errorHandler(2, 'Array to string conversion', 'APPPATH\\Controllers\\Game_control.php', 1121)
 2 SYSTEMPATH\CodeIgniter.php(902): App\Controllers\Game_control->slotList()
 3 SYSTEMPATH\CodeIgniter.php(457): CodeIgniter\CodeIgniter->runController(Object(App\Controllers\Game_control))
 4 SYSTEMPATH\CodeIgniter.php(340): CodeIgniter\CodeIgniter->handleRequest(null, Object(Config\Cache), false)
 5 FCPATH\index.php(67): CodeIgniter\CodeIgniter->run()
CRITICAL - 2024-05-13 20:23:33 --> Array to string conversion
in APPPATH\Controllers\Game_control.php on line 1643.
 1 APPPATH\Controllers\Game_control.php(1643): CodeIgniter\Debug\Exceptions->errorHandler(2, 'Array to string conversion', 'APPPATH\\Controllers\\Game_control.php', 1643)
 2 SYSTEMPATH\CodeIgniter.php(902): App\Controllers\Game_control->lotteryList()
 3 SYSTEMPATH\CodeIgniter.php(457): CodeIgniter\CodeIgniter->runController(Object(App\Controllers\Game_control))
 4 SYSTEMPATH\CodeIgniter.php(340): CodeIgniter\CodeIgniter->handleRequest(null, Object(Config\Cache), false)
 5 FCPATH\index.php(67): CodeIgniter\CodeIgniter->run()
CRITICAL - 2024-05-13 20:24:18 --> Array to string conversion
in APPPATH\Controllers\Game_control.php on line 1121.
 1 APPPATH\Controllers\Game_control.php(1121): CodeIgniter\Debug\Exceptions->errorHandler(2, 'Array to string conversion', 'APPPATH\\Controllers\\Game_control.php', 1121)
 2 SYSTEMPATH\CodeIgniter.php(902): App\Controllers\Game_control->slotList()
 3 SYSTEMPATH\CodeIgniter.php(457): CodeIgniter\CodeIgniter->runController(Object(App\Controllers\Game_control))
 4 SYSTEMPATH\CodeIgniter.php(340): CodeIgniter\CodeIgniter->handleRequest(null, Object(Config\Cache), false)
 5 FCPATH\index.php(67): CodeIgniter\CodeIgniter->run()
CRITICAL - 2024-05-13 20:24:18 --> Array to string conversion
in APPPATH\Controllers\Game_control.php on line 1370.
 1 APPPATH\Controllers\Game_control.php(1370): CodeIgniter\Debug\Exceptions->errorHandler(2, 'Array to string conversion', 'APPPATH\\Controllers\\Game_control.php', 1370)
 2 SYSTEMPATH\CodeIgniter.php(902): App\Controllers\Game_control->sportList()
 3 SYSTEMPATH\CodeIgniter.php(457): CodeIgniter\CodeIgniter->runController(Object(App\Controllers\Game_control))
 4 SYSTEMPATH\CodeIgniter.php(340): CodeIgniter\CodeIgniter->handleRequest(null, Object(Config\Cache), false)
 5 FCPATH\index.php(67): CodeIgniter\CodeIgniter->run()
CRITICAL - 2024-05-13 20:26:02 --> Array to string conversion
in APPPATH\Controllers\Game_control.php on line 1121.
 1 APPPATH\Controllers\Game_control.php(1121): CodeIgniter\Debug\Exceptions->errorHandler(2, 'Array to string conversion', 'APPPATH\\Controllers\\Game_control.php', 1121)
 2 SYSTEMPATH\CodeIgniter.php(902): App\Controllers\Game_control->slotList()
 3 SYSTEMPATH\CodeIgniter.php(457): CodeIgniter\CodeIgniter->runController(Object(App\Controllers\Game_control))
 4 SYSTEMPATH\CodeIgniter.php(340): CodeIgniter\CodeIgniter->handleRequest(null, Object(Config\Cache), false)
 5 FCPATH\index.php(67): CodeIgniter\CodeIgniter->run()
CRITICAL - 2024-05-13 20:26:03 --> Array to string conversion
in APPPATH\Controllers\Game_control.php on line 1367.
 1 APPPATH\Controllers\Game_control.php(1367): CodeIgniter\Debug\Exceptions->errorHandler(2, 'Array to string conversion', 'APPPATH\\Controllers\\Game_control.php', 1367)
 2 SYSTEMPATH\CodeIgniter.php(902): App\Controllers\Game_control->sportList()
 3 SYSTEMPATH\CodeIgniter.php(457): CodeIgniter\CodeIgniter->runController(Object(App\Controllers\Game_control))
 4 SYSTEMPATH\CodeIgniter.php(340): CodeIgniter\CodeIgniter->handleRequest(null, Object(Config\Cache), false)
 5 FCPATH\index.php(67): CodeIgniter\CodeIgniter->run()
CRITICAL - 2024-05-13 20:26:05 --> Array to string conversion
in APPPATH\Controllers\Game_control.php on line 1258.
 1 APPPATH\Controllers\Game_control.php(1258): CodeIgniter\Debug\Exceptions->errorHandler(2, 'Array to string conversion', 'APPPATH\\Controllers\\Game_control.php', 1258)
 2 SYSTEMPATH\CodeIgniter.php(902): App\Controllers\Game_control->casinoList()
 3 SYSTEMPATH\CodeIgniter.php(457): CodeIgniter\CodeIgniter->runController(Object(App\Controllers\Game_control))
 4 SYSTEMPATH\CodeIgniter.php(340): CodeIgniter\CodeIgniter->handleRequest(null, Object(Config\Cache), false)
 5 FCPATH\index.php(67): CodeIgniter\CodeIgniter->run()
CRITICAL - 2024-05-13 20:26:22 --> Array to string conversion
in APPPATH\Controllers\Game_control.php on line 1121.
 1 APPPATH\Controllers\Game_control.php(1121): CodeIgniter\Debug\Exceptions->errorHandler(2, 'Array to string conversion', 'APPPATH\\Controllers\\Game_control.php', 1121)
 2 SYSTEMPATH\CodeIgniter.php(902): App\Controllers\Game_control->slotList()
 3 SYSTEMPATH\CodeIgniter.php(457): CodeIgniter\CodeIgniter->runController(Object(App\Controllers\Game_control))
 4 SYSTEMPATH\CodeIgniter.php(340): CodeIgniter\CodeIgniter->handleRequest(null, Object(Config\Cache), false)
 5 FCPATH\index.php(67): CodeIgniter\CodeIgniter->run()
CRITICAL - 2024-05-13 20:26:23 --> Array to string conversion
in APPPATH\Controllers\Game_control.php on line 1367.
 1 APPPATH\Controllers\Game_control.php(1367): CodeIgniter\Debug\Exceptions->errorHandler(2, 'Array to string conversion', 'APPPATH\\Controllers\\Game_control.php', 1367)
 2 SYSTEMPATH\CodeIgniter.php(902): App\Controllers\Game_control->sportList()
 3 SYSTEMPATH\CodeIgniter.php(457): CodeIgniter\CodeIgniter->runController(Object(App\Controllers\Game_control))
 4 SYSTEMPATH\CodeIgniter.php(340): CodeIgniter\CodeIgniter->handleRequest(null, Object(Config\Cache), false)
 5 FCPATH\index.php(67): CodeIgniter\CodeIgniter->run()
CRITICAL - 2024-05-13 20:26:25 --> Array to string conversion
in APPPATH\Controllers\Game_control.php on line 1247.
 1 APPPATH\Controllers\Game_control.php(1247): CodeIgniter\Debug\Exceptions->errorHandler(2, 'Array to string conversion', 'APPPATH\\Controllers\\Game_control.php', 1247)
 2 SYSTEMPATH\CodeIgniter.php(902): App\Controllers\Game_control->casinoList()
 3 SYSTEMPATH\CodeIgniter.php(457): CodeIgniter\CodeIgniter->runController(Object(App\Controllers\Game_control))
 4 SYSTEMPATH\CodeIgniter.php(340): CodeIgniter\CodeIgniter->handleRequest(null, Object(Config\Cache), false)
 5 FCPATH\index.php(67): CodeIgniter\CodeIgniter->run()
CRITICAL - 2024-05-13 20:30:44 --> Array to string conversion
in APPPATH\Controllers\Game_control.php on line 1121.
 1 APPPATH\Controllers\Game_control.php(1121): CodeIgniter\Debug\Exceptions->errorHandler(2, 'Array to string conversion', 'APPPATH\\Controllers\\Game_control.php', 1121)
 2 SYSTEMPATH\CodeIgniter.php(902): App\Controllers\Game_control->slotList()
 3 SYSTEMPATH\CodeIgniter.php(457): CodeIgniter\CodeIgniter->runController(Object(App\Controllers\Game_control))
 4 SYSTEMPATH\CodeIgniter.php(340): CodeIgniter\CodeIgniter->handleRequest(null, Object(Config\Cache), false)
 5 FCPATH\index.php(67): CodeIgniter\CodeIgniter->run()
CRITICAL - 2024-05-13 20:30:45 --> Array to string conversion
in APPPATH\Controllers\Game_control.php on line 1343.
 1 APPPATH\Controllers\Game_control.php(1343): CodeIgniter\Debug\Exceptions->errorHandler(2, 'Array to string conversion', 'APPPATH\\Controllers\\Game_control.php', 1343)
 2 SYSTEMPATH\CodeIgniter.php(902): App\Controllers\Game_control->sportList()
 3 SYSTEMPATH\CodeIgniter.php(457): CodeIgniter\CodeIgniter->runController(Object(App\Controllers\Game_control))
 4 SYSTEMPATH\CodeIgniter.php(340): CodeIgniter\CodeIgniter->handleRequest(null, Object(Config\Cache), false)
 5 FCPATH\index.php(67): CodeIgniter\CodeIgniter->run()
CRITICAL - 2024-05-13 20:31:50 --> Array to string conversion
in APPPATH\Controllers\Game_control.php on line 1121.
 1 APPPATH\Controllers\Game_control.php(1121): CodeIgniter\Debug\Exceptions->errorHandler(2, 'Array to string conversion', 'APPPATH\\Controllers\\Game_control.php', 1121)
 2 SYSTEMPATH\CodeIgniter.php(902): App\Controllers\Game_control->slotList()
 3 SYSTEMPATH\CodeIgniter.php(457): CodeIgniter\CodeIgniter->runController(Object(App\Controllers\Game_control))
 4 SYSTEMPATH\CodeIgniter.php(340): CodeIgniter\CodeIgniter->handleRequest(null, Object(Config\Cache), false)
 5 FCPATH\index.php(67): CodeIgniter\CodeIgniter->run()
CRITICAL - 2024-05-13 20:31:51 --> Array to string conversion
in APPPATH\Controllers\Game_control.php on line 1346.
 1 APPPATH\Controllers\Game_control.php(1346): CodeIgniter\Debug\Exceptions->errorHandler(2, 'Array to string conversion', 'APPPATH\\Controllers\\Game_control.php', 1346)
 2 SYSTEMPATH\CodeIgniter.php(902): App\Controllers\Game_control->sportList()
 3 SYSTEMPATH\CodeIgniter.php(457): CodeIgniter\CodeIgniter->runController(Object(App\Controllers\Game_control))
 4 SYSTEMPATH\CodeIgniter.php(340): CodeIgniter\CodeIgniter->handleRequest(null, Object(Config\Cache), false)
 5 FCPATH\index.php(67): CodeIgniter\CodeIgniter->run()
CRITICAL - 2024-05-13 20:32:07 --> Array to string conversion
in APPPATH\Controllers\Game_control.php on line 1121.
 1 APPPATH\Controllers\Game_control.php(1121): CodeIgniter\Debug\Exceptions->errorHandler(2, 'Array to string conversion', 'APPPATH\\Controllers\\Game_control.php', 1121)
 2 SYSTEMPATH\CodeIgniter.php(902): App\Controllers\Game_control->slotList()
 3 SYSTEMPATH\CodeIgniter.php(457): CodeIgniter\CodeIgniter->runController(Object(App\Controllers\Game_control))
 4 SYSTEMPATH\CodeIgniter.php(340): CodeIgniter\CodeIgniter->handleRequest(null, Object(Config\Cache), false)
 5 FCPATH\index.php(67): CodeIgniter\CodeIgniter->run()
CRITICAL - 2024-05-13 20:32:08 --> Array to string conversion
in APPPATH\Controllers\Game_control.php on line 1349.
 1 APPPATH\Controllers\Game_control.php(1349): CodeIgniter\Debug\Exceptions->errorHandler(2, 'Array to string conversion', 'APPPATH\\Controllers\\Game_control.php', 1349)
 2 SYSTEMPATH\CodeIgniter.php(902): App\Controllers\Game_control->sportList()
 3 SYSTEMPATH\CodeIgniter.php(457): CodeIgniter\CodeIgniter->runController(Object(App\Controllers\Game_control))
 4 SYSTEMPATH\CodeIgniter.php(340): CodeIgniter\CodeIgniter->handleRequest(null, Object(Config\Cache), false)
 5 FCPATH\index.php(67): CodeIgniter\CodeIgniter->run()
CRITICAL - 2024-05-13 20:35:07 --> Array to string conversion
in APPPATH\Controllers\Game_control.php on line 1121.
 1 APPPATH\Controllers\Game_control.php(1121): CodeIgniter\Debug\Exceptions->errorHandler(2, 'Array to string conversion', 'APPPATH\\Controllers\\Game_control.php', 1121)
 2 SYSTEMPATH\CodeIgniter.php(902): App\Controllers\Game_control->slotList()
 3 SYSTEMPATH\CodeIgniter.php(457): CodeIgniter\CodeIgniter->runController(Object(App\Controllers\Game_control))
 4 SYSTEMPATH\CodeIgniter.php(340): CodeIgniter\CodeIgniter->handleRequest(null, Object(Config\Cache), false)
 5 FCPATH\index.php(67): CodeIgniter\CodeIgniter->run()
CRITICAL - 2024-05-13 20:35:07 --> Array to string conversion
in APPPATH\Controllers\Game_control.php on line 1357.
 1 APPPATH\Controllers\Game_control.php(1357): CodeIgniter\Debug\Exceptions->errorHandler(2, 'Array to string conversion', 'APPPATH\\Controllers\\Game_control.php', 1357)
 2 SYSTEMPATH\CodeIgniter.php(902): App\Controllers\Game_control->sportList()
 3 SYSTEMPATH\CodeIgniter.php(457): CodeIgniter\CodeIgniter->runController(Object(App\Controllers\Game_control))
 4 SYSTEMPATH\CodeIgniter.php(340): CodeIgniter\CodeIgniter->handleRequest(null, Object(Config\Cache), false)
 5 FCPATH\index.php(67): CodeIgniter\CodeIgniter->run()
CRITICAL - 2024-05-13 20:35:44 --> Array to string conversion
in APPPATH\Controllers\Game_control.php on line 1121.
 1 APPPATH\Controllers\Game_control.php(1121): CodeIgniter\Debug\Exceptions->errorHandler(2, 'Array to string conversion', 'APPPATH\\Controllers\\Game_control.php', 1121)
 2 SYSTEMPATH\CodeIgniter.php(902): App\Controllers\Game_control->slotList()
 3 SYSTEMPATH\CodeIgniter.php(457): CodeIgniter\CodeIgniter->runController(Object(App\Controllers\Game_control))
 4 SYSTEMPATH\CodeIgniter.php(340): CodeIgniter\CodeIgniter->handleRequest(null, Object(Config\Cache), false)
 5 FCPATH\index.php(67): CodeIgniter\CodeIgniter->run()
CRITICAL - 2024-05-13 20:35:44 --> Array to string conversion
in APPPATH\Controllers\Game_control.php on line 1365.
 1 APPPATH\Controllers\Game_control.php(1365): CodeIgniter\Debug\Exceptions->errorHandler(2, 'Array to string conversion', 'APPPATH\\Controllers\\Game_control.php', 1365)
 2 SYSTEMPATH\CodeIgniter.php(902): App\Controllers\Game_control->sportList()
 3 SYSTEMPATH\CodeIgniter.php(457): CodeIgniter\CodeIgniter->runController(Object(App\Controllers\Game_control))
 4 SYSTEMPATH\CodeIgniter.php(340): CodeIgniter\CodeIgniter->handleRequest(null, Object(Config\Cache), false)
 5 FCPATH\index.php(67): CodeIgniter\CodeIgniter->run()
CRITICAL - 2024-05-13 20:36:13 --> Array to string conversion
in APPPATH\Controllers\Game_control.php on line 1353.
 1 APPPATH\Controllers\Game_control.php(1353): CodeIgniter\Debug\Exceptions->errorHandler(2, 'Array to string conversion', 'APPPATH\\Controllers\\Game_control.php', 1353)
 2 SYSTEMPATH\CodeIgniter.php(902): App\Controllers\Game_control->sportList()
 3 SYSTEMPATH\CodeIgniter.php(457): CodeIgniter\CodeIgniter->runController(Object(App\Controllers\Game_control))
 4 SYSTEMPATH\CodeIgniter.php(340): CodeIgniter\CodeIgniter->handleRequest(null, Object(Config\Cache), false)
 5 FCPATH\index.php(67): CodeIgniter\CodeIgniter->run()
CRITICAL - 2024-05-13 20:36:15 --> Array to string conversion
in APPPATH\Controllers\Game_control.php on line 1248.
 1 APPPATH\Controllers\Game_control.php(1248): CodeIgniter\Debug\Exceptions->errorHandler(2, 'Array to string conversion', 'APPPATH\\Controllers\\Game_control.php', 1248)
 2 SYSTEMPATH\CodeIgniter.php(902): App\Controllers\Game_control->casinoList()
 3 SYSTEMPATH\CodeIgniter.php(457): CodeIgniter\CodeIgniter->runController(Object(App\Controllers\Game_control))
 4 SYSTEMPATH\CodeIgniter.php(340): CodeIgniter\CodeIgniter->handleRequest(null, Object(Config\Cache), false)
 5 FCPATH\index.php(67): CodeIgniter\CodeIgniter->run()
CRITICAL - 2024-05-13 20:36:26 --> Array to string conversion
in APPPATH\Controllers\Game_control.php on line 1353.
 1 APPPATH\Controllers\Game_control.php(1353): CodeIgniter\Debug\Exceptions->errorHandler(2, 'Array to string conversion', 'APPPATH\\Controllers\\Game_control.php', 1353)
 2 SYSTEMPATH\CodeIgniter.php(902): App\Controllers\Game_control->sportList()
 3 SYSTEMPATH\CodeIgniter.php(457): CodeIgniter\CodeIgniter->runController(Object(App\Controllers\Game_control))
 4 SYSTEMPATH\CodeIgniter.php(340): CodeIgniter\CodeIgniter->handleRequest(null, Object(Config\Cache), false)
 5 FCPATH\index.php(67): CodeIgniter\CodeIgniter->run()
CRITICAL - 2024-05-13 20:36:28 --> Array to string conversion
in APPPATH\Controllers\Game_control.php on line 1250.
 1 APPPATH\Controllers\Game_control.php(1250): CodeIgniter\Debug\Exceptions->errorHandler(2, 'Array to string conversion', 'APPPATH\\Controllers\\Game_control.php', 1250)
 2 SYSTEMPATH\CodeIgniter.php(902): App\Controllers\Game_control->casinoList()
 3 SYSTEMPATH\CodeIgniter.php(457): CodeIgniter\CodeIgniter->runController(Object(App\Controllers\Game_control))
 4 SYSTEMPATH\CodeIgniter.php(340): CodeIgniter\CodeIgniter->handleRequest(null, Object(Config\Cache), false)
 5 FCPATH\index.php(67): CodeIgniter\CodeIgniter->run()
CRITICAL - 2024-05-13 20:36:45 --> Array to string conversion
in APPPATH\Controllers\Game_control.php on line 1353.
 1 APPPATH\Controllers\Game_control.php(1353): CodeIgniter\Debug\Exceptions->errorHandler(2, 'Array to string conversion', 'APPPATH\\Controllers\\Game_control.php', 1353)
 2 SYSTEMPATH\CodeIgniter.php(902): App\Controllers\Game_control->sportList()
 3 SYSTEMPATH\CodeIgniter.php(457): CodeIgniter\CodeIgniter->runController(Object(App\Controllers\Game_control))
 4 SYSTEMPATH\CodeIgniter.php(340): CodeIgniter\CodeIgniter->handleRequest(null, Object(Config\Cache), false)
 5 FCPATH\index.php(67): CodeIgniter\CodeIgniter->run()
CRITICAL - 2024-05-13 20:36:48 --> Array to string conversion
in APPPATH\Controllers\Game_control.php on line 1248.
 1 APPPATH\Controllers\Game_control.php(1248): CodeIgniter\Debug\Exceptions->errorHandler(2, 'Array to string conversion', 'APPPATH\\Controllers\\Game_control.php', 1248)
 2 SYSTEMPATH\CodeIgniter.php(902): App\Controllers\Game_control->casinoList()
 3 SYSTEMPATH\CodeIgniter.php(457): CodeIgniter\CodeIgniter->runController(Object(App\Controllers\Game_control))
 4 SYSTEMPATH\CodeIgniter.php(340): CodeIgniter\CodeIgniter->handleRequest(null, Object(Config\Cache), false)
 5 FCPATH\index.php(67): CodeIgniter\CodeIgniter->run()
CRITICAL - 2024-05-13 20:37:34 --> Array to string conversion
in APPPATH\Controllers\Game_control.php on line 1341.
 1 APPPATH\Controllers\Game_control.php(1341): CodeIgniter\Debug\Exceptions->errorHandler(2, 'Array to string conversion', 'APPPATH\\Controllers\\Game_control.php', 1341)
 2 SYSTEMPATH\CodeIgniter.php(902): App\Controllers\Game_control->sportList()
 3 SYSTEMPATH\CodeIgniter.php(457): CodeIgniter\CodeIgniter->runController(Object(App\Controllers\Game_control))
 4 SYSTEMPATH\CodeIgniter.php(340): CodeIgniter\CodeIgniter->handleRequest(null, Object(Config\Cache), false)
 5 FCPATH\index.php(67): CodeIgniter\CodeIgniter->run()
CRITICAL - 2024-05-13 20:37:44 --> Array to string conversion
in APPPATH\Controllers\Game_control.php on line 1353.
 1 APPPATH\Controllers\Game_control.php(1353): CodeIgniter\Debug\Exceptions->errorHandler(2, 'Array to string conversion', 'APPPATH\\Controllers\\Game_control.php', 1353)
 2 SYSTEMPATH\CodeIgniter.php(902): App\Controllers\Game_control->sportList()
 3 SYSTEMPATH\CodeIgniter.php(457): CodeIgniter\CodeIgniter->runController(Object(App\Controllers\Game_control))
 4 SYSTEMPATH\CodeIgniter.php(340): CodeIgniter\CodeIgniter->handleRequest(null, Object(Config\Cache), false)
 5 FCPATH\index.php(67): CodeIgniter\CodeIgniter->run()
CRITICAL - 2024-05-13 20:37:46 --> Array to string conversion
in APPPATH\Controllers\Game_control.php on line 1248.
 1 APPPATH\Controllers\Game_control.php(1248): CodeIgniter\Debug\Exceptions->errorHandler(2, 'Array to string conversion', 'APPPATH\\Controllers\\Game_control.php', 1248)
 2 SYSTEMPATH\CodeIgniter.php(902): App\Controllers\Game_control->casinoList()
 3 SYSTEMPATH\CodeIgniter.php(457): CodeIgniter\CodeIgniter->runController(Object(App\Controllers\Game_control))
 4 SYSTEMPATH\CodeIgniter.php(340): CodeIgniter\CodeIgniter->handleRequest(null, Object(Config\Cache), false)
 5 FCPATH\index.php(67): CodeIgniter\CodeIgniter->run()
CRITICAL - 2024-05-13 20:38:20 --> Array to string conversion
in APPPATH\Controllers\Game_control.php on line 1353.
 1 APPPATH\Controllers\Game_control.php(1353): CodeIgniter\Debug\Exceptions->errorHandler(2, 'Array to string conversion', 'APPPATH\\Controllers\\Game_control.php', 1353)
 2 SYSTEMPATH\CodeIgniter.php(902): App\Controllers\Game_control->sportList()
 3 SYSTEMPATH\CodeIgniter.php(457): CodeIgniter\CodeIgniter->runController(Object(App\Controllers\Game_control))
 4 SYSTEMPATH\CodeIgniter.php(340): CodeIgniter\CodeIgniter->handleRequest(null, Object(Config\Cache), false)
 5 FCPATH\index.php(67): CodeIgniter\CodeIgniter->run()
CRITICAL - 2024-05-13 20:38:22 --> Array to string conversion
in APPPATH\Controllers\Game_control.php on line 1250.
 1 APPPATH\Controllers\Game_control.php(1250): CodeIgniter\Debug\Exceptions->errorHandler(2, 'Array to string conversion', 'APPPATH\\Controllers\\Game_control.php', 1250)
 2 SYSTEMPATH\CodeIgniter.php(902): App\Controllers\Game_control->casinoList()
 3 SYSTEMPATH\CodeIgniter.php(457): CodeIgniter\CodeIgniter->runController(Object(App\Controllers\Game_control))
 4 SYSTEMPATH\CodeIgniter.php(340): CodeIgniter\CodeIgniter->handleRequest(null, Object(Config\Cache), false)
 5 FCPATH\index.php(67): CodeIgniter\CodeIgniter->run()
CRITICAL - 2024-05-13 20:38:31 --> Array to string conversion
in APPPATH\Controllers\Game_control.php on line 1353.
 1 APPPATH\Controllers\Game_control.php(1353): CodeIgniter\Debug\Exceptions->errorHandler(2, 'Array to string conversion', 'APPPATH\\Controllers\\Game_control.php', 1353)
 2 SYSTEMPATH\CodeIgniter.php(902): App\Controllers\Game_control->sportList()
 3 SYSTEMPATH\CodeIgniter.php(457): CodeIgniter\CodeIgniter->runController(Object(App\Controllers\Game_control))
 4 SYSTEMPATH\CodeIgniter.php(340): CodeIgniter\CodeIgniter->handleRequest(null, Object(Config\Cache), false)
 5 FCPATH\index.php(67): CodeIgniter\CodeIgniter->run()
CRITICAL - 2024-05-13 20:38:33 --> Array to string conversion
in APPPATH\Controllers\Game_control.php on line 1250.
 1 APPPATH\Controllers\Game_control.php(1250): CodeIgniter\Debug\Exceptions->errorHandler(2, 'Array to string conversion', 'APPPATH\\Controllers\\Game_control.php', 1250)
 2 SYSTEMPATH\CodeIgniter.php(902): App\Controllers\Game_control->casinoList()
 3 SYSTEMPATH\CodeIgniter.php(457): CodeIgniter\CodeIgniter->runController(Object(App\Controllers\Game_control))
 4 SYSTEMPATH\CodeIgniter.php(340): CodeIgniter\CodeIgniter->handleRequest(null, Object(Config\Cache), false)
 5 FCPATH\index.php(67): CodeIgniter\CodeIgniter->run()
CRITICAL - 2024-05-13 20:38:49 --> Array to string conversion
in APPPATH\Controllers\Game_control.php on line 1353.
 1 APPPATH\Controllers\Game_control.php(1353): CodeIgniter\Debug\Exceptions->errorHandler(2, 'Array to string conversion', 'APPPATH\\Controllers\\Game_control.php', 1353)
 2 SYSTEMPATH\CodeIgniter.php(902): App\Controllers\Game_control->sportList()
 3 SYSTEMPATH\CodeIgniter.php(457): CodeIgniter\CodeIgniter->runController(Object(App\Controllers\Game_control))
 4 SYSTEMPATH\CodeIgniter.php(340): CodeIgniter\CodeIgniter->handleRequest(null, Object(Config\Cache), false)
 5 FCPATH\index.php(67): CodeIgniter\CodeIgniter->run()
CRITICAL - 2024-05-13 20:39:19 --> Array to string conversion
in APPPATH\Controllers\Game_control.php on line 1353.
 1 APPPATH\Controllers\Game_control.php(1353): CodeIgniter\Debug\Exceptions->errorHandler(2, 'Array to string conversion', 'APPPATH\\Controllers\\Game_control.php', 1353)
 2 SYSTEMPATH\CodeIgniter.php(902): App\Controllers\Game_control->sportList()
 3 SYSTEMPATH\CodeIgniter.php(457): CodeIgniter\CodeIgniter->runController(Object(App\Controllers\Game_control))
 4 SYSTEMPATH\CodeIgniter.php(340): CodeIgniter\CodeIgniter->handleRequest(null, Object(Config\Cache), false)
 5 FCPATH\index.php(67): CodeIgniter\CodeIgniter->run()
CRITICAL - 2024-05-13 20:39:21 --> Array to string conversion
in APPPATH\Controllers\Game_control.php on line 1248.
 1 APPPATH\Controllers\Game_control.php(1248): CodeIgniter\Debug\Exceptions->errorHandler(2, 'Array to string conversion', 'APPPATH\\Controllers\\Game_control.php', 1248)
 2 SYSTEMPATH\CodeIgniter.php(902): App\Controllers\Game_control->casinoList()
 3 SYSTEMPATH\CodeIgniter.php(457): CodeIgniter\CodeIgniter->runController(Object(App\Controllers\Game_control))
 4 SYSTEMPATH\CodeIgniter.php(340): CodeIgniter\CodeIgniter->handleRequest(null, Object(Config\Cache), false)
 5 FCPATH\index.php(67): CodeIgniter\CodeIgniter->run()
CRITICAL - 2024-05-13 20:39:40 --> Array to string conversion
in APPPATH\Controllers\Game_control.php on line 1353.
 1 APPPATH\Controllers\Game_control.php(1353): CodeIgniter\Debug\Exceptions->errorHandler(2, 'Array to string conversion', 'APPPATH\\Controllers\\Game_control.php', 1353)
 2 SYSTEMPATH\CodeIgniter.php(902): App\Controllers\Game_control->sportList()
 3 SYSTEMPATH\CodeIgniter.php(457): CodeIgniter\CodeIgniter->runController(Object(App\Controllers\Game_control))
 4 SYSTEMPATH\CodeIgniter.php(340): CodeIgniter\CodeIgniter->handleRequest(null, Object(Config\Cache), false)
 5 FCPATH\index.php(67): CodeIgniter\CodeIgniter->run()
CRITICAL - 2024-05-13 20:40:48 --> Array to string conversion
in APPPATH\Controllers\Game_control.php on line 1354.
 1 APPPATH\Controllers\Game_control.php(1354): CodeIgniter\Debug\Exceptions->errorHandler(2, 'Array to string conversion', 'APPPATH\\Controllers\\Game_control.php', 1354)
 2 SYSTEMPATH\CodeIgniter.php(902): App\Controllers\Game_control->sportList()
 3 SYSTEMPATH\CodeIgniter.php(457): CodeIgniter\CodeIgniter->runController(Object(App\Controllers\Game_control))
 4 SYSTEMPATH\CodeIgniter.php(340): CodeIgniter\CodeIgniter->handleRequest(null, Object(Config\Cache), false)
 5 FCPATH\index.php(67): CodeIgniter\CodeIgniter->run()
CRITICAL - 2024-05-13 20:40:50 --> Array to string conversion
in APPPATH\Controllers\Game_control.php on line 1248.
 1 APPPATH\Controllers\Game_control.php(1248): CodeIgniter\Debug\Exceptions->errorHandler(2, 'Array to string conversion', 'APPPATH\\Controllers\\Game_control.php', 1248)
 2 SYSTEMPATH\CodeIgniter.php(902): App\Controllers\Game_control->casinoList()
 3 SYSTEMPATH\CodeIgniter.php(457): CodeIgniter\CodeIgniter->runController(Object(App\Controllers\Game_control))
 4 SYSTEMPATH\CodeIgniter.php(340): CodeIgniter\CodeIgniter->handleRequest(null, Object(Config\Cache), false)
 5 FCPATH\index.php(67): CodeIgniter\CodeIgniter->run()
CRITICAL - 2024-05-13 20:40:59 --> Array to string conversion
in APPPATH\Controllers\Game_control.php on line 1354.
 1 APPPATH\Controllers\Game_control.php(1354): CodeIgniter\Debug\Exceptions->errorHandler(2, 'Array to string conversion', 'APPPATH\\Controllers\\Game_control.php', 1354)
 2 SYSTEMPATH\CodeIgniter.php(902): App\Controllers\Game_control->sportList()
 3 SYSTEMPATH\CodeIgniter.php(457): CodeIgniter\CodeIgniter->runController(Object(App\Controllers\Game_control))
 4 SYSTEMPATH\CodeIgniter.php(340): CodeIgniter\CodeIgniter->handleRequest(null, Object(Config\Cache), false)
 5 FCPATH\index.php(67): CodeIgniter\CodeIgniter->run()
CRITICAL - 2024-05-13 20:41:04 --> Array to string conversion
in APPPATH\Controllers\Game_control.php on line 1354.
 1 APPPATH\Controllers\Game_control.php(1354): CodeIgniter\Debug\Exceptions->errorHandler(2, 'Array to string conversion', 'APPPATH\\Controllers\\Game_control.php', 1354)
 2 SYSTEMPATH\CodeIgniter.php(902): App\Controllers\Game_control->sportList()
 3 SYSTEMPATH\CodeIgniter.php(457): CodeIgniter\CodeIgniter->runController(Object(App\Controllers\Game_control))
 4 SYSTEMPATH\CodeIgniter.php(340): CodeIgniter\CodeIgniter->handleRequest(null, Object(Config\Cache), false)
 5 FCPATH\index.php(67): CodeIgniter\CodeIgniter->run()
CRITICAL - 2024-05-13 22:53:06 --> Invalid file: forgot-password.php
in SYSTEMPATH\Exceptions\FrameworkException.php on line 33.
 1 SYSTEMPATH\View\View.php(201): CodeIgniter\Exceptions\FrameworkException::forInvalidFile('forgot-password.php')
 2 SYSTEMPATH\Common.php(1142): CodeIgniter\View\View->render('forgot-password', [], true)
 3 APPPATH\Controllers\General_control.php(236): view('forgot-password', [...])
 4 SYSTEMPATH\CodeIgniter.php(902): App\Controllers\General_control->index_forgotPassword()
 5 SYSTEMPATH\CodeIgniter.php(457): CodeIgniter\CodeIgniter->runController(Object(App\Controllers\General_control))
 6 SYSTEMPATH\CodeIgniter.php(340): CodeIgniter\CodeIgniter->handleRequest(null, Object(Config\Cache), false)
 7 FCPATH\index.php(67): CodeIgniter\CodeIgniter->run()
CRITICAL - 2024-05-13 22:54:26 --> Invalid file: forgot-password.php
in SYSTEMPATH\Exceptions\FrameworkException.php on line 33.
 1 SYSTEMPATH\View\View.php(201): CodeIgniter\Exceptions\FrameworkException::forInvalidFile('forgot-password.php')
 2 SYSTEMPATH\Common.php(1142): CodeIgniter\View\View->render('forgot-password', [], true)
 3 APPPATH\Controllers\General_control.php(236): view('forgot-password', [...])
 4 SYSTEMPATH\CodeIgniter.php(902): App\Controllers\General_control->index_forgotPassword()
 5 SYSTEMPATH\CodeIgniter.php(457): CodeIgniter\CodeIgniter->runController(Object(App\Controllers\General_control))
 6 SYSTEMPATH\CodeIgniter.php(340): CodeIgniter\CodeIgniter->handleRequest(null, Object(Config\Cache), false)
 7 FCPATH\index.php(67): CodeIgniter\CodeIgniter->run()
CRITICAL - 2024-05-13 22:56:49 --> Undefined array key "SMScompany"
in APPPATH\Views\forgot-password.php on line 289.
 1 APPPATH\Views\forgot-password.php(289): CodeIgniter\Debug\Exceptions->errorHandler(2, 'Undefined array key "SMScompany"', 'APPPATH\\Views\\forgot-password.php', 289)
 2 SYSTEMPATH\View\View.php(213): include('APPPATH\\Views\\forgot-password.php')
 3 SYSTEMPATH\View\View.php(216): CodeIgniter\View\View->CodeIgniter\View\{closure}()
 4 SYSTEMPATH\Common.php(1142): CodeIgniter\View\View->render('forgot-password', [], true)
 5 APPPATH\Controllers\General_control.php(236): view('forgot-password', [...])
 6 SYSTEMPATH\CodeIgniter.php(902): App\Controllers\General_control->index_forgotPassword()
 7 SYSTEMPATH\CodeIgniter.php(457): CodeIgniter\CodeIgniter->runController(Object(App\Controllers\General_control))
 8 SYSTEMPATH\CodeIgniter.php(340): CodeIgniter\CodeIgniter->handleRequest(null, Object(Config\Cache), false)
 9 FCPATH\index.php(67): CodeIgniter\CodeIgniter->run()
CRITICAL - 2024-05-13 22:56:50 --> Undefined array key "SMScompany"
in APPPATH\Views\forgot-password.php on line 289.
 1 APPPATH\Views\forgot-password.php(289): CodeIgniter\Debug\Exceptions->errorHandler(2, 'Undefined array key "SMScompany"', 'APPPATH\\Views\\forgot-password.php', 289)
 2 SYSTEMPATH\View\View.php(213): include('APPPATH\\Views\\forgot-password.php')
 3 SYSTEMPATH\View\View.php(216): CodeIgniter\View\View->CodeIgniter\View\{closure}()
 4 SYSTEMPATH\Common.php(1142): CodeIgniter\View\View->render('forgot-password', [], true)
 5 APPPATH\Controllers\General_control.php(236): view('forgot-password', [...])
 6 SYSTEMPATH\CodeIgniter.php(902): App\Controllers\General_control->index_forgotPassword()
 7 SYSTEMPATH\CodeIgniter.php(457): CodeIgniter\CodeIgniter->runController(Object(App\Controllers\General_control))
 8 SYSTEMPATH\CodeIgniter.php(340): CodeIgniter\CodeIgniter->handleRequest(null, Object(Config\Cache), false)
 9 FCPATH\index.php(67): CodeIgniter\CodeIgniter->run()
CRITICAL - 2024-05-13 22:57:18 --> Undefined array key "SMScompany"
in APPPATH\Views\forgot-password.php on line 218.
 1 APPPATH\Views\forgot-password.php(218): CodeIgniter\Debug\Exceptions->errorHandler(2, 'Undefined array key "SMScompany"', 'APPPATH\\Views\\forgot-password.php', 218)
 2 SYSTEMPATH\View\View.php(213): include('APPPATH\\Views\\forgot-password.php')
 3 SYSTEMPATH\View\View.php(216): CodeIgniter\View\View->CodeIgniter\View\{closure}()
 4 SYSTEMPATH\Common.php(1142): CodeIgniter\View\View->render('forgot-password', [], true)
 5 APPPATH\Controllers\General_control.php(236): view('forgot-password', [...])
 6 SYSTEMPATH\CodeIgniter.php(902): App\Controllers\General_control->index_forgotPassword()
 7 SYSTEMPATH\CodeIgniter.php(457): CodeIgniter\CodeIgniter->runController(Object(App\Controllers\General_control))
 8 SYSTEMPATH\CodeIgniter.php(340): CodeIgniter\CodeIgniter->handleRequest(null, Object(Config\Cache), false)
 9 FCPATH\index.php(67): CodeIgniter\CodeIgniter->run()
CRITICAL - 2024-05-13 23:02:02 --> Trying to access array offset on value of type null
in APPPATH\Controllers\User_control.php on line 415.
 1 APPPATH\Controllers\User_control.php(415): CodeIgniter\Debug\Exceptions->errorHandler(2, 'Trying to access array offset on value of type null', 'APPPATH\\Controllers\\User_control.php', 415)
 2 SYSTEMPATH\CodeIgniter.php(902): App\Controllers\User_control->userRegistration()
 3 SYSTEMPATH\CodeIgniter.php(457): CodeIgniter\CodeIgniter->runController(Object(App\Controllers\User_control))
 4 SYSTEMPATH\CodeIgniter.php(340): CodeIgniter\CodeIgniter->handleRequest(null, Object(Config\Cache), false)
 5 FCPATH\index.php(67): CodeIgniter\CodeIgniter->run()
CRITICAL - 2024-05-13 23:02:54 --> Trying to access array offset on value of type null
in APPPATH\Controllers\User_control.php on line 415.
 1 APPPATH\Controllers\User_control.php(415): CodeIgniter\Debug\Exceptions->errorHandler(2, 'Trying to access array offset on value of type null', 'APPPATH\\Controllers\\User_control.php', 415)
 2 SYSTEMPATH\CodeIgniter.php(902): App\Controllers\User_control->userRegistration()
 3 SYSTEMPATH\CodeIgniter.php(457): CodeIgniter\CodeIgniter->runController(Object(App\Controllers\User_control))
 4 SYSTEMPATH\CodeIgniter.php(340): CodeIgniter\CodeIgniter->handleRequest(null, Object(Config\Cache), false)
 5 FCPATH\index.php(67): CodeIgniter\CodeIgniter->run()
