CRITICAL - 2024-05-16 16:36:13 --> array_column() expects parameter 1 to be array, null given
in APPPATH/Controllers/Game_control.php on line 1690.
 1 [internal function]: CodeIgniter\Debug\Exceptions->errorHandler()
 2 APPPATH/Controllers/Game_control.php(1690): array_column()
 3 SYSTEMPATH/CodeIgniter.php(902): App\Controllers\Game_control->sportListMenu()
 4 SYSTEMPATH/CodeIgniter.php(457): CodeIgniter\CodeIgniter->runController()
 5 SYSTEMPATH/CodeIgniter.php(340): CodeIgniter\CodeIgniter->handleRequest()
 6 FCPATH/index.php(67): CodeIgniter\CodeIgniter->run()
CRITICAL - 2024-05-16 16:36:14 --> array_column() expects parameter 1 to be array, null given
in APPPATH/Controllers/Game_control.php on line 2140.
 1 [internal function]: CodeIgniter\Debug\Exceptions->errorHandler()
 2 APPPATH/Controllers/Game_control.php(2140): array_column()
 3 SYSTEMPATH/CodeIgniter.php(902): App\Controllers\Game_control->lotteryListMenu()
 4 SYSTEMPATH/CodeIgniter.php(457): CodeIgniter\CodeIgniter->runController()
 5 SYSTEMPATH/CodeIgniter.php(340): CodeIgniter\CodeIgniter->handleRequest()
 6 FCPATH/index.php(67): CodeIgniter\CodeIgniter->run()
CRITICAL - 2024-05-16 16:36:14 --> array_column() expects parameter 1 to be array, null given
in APPPATH/Controllers/Game_control.php on line 1195.
 1 [internal function]: CodeIgniter\Debug\Exceptions->errorHandler()
 2 APPPATH/Controllers/Game_control.php(1195): array_column()
 3 SYSTEMPATH/CodeIgniter.php(902): App\Controllers\Game_control->slotListMenu()
 4 SYSTEMPATH/CodeIgniter.php(457): CodeIgniter\CodeIgniter->runController()
 5 SYSTEMPATH/CodeIgniter.php(340): CodeIgniter\CodeIgniter->handleRequest()
 6 FCPATH/index.php(67): CodeIgniter\CodeIgniter->run()
CRITICAL - 2024-05-16 16:36:15 --> filesize(): stat failed for /var/www/staging-frontend-cg/winhkd-pt/public_html/writable/session/ci_session28m2k1drpl29jjglr7l4ja8tcunmu425
in SYSTEMPATH/Session/Handlers/FileHandler.php on line 161.
 1 [internal function]: CodeIgniter\Debug\Exceptions->errorHandler()
 2 SYSTEMPATH/Session/Handlers/FileHandler.php(161): filesize()
 3 [internal function]: CodeIgniter\Session\Handlers\FileHandler->read()
 4 SYSTEMPATH/Session/Session.php(920): session_start()
 5 SYSTEMPATH/Session/Session.php(242): CodeIgniter\Session\Session->startSession()
 6 SYSTEMPATH/Config/Services.php(665): CodeIgniter\Session\Session->start()
 7 SYSTEMPATH/Config/BaseService.php(253): CodeIgniter\Config\Services::session()
 8 SYSTEMPATH/Config/BaseService.php(194): CodeIgniter\Config\BaseService::__callStatic()
 9 SYSTEMPATH/Config/Services.php(637): CodeIgniter\Config\BaseService::getSharedInstance()
10 SYSTEMPATH/Config/BaseService.php(253): CodeIgniter\Config\Services::session()
11 APPPATH/Controllers/BaseController.php(76): CodeIgniter\Config\BaseService::__callStatic()
12 SYSTEMPATH/CodeIgniter.php(865): App\Controllers\BaseController->initController()
13 SYSTEMPATH/CodeIgniter.php(448): CodeIgniter\CodeIgniter->createController()
14 SYSTEMPATH/CodeIgniter.php(340): CodeIgniter\CodeIgniter->handleRequest()
15 FCPATH/index.php(67): CodeIgniter\CodeIgniter->run()
CRITICAL - 2024-05-16 16:36:15 --> filesize(): stat failed for /var/www/staging-frontend-cg/winhkd-pt/public_html/writable/session/ci_session28m2k1drpl29jjglr7l4ja8tcunmu425
in SYSTEMPATH/Session/Handlers/FileHandler.php on line 161.
 1 [internal function]: CodeIgniter\Debug\Exceptions->errorHandler()
 2 SYSTEMPATH/Session/Handlers/FileHandler.php(161): filesize()
 3 [internal function]: CodeIgniter\Session\Handlers\FileHandler->read()
 4 SYSTEMPATH/Session/Session.php(920): session_start()
 5 SYSTEMPATH/Session/Session.php(242): CodeIgniter\Session\Session->startSession()
 6 SYSTEMPATH/Config/Services.php(665): CodeIgniter\Session\Session->start()
 7 SYSTEMPATH/Config/BaseService.php(253): CodeIgniter\Config\Services::session()
 8 SYSTEMPATH/Config/BaseService.php(194): CodeIgniter\Config\BaseService::__callStatic()
 9 SYSTEMPATH/Config/Services.php(637): CodeIgniter\Config\BaseService::getSharedInstance()
10 SYSTEMPATH/Config/BaseService.php(253): CodeIgniter\Config\Services::session()
11 APPPATH/Controllers/BaseController.php(76): CodeIgniter\Config\BaseService::__callStatic()
12 SYSTEMPATH/CodeIgniter.php(865): App\Controllers\BaseController->initController()
13 SYSTEMPATH/CodeIgniter.php(448): CodeIgniter\CodeIgniter->createController()
14 SYSTEMPATH/CodeIgniter.php(340): CodeIgniter\CodeIgniter->handleRequest()
15 FCPATH/index.php(67): CodeIgniter\CodeIgniter->run()
CRITICAL - 2024-05-16 16:36:15 --> filesize(): stat failed for /var/www/staging-frontend-cg/winhkd-pt/public_html/writable/session/ci_session28m2k1drpl29jjglr7l4ja8tcunmu425
in SYSTEMPATH/Session/Handlers/FileHandler.php on line 161.
 1 [internal function]: CodeIgniter\Debug\Exceptions->errorHandler()
 2 SYSTEMPATH/Session/Handlers/FileHandler.php(161): filesize()
 3 [internal function]: CodeIgniter\Session\Handlers\FileHandler->read()
 4 SYSTEMPATH/Session/Session.php(920): session_start()
 5 SYSTEMPATH/Session/Session.php(242): CodeIgniter\Session\Session->startSession()
 6 SYSTEMPATH/Config/Services.php(665): CodeIgniter\Session\Session->start()
 7 SYSTEMPATH/Config/BaseService.php(253): CodeIgniter\Config\Services::session()
 8 SYSTEMPATH/Config/BaseService.php(194): CodeIgniter\Config\BaseService::__callStatic()
 9 SYSTEMPATH/Config/Services.php(637): CodeIgniter\Config\BaseService::getSharedInstance()
10 SYSTEMPATH/Config/BaseService.php(253): CodeIgniter\Config\Services::session()
11 SYSTEMPATH/Common.php(939): CodeIgniter\Config\BaseService::__callStatic()
12 APPPATH/Filters/Auth.php(12): session()
13 SYSTEMPATH/Filters/Filters.php(173): App\Filters\Auth->before()
14 SYSTEMPATH/CodeIgniter.php(431): CodeIgniter\Filters\Filters->run()
15 SYSTEMPATH/CodeIgniter.php(340): CodeIgniter\CodeIgniter->handleRequest()
16 FCPATH/index.php(67): CodeIgniter\CodeIgniter->run()
CRITICAL - 2024-05-16 17:23:23 --> array_column() expects parameter 1 to be array, null given
in APPPATH/Controllers/Game_control.php on line 2140.
 1 [internal function]: CodeIgniter\Debug\Exceptions->errorHandler()
 2 APPPATH/Controllers/Game_control.php(2140): array_column()
 3 SYSTEMPATH/CodeIgniter.php(902): App\Controllers\Game_control->lotteryListMenu()
 4 SYSTEMPATH/CodeIgniter.php(457): CodeIgniter\CodeIgniter->runController()
 5 SYSTEMPATH/CodeIgniter.php(340): CodeIgniter\CodeIgniter->handleRequest()
 6 FCPATH/index.php(67): CodeIgniter\CodeIgniter->run()
CRITICAL - 2024-05-16 17:23:23 --> array_column() expects parameter 1 to be array, null given
in APPPATH/Controllers/Game_control.php on line 1690.
 1 [internal function]: CodeIgniter\Debug\Exceptions->errorHandler()
 2 APPPATH/Controllers/Game_control.php(1690): array_column()
 3 SYSTEMPATH/CodeIgniter.php(902): App\Controllers\Game_control->sportListMenu()
 4 SYSTEMPATH/CodeIgniter.php(457): CodeIgniter\CodeIgniter->runController()
 5 SYSTEMPATH/CodeIgniter.php(340): CodeIgniter\CodeIgniter->handleRequest()
 6 FCPATH/index.php(67): CodeIgniter\CodeIgniter->run()
CRITICAL - 2024-05-16 17:23:23 --> array_column() expects parameter 1 to be array, null given
in APPPATH/Controllers/Game_control.php on line 1368.
 1 [internal function]: CodeIgniter\Debug\Exceptions->errorHandler()
 2 APPPATH/Controllers/Game_control.php(1368): array_column()
 3 SYSTEMPATH/CodeIgniter.php(902): App\Controllers\Game_control->casinoListMenu()
 4 SYSTEMPATH/CodeIgniter.php(457): CodeIgniter\CodeIgniter->runController()
 5 SYSTEMPATH/CodeIgniter.php(340): CodeIgniter\CodeIgniter->handleRequest()
 6 FCPATH/index.php(67): CodeIgniter\CodeIgniter->run()
CRITICAL - 2024-05-16 17:23:54 --> Maximum execution time of 30 seconds exceeded
in SYSTEMPATH/Session/Handlers/FileHandler.php on line 162.
 1 [internal function]: CodeIgniter\Debug\Exceptions->shutdownHandler()
CRITICAL - 2024-05-16 17:24:24 --> Maximum execution time of 30 seconds exceeded
in SYSTEMPATH/Session/Handlers/FileHandler.php on line 162.
 1 [internal function]: CodeIgniter\Debug\Exceptions->shutdownHandler()
CRITICAL - 2024-05-16 17:24:55 --> Maximum execution time of 30 seconds exceeded
in SYSTEMPATH/Session/Handlers/FileHandler.php on line 162.
 1 [internal function]: CodeIgniter\Debug\Exceptions->shutdownHandler()
CRITICAL - 2024-05-16 17:35:14 --> array_column() expects parameter 1 to be array, null given
in APPPATH/Controllers/Game_control.php on line 1690.
 1 [internal function]: CodeIgniter\Debug\Exceptions->errorHandler()
 2 APPPATH/Controllers/Game_control.php(1690): array_column()
 3 SYSTEMPATH/CodeIgniter.php(902): App\Controllers\Game_control->sportListMenu()
 4 SYSTEMPATH/CodeIgniter.php(457): CodeIgniter\CodeIgniter->runController()
 5 SYSTEMPATH/CodeIgniter.php(340): CodeIgniter\CodeIgniter->handleRequest()
 6 FCPATH/index.php(67): CodeIgniter\CodeIgniter->run()
CRITICAL - 2024-05-16 17:35:15 --> array_column() expects parameter 1 to be array, null given
in APPPATH/Controllers/Game_control.php on line 1368.
 1 [internal function]: CodeIgniter\Debug\Exceptions->errorHandler()
 2 APPPATH/Controllers/Game_control.php(1368): array_column()
 3 SYSTEMPATH/CodeIgniter.php(902): App\Controllers\Game_control->casinoListMenu()
 4 SYSTEMPATH/CodeIgniter.php(457): CodeIgniter\CodeIgniter->runController()
 5 SYSTEMPATH/CodeIgniter.php(340): CodeIgniter\CodeIgniter->handleRequest()
 6 FCPATH/index.php(67): CodeIgniter\CodeIgniter->run()
CRITICAL - 2024-05-16 17:35:16 --> array_column() expects parameter 1 to be array, null given
in APPPATH/Controllers/Game_control.php on line 2140.
 1 [internal function]: CodeIgniter\Debug\Exceptions->errorHandler()
 2 APPPATH/Controllers/Game_control.php(2140): array_column()
 3 SYSTEMPATH/CodeIgniter.php(902): App\Controllers\Game_control->lotteryListMenu()
 4 SYSTEMPATH/CodeIgniter.php(457): CodeIgniter\CodeIgniter->runController()
 5 SYSTEMPATH/CodeIgniter.php(340): CodeIgniter\CodeIgniter->handleRequest()
 6 FCPATH/index.php(67): CodeIgniter\CodeIgniter->run()
CRITICAL - 2024-05-16 17:35:16 --> array_column() expects parameter 1 to be array, null given
in APPPATH/Controllers/Game_control.php on line 1195.
 1 [internal function]: CodeIgniter\Debug\Exceptions->errorHandler()
 2 APPPATH/Controllers/Game_control.php(1195): array_column()
 3 SYSTEMPATH/CodeIgniter.php(902): App\Controllers\Game_control->slotListMenu()
 4 SYSTEMPATH/CodeIgniter.php(457): CodeIgniter\CodeIgniter->runController()
 5 SYSTEMPATH/CodeIgniter.php(340): CodeIgniter\CodeIgniter->handleRequest()
 6 FCPATH/index.php(67): CodeIgniter\CodeIgniter->run()
