CRITICAL - 2024-05-15 00:00:19 --> Undefined array key "peEwallet"
in APPPATH\Views\transaction\deposit.php on line 622.
 1 APPPATH\Views\transaction\deposit.php(622): CodeIgniter\Debug\Exceptions->errorHandler(2, 'Undefined array key "peEwallet"', 'APPPATH\\Views\\transaction\\deposit.php', 622)
 2 SYSTEMPATH\View\View.php(213): include('APPPATH\\Views\\transaction\\deposit.php')
 3 SYSTEMPATH\View\View.php(216): CodeIgniter\View\View->CodeIgniter\View\{closure}()
 4 SYSTEMPATH\Common.php(1142): CodeIgniter\View\View->render('transaction/deposit', [], true)
 5 APPPATH\Controllers\General_control.php(301): view('transaction/deposit', [...])
 6 SYSTEMPATH\CodeIgniter.php(902): App\Controllers\General_control->index_deposit()
 7 SYSTEMPATH\CodeIgniter.php(457): CodeIgniter\CodeIgniter->runController(Object(App\Controllers\General_control))
 8 SYSTEMPATH\CodeIgniter.php(340): CodeIgniter\CodeIgniter->handleRequest(null, Object(Config\Cache), false)
 9 FCPATH\index.php(67): CodeIgniter\CodeIgniter->run()
CRITICAL - 2024-05-15 00:00:50 --> Undefined array key "peEwallet"
in APPPATH\Views\transaction\deposit.php on line 622.
 1 APPPATH\Views\transaction\deposit.php(622): CodeIgniter\Debug\Exceptions->errorHandler(2, 'Undefined array key "peEwallet"', 'APPPATH\\Views\\transaction\\deposit.php', 622)
 2 SYSTEMPATH\View\View.php(213): include('APPPATH\\Views\\transaction\\deposit.php')
 3 SYSTEMPATH\View\View.php(216): CodeIgniter\View\View->CodeIgniter\View\{closure}()
 4 SYSTEMPATH\Common.php(1142): CodeIgniter\View\View->render('transaction/deposit', [], true)
 5 APPPATH\Controllers\General_control.php(301): view('transaction/deposit', [...])
 6 SYSTEMPATH\CodeIgniter.php(902): App\Controllers\General_control->index_deposit()
 7 SYSTEMPATH\CodeIgniter.php(457): CodeIgniter\CodeIgniter->runController(Object(App\Controllers\General_control))
 8 SYSTEMPATH\CodeIgniter.php(340): CodeIgniter\CodeIgniter->handleRequest(null, Object(Config\Cache), false)
 9 FCPATH\index.php(67): CodeIgniter\CodeIgniter->run()
CRITICAL - 2024-05-15 00:00:52 --> Undefined array key "peEwallet"
in APPPATH\Views\transaction\deposit.php on line 622.
 1 APPPATH\Views\transaction\deposit.php(622): CodeIgniter\Debug\Exceptions->errorHandler(2, 'Undefined array key "peEwallet"', 'APPPATH\\Views\\transaction\\deposit.php', 622)
 2 SYSTEMPATH\View\View.php(213): include('APPPATH\\Views\\transaction\\deposit.php')
 3 SYSTEMPATH\View\View.php(216): CodeIgniter\View\View->CodeIgniter\View\{closure}()
 4 SYSTEMPATH\Common.php(1142): CodeIgniter\View\View->render('transaction/deposit', [], true)
 5 APPPATH\Controllers\General_control.php(301): view('transaction/deposit', [...])
 6 SYSTEMPATH\CodeIgniter.php(902): App\Controllers\General_control->index_deposit()
 7 SYSTEMPATH\CodeIgniter.php(457): CodeIgniter\CodeIgniter->runController(Object(App\Controllers\General_control))
 8 SYSTEMPATH\CodeIgniter.php(340): CodeIgniter\CodeIgniter->handleRequest(null, Object(Config\Cache), false)
 9 FCPATH\index.php(67): CodeIgniter\CodeIgniter->run()
CRITICAL - 2024-05-15 00:00:53 --> Undefined array key "peEwallet"
in APPPATH\Views\transaction\deposit.php on line 622.
 1 APPPATH\Views\transaction\deposit.php(622): CodeIgniter\Debug\Exceptions->errorHandler(2, 'Undefined array key "peEwallet"', 'APPPATH\\Views\\transaction\\deposit.php', 622)
 2 SYSTEMPATH\View\View.php(213): include('APPPATH\\Views\\transaction\\deposit.php')
 3 SYSTEMPATH\View\View.php(216): CodeIgniter\View\View->CodeIgniter\View\{closure}()
 4 SYSTEMPATH\Common.php(1142): CodeIgniter\View\View->render('transaction/deposit', [], true)
 5 APPPATH\Controllers\General_control.php(301): view('transaction/deposit', [...])
 6 SYSTEMPATH\CodeIgniter.php(902): App\Controllers\General_control->index_deposit()
 7 SYSTEMPATH\CodeIgniter.php(457): CodeIgniter\CodeIgniter->runController(Object(App\Controllers\General_control))
 8 SYSTEMPATH\CodeIgniter.php(340): CodeIgniter\CodeIgniter->handleRequest(null, Object(Config\Cache), false)
 9 FCPATH\index.php(67): CodeIgniter\CodeIgniter->run()
CRITICAL - 2024-05-15 00:01:07 --> Undefined array key "peEwallet"
in APPPATH\Views\transaction\deposit.php on line 622.
 1 APPPATH\Views\transaction\deposit.php(622): CodeIgniter\Debug\Exceptions->errorHandler(2, 'Undefined array key "peEwallet"', 'APPPATH\\Views\\transaction\\deposit.php', 622)
 2 SYSTEMPATH\View\View.php(213): include('APPPATH\\Views\\transaction\\deposit.php')
 3 SYSTEMPATH\View\View.php(216): CodeIgniter\View\View->CodeIgniter\View\{closure}()
 4 SYSTEMPATH\Common.php(1142): CodeIgniter\View\View->render('transaction/deposit', [], true)
 5 APPPATH\Controllers\General_control.php(301): view('transaction/deposit', [...])
 6 SYSTEMPATH\CodeIgniter.php(902): App\Controllers\General_control->index_deposit()
 7 SYSTEMPATH\CodeIgniter.php(457): CodeIgniter\CodeIgniter->runController(Object(App\Controllers\General_control))
 8 SYSTEMPATH\CodeIgniter.php(340): CodeIgniter\CodeIgniter->handleRequest(null, Object(Config\Cache), false)
 9 FCPATH\index.php(67): CodeIgniter\CodeIgniter->run()
CRITICAL - 2024-05-15 00:01:08 --> Undefined array key "peEwallet"
in APPPATH\Views\transaction\deposit.php on line 622.
 1 APPPATH\Views\transaction\deposit.php(622): CodeIgniter\Debug\Exceptions->errorHandler(2, 'Undefined array key "peEwallet"', 'APPPATH\\Views\\transaction\\deposit.php', 622)
 2 SYSTEMPATH\View\View.php(213): include('APPPATH\\Views\\transaction\\deposit.php')
 3 SYSTEMPATH\View\View.php(216): CodeIgniter\View\View->CodeIgniter\View\{closure}()
 4 SYSTEMPATH\Common.php(1142): CodeIgniter\View\View->render('transaction/deposit', [], true)
 5 APPPATH\Controllers\General_control.php(301): view('transaction/deposit', [...])
 6 SYSTEMPATH\CodeIgniter.php(902): App\Controllers\General_control->index_deposit()
 7 SYSTEMPATH\CodeIgniter.php(457): CodeIgniter\CodeIgniter->runController(Object(App\Controllers\General_control))
 8 SYSTEMPATH\CodeIgniter.php(340): CodeIgniter\CodeIgniter->handleRequest(null, Object(Config\Cache), false)
 9 FCPATH\index.php(67): CodeIgniter\CodeIgniter->run()
CRITICAL - 2024-05-15 00:17:05 --> syntax error, unexpected token ";"
in APPPATH\Views\transaction\deposit.php on line 13.
 1 SYSTEMPATH\View\View.php(216): CodeIgniter\View\View->CodeIgniter\View\{closure}()
 2 SYSTEMPATH\Common.php(1142): CodeIgniter\View\View->render('transaction/deposit', [], true)
 3 APPPATH\Controllers\General_control.php(301): view('transaction/deposit', [...])
 4 SYSTEMPATH\CodeIgniter.php(902): App\Controllers\General_control->index_deposit()
 5 SYSTEMPATH\CodeIgniter.php(457): CodeIgniter\CodeIgniter->runController(Object(App\Controllers\General_control))
 6 SYSTEMPATH\CodeIgniter.php(340): CodeIgniter\CodeIgniter->handleRequest(null, Object(Config\Cache), false)
 7 FCPATH\index.php(67): CodeIgniter\CodeIgniter->run()
CRITICAL - 2024-05-15 00:17:20 --> syntax error, unexpected token ";"
in APPPATH\Views\transaction\deposit.php on line 13.
 1 SYSTEMPATH\View\View.php(216): CodeIgniter\View\View->CodeIgniter\View\{closure}()
 2 SYSTEMPATH\Common.php(1142): CodeIgniter\View\View->render('transaction/deposit', [], true)
 3 APPPATH\Controllers\General_control.php(301): view('transaction/deposit', [...])
 4 SYSTEMPATH\CodeIgniter.php(902): App\Controllers\General_control->index_deposit()
 5 SYSTEMPATH\CodeIgniter.php(457): CodeIgniter\CodeIgniter->runController(Object(App\Controllers\General_control))
 6 SYSTEMPATH\CodeIgniter.php(340): CodeIgniter\CodeIgniter->handleRequest(null, Object(Config\Cache), false)
 7 FCPATH\index.php(67): CodeIgniter\CodeIgniter->run()
CRITICAL - 2024-05-15 00:28:24 --> Call to undefined method App\Controllers\Pgateway_control::bankList()
in APPPATH\Controllers\Pgateway_control.php on line 56.
 1 SYSTEMPATH\CodeIgniter.php(902): App\Controllers\Pgateway_control->paymentGatewayList()
 2 SYSTEMPATH\CodeIgniter.php(457): CodeIgniter\CodeIgniter->runController(Object(App\Controllers\Pgateway_control))
 3 SYSTEMPATH\CodeIgniter.php(340): CodeIgniter\CodeIgniter->handleRequest(null, Object(Config\Cache), false)
 4 FCPATH\index.php(67): CodeIgniter\CodeIgniter->run()
CRITICAL - 2024-05-15 00:29:26 --> Call to undefined method App\Controllers\Pgateway_control::bankList()
in APPPATH\Controllers\Pgateway_control.php on line 56.
 1 SYSTEMPATH\CodeIgniter.php(902): App\Controllers\Pgateway_control->paymentGatewayList()
 2 SYSTEMPATH\CodeIgniter.php(457): CodeIgniter\CodeIgniter->runController(Object(App\Controllers\Pgateway_control))
 3 SYSTEMPATH\CodeIgniter.php(340): CodeIgniter\CodeIgniter->handleRequest(null, Object(Config\Cache), false)
 4 FCPATH\index.php(67): CodeIgniter\CodeIgniter->run()
CRITICAL - 2024-05-15 00:29:56 --> Call to undefined method App\Controllers\Pgateway_control::bankList()
in APPPATH\Controllers\Pgateway_control.php on line 56.
 1 SYSTEMPATH\CodeIgniter.php(902): App\Controllers\Pgateway_control->paymentGatewayList()
 2 SYSTEMPATH\CodeIgniter.php(457): CodeIgniter\CodeIgniter->runController(Object(App\Controllers\Pgateway_control))
 3 SYSTEMPATH\CodeIgniter.php(340): CodeIgniter\CodeIgniter->handleRequest(null, Object(Config\Cache), false)
 4 FCPATH\index.php(67): CodeIgniter\CodeIgniter->run()
CRITICAL - 2024-05-15 00:30:17 --> Call to undefined method App\Controllers\Pgateway_control::bankList()
in APPPATH\Controllers\Pgateway_control.php on line 56.
 1 SYSTEMPATH\CodeIgniter.php(902): App\Controllers\Pgateway_control->paymentGatewayList()
 2 SYSTEMPATH\CodeIgniter.php(457): CodeIgniter\CodeIgniter->runController(Object(App\Controllers\Pgateway_control))
 3 SYSTEMPATH\CodeIgniter.php(340): CodeIgniter\CodeIgniter->handleRequest(null, Object(Config\Cache), false)
 4 FCPATH\index.php(67): CodeIgniter\CodeIgniter->run()
CRITICAL - 2024-05-15 00:30:37 --> Call to undefined method App\Controllers\Pgateway_control::bankList()
in APPPATH\Controllers\Pgateway_control.php on line 56.
 1 SYSTEMPATH\CodeIgniter.php(902): App\Controllers\Pgateway_control->paymentGatewayList()
 2 SYSTEMPATH\CodeIgniter.php(457): CodeIgniter\CodeIgniter->runController(Object(App\Controllers\Pgateway_control))
 3 SYSTEMPATH\CodeIgniter.php(340): CodeIgniter\CodeIgniter->handleRequest(null, Object(Config\Cache), false)
 4 FCPATH\index.php(67): CodeIgniter\CodeIgniter->run()
CRITICAL - 2024-05-15 00:31:36 --> Call to undefined method App\Controllers\Pgateway_control::bankList()
in APPPATH\Controllers\Pgateway_control.php on line 56.
 1 SYSTEMPATH\CodeIgniter.php(902): App\Controllers\Pgateway_control->paymentGatewayList()
 2 SYSTEMPATH\CodeIgniter.php(457): CodeIgniter\CodeIgniter->runController(Object(App\Controllers\Pgateway_control))
 3 SYSTEMPATH\CodeIgniter.php(340): CodeIgniter\CodeIgniter->handleRequest(null, Object(Config\Cache), false)
 4 FCPATH\index.php(67): CodeIgniter\CodeIgniter->run()
CRITICAL - 2024-05-15 00:35:37 --> Undefined array key "peEwallet"
in APPPATH\Views\transaction\deposit.php on line 624.
 1 APPPATH\Views\transaction\deposit.php(624): CodeIgniter\Debug\Exceptions->errorHandler(2, 'Undefined array key "peEwallet"', 'APPPATH\\Views\\transaction\\deposit.php', 624)
 2 SYSTEMPATH\View\View.php(213): include('APPPATH\\Views\\transaction\\deposit.php')
 3 SYSTEMPATH\View\View.php(216): CodeIgniter\View\View->CodeIgniter\View\{closure}()
 4 SYSTEMPATH\Common.php(1142): CodeIgniter\View\View->render('transaction/deposit', [], true)
 5 APPPATH\Controllers\General_control.php(301): view('transaction/deposit', [...])
 6 SYSTEMPATH\CodeIgniter.php(902): App\Controllers\General_control->index_deposit()
 7 SYSTEMPATH\CodeIgniter.php(457): CodeIgniter\CodeIgniter->runController(Object(App\Controllers\General_control))
 8 SYSTEMPATH\CodeIgniter.php(340): CodeIgniter\CodeIgniter->handleRequest(null, Object(Config\Cache), false)
 9 FCPATH\index.php(67): CodeIgniter\CodeIgniter->run()
CRITICAL - 2024-05-15 00:36:33 --> Undefined array key "peEwallet"
in APPPATH\Views\transaction\deposit.php on line 624.
 1 APPPATH\Views\transaction\deposit.php(624): CodeIgniter\Debug\Exceptions->errorHandler(2, 'Undefined array key "peEwallet"', 'APPPATH\\Views\\transaction\\deposit.php', 624)
 2 SYSTEMPATH\View\View.php(213): include('APPPATH\\Views\\transaction\\deposit.php')
 3 SYSTEMPATH\View\View.php(216): CodeIgniter\View\View->CodeIgniter\View\{closure}()
 4 SYSTEMPATH\Common.php(1142): CodeIgniter\View\View->render('transaction/deposit', [], true)
 5 APPPATH\Controllers\General_control.php(301): view('transaction/deposit', [...])
 6 SYSTEMPATH\CodeIgniter.php(902): App\Controllers\General_control->index_deposit()
 7 SYSTEMPATH\CodeIgniter.php(457): CodeIgniter\CodeIgniter->runController(Object(App\Controllers\General_control))
 8 SYSTEMPATH\CodeIgniter.php(340): CodeIgniter\CodeIgniter->handleRequest(null, Object(Config\Cache), false)
 9 FCPATH\index.php(67): CodeIgniter\CodeIgniter->run()
CRITICAL - 2024-05-15 00:36:44 --> Undefined array key "peEwallet"
in APPPATH\Views\transaction\deposit.php on line 624.
 1 APPPATH\Views\transaction\deposit.php(624): CodeIgniter\Debug\Exceptions->errorHandler(2, 'Undefined array key "peEwallet"', 'APPPATH\\Views\\transaction\\deposit.php', 624)
 2 SYSTEMPATH\View\View.php(213): include('APPPATH\\Views\\transaction\\deposit.php')
 3 SYSTEMPATH\View\View.php(216): CodeIgniter\View\View->CodeIgniter\View\{closure}()
 4 SYSTEMPATH\Common.php(1142): CodeIgniter\View\View->render('transaction/deposit', [], true)
 5 APPPATH\Controllers\General_control.php(301): view('transaction/deposit', [...])
 6 SYSTEMPATH\CodeIgniter.php(902): App\Controllers\General_control->index_deposit()
 7 SYSTEMPATH\CodeIgniter.php(457): CodeIgniter\CodeIgniter->runController(Object(App\Controllers\General_control))
 8 SYSTEMPATH\CodeIgniter.php(340): CodeIgniter\CodeIgniter->handleRequest(null, Object(Config\Cache), false)
 9 FCPATH\index.php(67): CodeIgniter\CodeIgniter->run()
CRITICAL - 2024-05-15 00:36:51 --> Undefined array key "peEwallet"
in APPPATH\Views\transaction\deposit.php on line 624.
 1 APPPATH\Views\transaction\deposit.php(624): CodeIgniter\Debug\Exceptions->errorHandler(2, 'Undefined array key "peEwallet"', 'APPPATH\\Views\\transaction\\deposit.php', 624)
 2 SYSTEMPATH\View\View.php(213): include('APPPATH\\Views\\transaction\\deposit.php')
 3 SYSTEMPATH\View\View.php(216): CodeIgniter\View\View->CodeIgniter\View\{closure}()
 4 SYSTEMPATH\Common.php(1142): CodeIgniter\View\View->render('transaction/deposit', [], true)
 5 APPPATH\Controllers\General_control.php(301): view('transaction/deposit', [...])
 6 SYSTEMPATH\CodeIgniter.php(902): App\Controllers\General_control->index_deposit()
 7 SYSTEMPATH\CodeIgniter.php(457): CodeIgniter\CodeIgniter->runController(Object(App\Controllers\General_control))
 8 SYSTEMPATH\CodeIgniter.php(340): CodeIgniter\CodeIgniter->handleRequest(null, Object(Config\Cache), false)
 9 FCPATH\index.php(67): CodeIgniter\CodeIgniter->run()
CRITICAL - 2024-05-15 00:38:11 --> Undefined array key "peEwallet"
in APPPATH\Views\transaction\deposit.php on line 624.
 1 APPPATH\Views\transaction\deposit.php(624): CodeIgniter\Debug\Exceptions->errorHandler(2, 'Undefined array key "peEwallet"', 'APPPATH\\Views\\transaction\\deposit.php', 624)
 2 SYSTEMPATH\View\View.php(213): include('APPPATH\\Views\\transaction\\deposit.php')
 3 SYSTEMPATH\View\View.php(216): CodeIgniter\View\View->CodeIgniter\View\{closure}()
 4 SYSTEMPATH\Common.php(1142): CodeIgniter\View\View->render('transaction/deposit', [], true)
 5 APPPATH\Controllers\General_control.php(301): view('transaction/deposit', [...])
 6 SYSTEMPATH\CodeIgniter.php(902): App\Controllers\General_control->index_deposit()
 7 SYSTEMPATH\CodeIgniter.php(457): CodeIgniter\CodeIgniter->runController(Object(App\Controllers\General_control))
 8 SYSTEMPATH\CodeIgniter.php(340): CodeIgniter\CodeIgniter->handleRequest(null, Object(Config\Cache), false)
 9 FCPATH\index.php(67): CodeIgniter\CodeIgniter->run()
CRITICAL - 2024-05-15 00:38:17 --> Undefined array key "peEwallet"
in APPPATH\Views\transaction\deposit.php on line 624.
 1 APPPATH\Views\transaction\deposit.php(624): CodeIgniter\Debug\Exceptions->errorHandler(2, 'Undefined array key "peEwallet"', 'APPPATH\\Views\\transaction\\deposit.php', 624)
 2 SYSTEMPATH\View\View.php(213): include('APPPATH\\Views\\transaction\\deposit.php')
 3 SYSTEMPATH\View\View.php(216): CodeIgniter\View\View->CodeIgniter\View\{closure}()
 4 SYSTEMPATH\Common.php(1142): CodeIgniter\View\View->render('transaction/deposit', [], true)
 5 APPPATH\Controllers\General_control.php(301): view('transaction/deposit', [...])
 6 SYSTEMPATH\CodeIgniter.php(902): App\Controllers\General_control->index_deposit()
 7 SYSTEMPATH\CodeIgniter.php(457): CodeIgniter\CodeIgniter->runController(Object(App\Controllers\General_control))
 8 SYSTEMPATH\CodeIgniter.php(340): CodeIgniter\CodeIgniter->handleRequest(null, Object(Config\Cache), false)
 9 FCPATH\index.php(67): CodeIgniter\CodeIgniter->run()
CRITICAL - 2024-05-15 00:38:25 --> Undefined array key "peEwallet"
in APPPATH\Views\transaction\deposit.php on line 624.
 1 APPPATH\Views\transaction\deposit.php(624): CodeIgniter\Debug\Exceptions->errorHandler(2, 'Undefined array key "peEwallet"', 'APPPATH\\Views\\transaction\\deposit.php', 624)
 2 SYSTEMPATH\View\View.php(213): include('APPPATH\\Views\\transaction\\deposit.php')
 3 SYSTEMPATH\View\View.php(216): CodeIgniter\View\View->CodeIgniter\View\{closure}()
 4 SYSTEMPATH\Common.php(1142): CodeIgniter\View\View->render('transaction/deposit', [], true)
 5 APPPATH\Controllers\General_control.php(301): view('transaction/deposit', [...])
 6 SYSTEMPATH\CodeIgniter.php(902): App\Controllers\General_control->index_deposit()
 7 SYSTEMPATH\CodeIgniter.php(457): CodeIgniter\CodeIgniter->runController(Object(App\Controllers\General_control))
 8 SYSTEMPATH\CodeIgniter.php(340): CodeIgniter\CodeIgniter->handleRequest(null, Object(Config\Cache), false)
 9 FCPATH\index.php(67): CodeIgniter\CodeIgniter->run()
CRITICAL - 2024-05-15 00:38:30 --> Undefined array key "peEwallet"
in APPPATH\Views\transaction\deposit.php on line 624.
 1 APPPATH\Views\transaction\deposit.php(624): CodeIgniter\Debug\Exceptions->errorHandler(2, 'Undefined array key "peEwallet"', 'APPPATH\\Views\\transaction\\deposit.php', 624)
 2 SYSTEMPATH\View\View.php(213): include('APPPATH\\Views\\transaction\\deposit.php')
 3 SYSTEMPATH\View\View.php(216): CodeIgniter\View\View->CodeIgniter\View\{closure}()
 4 SYSTEMPATH\Common.php(1142): CodeIgniter\View\View->render('transaction/deposit', [], true)
 5 APPPATH\Controllers\General_control.php(301): view('transaction/deposit', [...])
 6 SYSTEMPATH\CodeIgniter.php(902): App\Controllers\General_control->index_deposit()
 7 SYSTEMPATH\CodeIgniter.php(457): CodeIgniter\CodeIgniter->runController(Object(App\Controllers\General_control))
 8 SYSTEMPATH\CodeIgniter.php(340): CodeIgniter\CodeIgniter->handleRequest(null, Object(Config\Cache), false)
 9 FCPATH\index.php(67): CodeIgniter\CodeIgniter->run()
CRITICAL - 2024-05-15 00:38:38 --> Undefined array key "peEwallet"
in APPPATH\Views\transaction\deposit.php on line 624.
 1 APPPATH\Views\transaction\deposit.php(624): CodeIgniter\Debug\Exceptions->errorHandler(2, 'Undefined array key "peEwallet"', 'APPPATH\\Views\\transaction\\deposit.php', 624)
 2 SYSTEMPATH\View\View.php(213): include('APPPATH\\Views\\transaction\\deposit.php')
 3 SYSTEMPATH\View\View.php(216): CodeIgniter\View\View->CodeIgniter\View\{closure}()
 4 SYSTEMPATH\Common.php(1142): CodeIgniter\View\View->render('transaction/deposit', [], true)
 5 APPPATH\Controllers\General_control.php(301): view('transaction/deposit', [...])
 6 SYSTEMPATH\CodeIgniter.php(902): App\Controllers\General_control->index_deposit()
 7 SYSTEMPATH\CodeIgniter.php(457): CodeIgniter\CodeIgniter->runController(Object(App\Controllers\General_control))
 8 SYSTEMPATH\CodeIgniter.php(340): CodeIgniter\CodeIgniter->handleRequest(null, Object(Config\Cache), false)
 9 FCPATH\index.php(67): CodeIgniter\CodeIgniter->run()
CRITICAL - 2024-05-15 00:38:39 --> Undefined array key "peEwallet"
in APPPATH\Views\transaction\deposit.php on line 624.
 1 APPPATH\Views\transaction\deposit.php(624): CodeIgniter\Debug\Exceptions->errorHandler(2, 'Undefined array key "peEwallet"', 'APPPATH\\Views\\transaction\\deposit.php', 624)
 2 SYSTEMPATH\View\View.php(213): include('APPPATH\\Views\\transaction\\deposit.php')
 3 SYSTEMPATH\View\View.php(216): CodeIgniter\View\View->CodeIgniter\View\{closure}()
 4 SYSTEMPATH\Common.php(1142): CodeIgniter\View\View->render('transaction/deposit', [], true)
 5 APPPATH\Controllers\General_control.php(301): view('transaction/deposit', [...])
 6 SYSTEMPATH\CodeIgniter.php(902): App\Controllers\General_control->index_deposit()
 7 SYSTEMPATH\CodeIgniter.php(457): CodeIgniter\CodeIgniter->runController(Object(App\Controllers\General_control))
 8 SYSTEMPATH\CodeIgniter.php(340): CodeIgniter\CodeIgniter->handleRequest(null, Object(Config\Cache), false)
 9 FCPATH\index.php(67): CodeIgniter\CodeIgniter->run()
CRITICAL - 2024-05-15 00:38:44 --> Undefined array key "peEwallet"
in APPPATH\Views\transaction\deposit.php on line 624.
 1 APPPATH\Views\transaction\deposit.php(624): CodeIgniter\Debug\Exceptions->errorHandler(2, 'Undefined array key "peEwallet"', 'APPPATH\\Views\\transaction\\deposit.php', 624)
 2 SYSTEMPATH\View\View.php(213): include('APPPATH\\Views\\transaction\\deposit.php')
 3 SYSTEMPATH\View\View.php(216): CodeIgniter\View\View->CodeIgniter\View\{closure}()
 4 SYSTEMPATH\Common.php(1142): CodeIgniter\View\View->render('transaction/deposit', [], true)
 5 APPPATH\Controllers\General_control.php(301): view('transaction/deposit', [...])
 6 SYSTEMPATH\CodeIgniter.php(902): App\Controllers\General_control->index_deposit()
 7 SYSTEMPATH\CodeIgniter.php(457): CodeIgniter\CodeIgniter->runController(Object(App\Controllers\General_control))
 8 SYSTEMPATH\CodeIgniter.php(340): CodeIgniter\CodeIgniter->handleRequest(null, Object(Config\Cache), false)
 9 FCPATH\index.php(67): CodeIgniter\CodeIgniter->run()
CRITICAL - 2024-05-15 00:38:48 --> Undefined array key "peEwallet"
in APPPATH\Views\transaction\deposit.php on line 624.
 1 APPPATH\Views\transaction\deposit.php(624): CodeIgniter\Debug\Exceptions->errorHandler(2, 'Undefined array key "peEwallet"', 'APPPATH\\Views\\transaction\\deposit.php', 624)
 2 SYSTEMPATH\View\View.php(213): include('APPPATH\\Views\\transaction\\deposit.php')
 3 SYSTEMPATH\View\View.php(216): CodeIgniter\View\View->CodeIgniter\View\{closure}()
 4 SYSTEMPATH\Common.php(1142): CodeIgniter\View\View->render('transaction/deposit', [], true)
 5 APPPATH\Controllers\General_control.php(301): view('transaction/deposit', [...])
 6 SYSTEMPATH\CodeIgniter.php(902): App\Controllers\General_control->index_deposit()
 7 SYSTEMPATH\CodeIgniter.php(457): CodeIgniter\CodeIgniter->runController(Object(App\Controllers\General_control))
 8 SYSTEMPATH\CodeIgniter.php(340): CodeIgniter\CodeIgniter->handleRequest(null, Object(Config\Cache), false)
 9 FCPATH\index.php(67): CodeIgniter\CodeIgniter->run()
CRITICAL - 2024-05-15 00:38:49 --> Undefined array key "peEwallet"
in APPPATH\Views\transaction\deposit.php on line 624.
 1 APPPATH\Views\transaction\deposit.php(624): CodeIgniter\Debug\Exceptions->errorHandler(2, 'Undefined array key "peEwallet"', 'APPPATH\\Views\\transaction\\deposit.php', 624)
 2 SYSTEMPATH\View\View.php(213): include('APPPATH\\Views\\transaction\\deposit.php')
 3 SYSTEMPATH\View\View.php(216): CodeIgniter\View\View->CodeIgniter\View\{closure}()
 4 SYSTEMPATH\Common.php(1142): CodeIgniter\View\View->render('transaction/deposit', [], true)
 5 APPPATH\Controllers\General_control.php(301): view('transaction/deposit', [...])
 6 SYSTEMPATH\CodeIgniter.php(902): App\Controllers\General_control->index_deposit()
 7 SYSTEMPATH\CodeIgniter.php(457): CodeIgniter\CodeIgniter->runController(Object(App\Controllers\General_control))
 8 SYSTEMPATH\CodeIgniter.php(340): CodeIgniter\CodeIgniter->handleRequest(null, Object(Config\Cache), false)
 9 FCPATH\index.php(67): CodeIgniter\CodeIgniter->run()
CRITICAL - 2024-05-15 00:38:50 --> Undefined array key "peEwallet"
in APPPATH\Views\transaction\deposit.php on line 624.
 1 APPPATH\Views\transaction\deposit.php(624): CodeIgniter\Debug\Exceptions->errorHandler(2, 'Undefined array key "peEwallet"', 'APPPATH\\Views\\transaction\\deposit.php', 624)
 2 SYSTEMPATH\View\View.php(213): include('APPPATH\\Views\\transaction\\deposit.php')
 3 SYSTEMPATH\View\View.php(216): CodeIgniter\View\View->CodeIgniter\View\{closure}()
 4 SYSTEMPATH\Common.php(1142): CodeIgniter\View\View->render('transaction/deposit', [], true)
 5 APPPATH\Controllers\General_control.php(301): view('transaction/deposit', [...])
 6 SYSTEMPATH\CodeIgniter.php(902): App\Controllers\General_control->index_deposit()
 7 SYSTEMPATH\CodeIgniter.php(457): CodeIgniter\CodeIgniter->runController(Object(App\Controllers\General_control))
 8 SYSTEMPATH\CodeIgniter.php(340): CodeIgniter\CodeIgniter->handleRequest(null, Object(Config\Cache), false)
 9 FCPATH\index.php(67): CodeIgniter\CodeIgniter->run()
CRITICAL - 2024-05-15 11:13:19 --> array_column() expects parameter 1 to be array, null given
in APPPATH/Controllers/Game_control.php on line 1063.
 1 [internal function]: CodeIgniter\Debug\Exceptions->errorHandler()
 2 APPPATH/Controllers/Game_control.php(1063): array_column()
 3 SYSTEMPATH/CodeIgniter.php(902): App\Controllers\Game_control->slotList()
 4 SYSTEMPATH/CodeIgniter.php(457): CodeIgniter\CodeIgniter->runController()
 5 SYSTEMPATH/CodeIgniter.php(340): CodeIgniter\CodeIgniter->handleRequest()
 6 FCPATH/index.php(67): CodeIgniter\CodeIgniter->run()
CRITICAL - 2024-05-15 11:13:19 --> array_column() expects parameter 1 to be array, null given
in APPPATH/Controllers/Game_control.php on line 2059.
 1 [internal function]: CodeIgniter\Debug\Exceptions->errorHandler()
 2 APPPATH/Controllers/Game_control.php(2059): array_column()
 3 SYSTEMPATH/CodeIgniter.php(902): App\Controllers\Game_control->lotteryListMenu()
 4 SYSTEMPATH/CodeIgniter.php(457): CodeIgniter\CodeIgniter->runController()
 5 SYSTEMPATH/CodeIgniter.php(340): CodeIgniter\CodeIgniter->handleRequest()
 6 FCPATH/index.php(67): CodeIgniter\CodeIgniter->run()
CRITICAL - 2024-05-15 11:13:19 --> array_column() expects parameter 1 to be array, null given
in APPPATH/Controllers/Game_control.php on line 1628.
 1 [internal function]: CodeIgniter\Debug\Exceptions->errorHandler()
 2 APPPATH/Controllers/Game_control.php(1628): array_column()
 3 SYSTEMPATH/CodeIgniter.php(902): App\Controllers\Game_control->sportListMenu()
 4 SYSTEMPATH/CodeIgniter.php(457): CodeIgniter\CodeIgniter->runController()
 5 SYSTEMPATH/CodeIgniter.php(340): CodeIgniter\CodeIgniter->handleRequest()
 6 FCPATH/index.php(67): CodeIgniter\CodeIgniter->run()
CRITICAL - 2024-05-15 11:13:19 --> array_column() expects parameter 1 to be array, null given
in APPPATH/Controllers/Game_control.php on line 1482.
 1 [internal function]: CodeIgniter\Debug\Exceptions->errorHandler()
 2 APPPATH/Controllers/Game_control.php(1482): array_column()
 3 SYSTEMPATH/CodeIgniter.php(902): App\Controllers\Game_control->sportList()
 4 SYSTEMPATH/CodeIgniter.php(457): CodeIgniter\CodeIgniter->runController()
 5 SYSTEMPATH/CodeIgniter.php(340): CodeIgniter\CodeIgniter->handleRequest()
 6 FCPATH/index.php(67): CodeIgniter\CodeIgniter->run()
CRITICAL - 2024-05-15 11:13:19 --> array_column() expects parameter 1 to be array, null given
in APPPATH/Controllers/Game_control.php on line 1154.
 1 [internal function]: CodeIgniter\Debug\Exceptions->errorHandler()
 2 APPPATH/Controllers/Game_control.php(1154): array_column()
 3 SYSTEMPATH/CodeIgniter.php(902): App\Controllers\Game_control->slotListMenu()
 4 SYSTEMPATH/CodeIgniter.php(457): CodeIgniter\CodeIgniter->runController()
 5 SYSTEMPATH/CodeIgniter.php(340): CodeIgniter\CodeIgniter->handleRequest()
 6 FCPATH/index.php(67): CodeIgniter\CodeIgniter->run()
CRITICAL - 2024-05-15 11:13:20 --> array_column() expects parameter 1 to be array, null given
in APPPATH/Controllers/Game_control.php on line 1325.
 1 [internal function]: CodeIgniter\Debug\Exceptions->errorHandler()
 2 APPPATH/Controllers/Game_control.php(1325): array_column()
 3 SYSTEMPATH/CodeIgniter.php(902): App\Controllers\Game_control->casinoListMenu()
 4 SYSTEMPATH/CodeIgniter.php(457): CodeIgniter\CodeIgniter->runController()
 5 SYSTEMPATH/CodeIgniter.php(340): CodeIgniter\CodeIgniter->handleRequest()
 6 FCPATH/index.php(67): CodeIgniter\CodeIgniter->run()
CRITICAL - 2024-05-15 18:23:09 --> Call to undefined function App\Controllers\str_contains()
in APPPATH/Controllers/Game_control.php on line 1204.
 1 SYSTEMPATH/CodeIgniter.php(902): App\Controllers\Game_control->slotListMenu()
 2 SYSTEMPATH/CodeIgniter.php(457): CodeIgniter\CodeIgniter->runController()
 3 SYSTEMPATH/CodeIgniter.php(340): CodeIgniter\CodeIgniter->handleRequest()
 4 FCPATH/index.php(67): CodeIgniter\CodeIgniter->run()
CRITICAL - 2024-05-15 18:23:25 --> Call to undefined function App\Controllers\str_contains()
in APPPATH/Controllers/Game_control.php on line 1081.
 1 SYSTEMPATH/CodeIgniter.php(902): App\Controllers\Game_control->slotList()
 2 SYSTEMPATH/CodeIgniter.php(457): CodeIgniter\CodeIgniter->runController()
 3 SYSTEMPATH/CodeIgniter.php(340): CodeIgniter\CodeIgniter->handleRequest()
 4 FCPATH/index.php(67): CodeIgniter\CodeIgniter->run()
CRITICAL - 2024-05-15 18:23:25 --> Call to undefined function App\Controllers\str_contains()
in APPPATH/Controllers/Game_control.php on line 1204.
 1 SYSTEMPATH/CodeIgniter.php(902): App\Controllers\Game_control->slotListMenu()
 2 SYSTEMPATH/CodeIgniter.php(457): CodeIgniter\CodeIgniter->runController()
 3 SYSTEMPATH/CodeIgniter.php(340): CodeIgniter\CodeIgniter->handleRequest()
 4 FCPATH/index.php(67): CodeIgniter\CodeIgniter->run()
CRITICAL - 2024-05-15 18:23:39 --> Call to undefined function App\Controllers\str_contains()
in APPPATH/Controllers/Game_control.php on line 1081.
 1 SYSTEMPATH/CodeIgniter.php(902): App\Controllers\Game_control->slotList()
 2 SYSTEMPATH/CodeIgniter.php(457): CodeIgniter\CodeIgniter->runController()
 3 SYSTEMPATH/CodeIgniter.php(340): CodeIgniter\CodeIgniter->handleRequest()
 4 FCPATH/index.php(67): CodeIgniter\CodeIgniter->run()
CRITICAL - 2024-05-15 18:23:47 --> Call to undefined function App\Controllers\str_contains()
in APPPATH/Controllers/Game_control.php on line 1081.
 1 SYSTEMPATH/CodeIgniter.php(902): App\Controllers\Game_control->slotList()
 2 SYSTEMPATH/CodeIgniter.php(457): CodeIgniter\CodeIgniter->runController()
 3 SYSTEMPATH/CodeIgniter.php(340): CodeIgniter\CodeIgniter->handleRequest()
 4 FCPATH/index.php(67): CodeIgniter\CodeIgniter->run()
CRITICAL - 2024-05-15 18:23:48 --> Call to undefined function App\Controllers\str_contains()
in APPPATH/Controllers/Game_control.php on line 1204.
 1 SYSTEMPATH/CodeIgniter.php(902): App\Controllers\Game_control->slotListMenu()
 2 SYSTEMPATH/CodeIgniter.php(457): CodeIgniter\CodeIgniter->runController()
 3 SYSTEMPATH/CodeIgniter.php(340): CodeIgniter\CodeIgniter->handleRequest()
 4 FCPATH/index.php(67): CodeIgniter\CodeIgniter->run()
CRITICAL - 2024-05-15 18:23:53 --> Call to undefined function App\Controllers\str_contains()
in APPPATH/Controllers/Game_control.php on line 1204.
 1 SYSTEMPATH/CodeIgniter.php(902): App\Controllers\Game_control->slotListMenu()
 2 SYSTEMPATH/CodeIgniter.php(457): CodeIgniter\CodeIgniter->runController()
 3 SYSTEMPATH/CodeIgniter.php(340): CodeIgniter\CodeIgniter->handleRequest()
 4 FCPATH/index.php(67): CodeIgniter\CodeIgniter->run()
CRITICAL - 2024-05-15 18:23:56 --> Call to undefined function App\Controllers\str_contains()
in APPPATH/Controllers/Game_control.php on line 1204.
 1 SYSTEMPATH/CodeIgniter.php(902): App\Controllers\Game_control->slotListMenu()
 2 SYSTEMPATH/CodeIgniter.php(457): CodeIgniter\CodeIgniter->runController()
 3 SYSTEMPATH/CodeIgniter.php(340): CodeIgniter\CodeIgniter->handleRequest()
 4 FCPATH/index.php(67): CodeIgniter\CodeIgniter->run()
CRITICAL - 2024-05-15 18:23:57 --> Call to undefined function App\Controllers\str_contains()
in APPPATH/Controllers/Game_control.php on line 1081.
 1 SYSTEMPATH/CodeIgniter.php(902): App\Controllers\Game_control->slotList()
 2 SYSTEMPATH/CodeIgniter.php(457): CodeIgniter\CodeIgniter->runController()
 3 SYSTEMPATH/CodeIgniter.php(340): CodeIgniter\CodeIgniter->handleRequest()
 4 FCPATH/index.php(67): CodeIgniter\CodeIgniter->run()
CRITICAL - 2024-05-15 18:23:59 --> Call to undefined function App\Controllers\str_contains()
in APPPATH/Controllers/Game_control.php on line 1081.
 1 SYSTEMPATH/CodeIgniter.php(902): App\Controllers\Game_control->slotList()
 2 SYSTEMPATH/CodeIgniter.php(457): CodeIgniter\CodeIgniter->runController()
 3 SYSTEMPATH/CodeIgniter.php(340): CodeIgniter\CodeIgniter->handleRequest()
 4 FCPATH/index.php(67): CodeIgniter\CodeIgniter->run()
CRITICAL - 2024-05-15 18:25:52 --> Call to undefined function App\Controllers\str_contains()
in APPPATH/Controllers/Game_control.php on line 1204.
 1 SYSTEMPATH/CodeIgniter.php(902): App\Controllers\Game_control->slotListMenu()
 2 SYSTEMPATH/CodeIgniter.php(457): CodeIgniter\CodeIgniter->runController()
 3 SYSTEMPATH/CodeIgniter.php(340): CodeIgniter\CodeIgniter->handleRequest()
 4 FCPATH/index.php(67): CodeIgniter\CodeIgniter->run()
CRITICAL - 2024-05-15 18:26:38 --> Call to undefined function App\Controllers\str_contains()
in APPPATH/Controllers/Game_control.php on line 1204.
 1 SYSTEMPATH/CodeIgniter.php(902): App\Controllers\Game_control->slotListMenu()
 2 SYSTEMPATH/CodeIgniter.php(457): CodeIgniter\CodeIgniter->runController()
 3 SYSTEMPATH/CodeIgniter.php(340): CodeIgniter\CodeIgniter->handleRequest()
 4 FCPATH/index.php(67): CodeIgniter\CodeIgniter->run()
CRITICAL - 2024-05-15 18:34:19 --> Call to undefined function App\Controllers\str_contains()
in APPPATH/Controllers/Game_control.php on line 1204.
 1 SYSTEMPATH/CodeIgniter.php(902): App\Controllers\Game_control->slotListMenu()
 2 SYSTEMPATH/CodeIgniter.php(457): CodeIgniter\CodeIgniter->runController()
 3 SYSTEMPATH/CodeIgniter.php(340): CodeIgniter\CodeIgniter->handleRequest()
 4 FCPATH/index.php(67): CodeIgniter\CodeIgniter->run()
CRITICAL - 2024-05-15 18:34:26 --> Call to undefined function App\Controllers\str_contains()
in APPPATH/Controllers/Game_control.php on line 1081.
 1 SYSTEMPATH/CodeIgniter.php(902): App\Controllers\Game_control->slotList()
 2 SYSTEMPATH/CodeIgniter.php(457): CodeIgniter\CodeIgniter->runController()
 3 SYSTEMPATH/CodeIgniter.php(340): CodeIgniter\CodeIgniter->handleRequest()
 4 FCPATH/index.php(67): CodeIgniter\CodeIgniter->run()
CRITICAL - 2024-05-15 18:34:30 --> Call to undefined function App\Controllers\str_contains()
in APPPATH/Controllers/Game_control.php on line 1081.
 1 SYSTEMPATH/CodeIgniter.php(902): App\Controllers\Game_control->slotList()
 2 SYSTEMPATH/CodeIgniter.php(457): CodeIgniter\CodeIgniter->runController()
 3 SYSTEMPATH/CodeIgniter.php(340): CodeIgniter\CodeIgniter->handleRequest()
 4 FCPATH/index.php(67): CodeIgniter\CodeIgniter->run()
CRITICAL - 2024-05-15 18:34:32 --> Call to undefined function App\Controllers\str_contains()
in APPPATH/Controllers/Game_control.php on line 1204.
 1 SYSTEMPATH/CodeIgniter.php(902): App\Controllers\Game_control->slotListMenu()
 2 SYSTEMPATH/CodeIgniter.php(457): CodeIgniter\CodeIgniter->runController()
 3 SYSTEMPATH/CodeIgniter.php(340): CodeIgniter\CodeIgniter->handleRequest()
 4 FCPATH/index.php(67): CodeIgniter\CodeIgniter->run()
CRITICAL - 2024-05-15 18:35:02 --> Call to undefined function App\Controllers\str_contains()
in APPPATH/Controllers/Game_control.php on line 1081.
 1 SYSTEMPATH/CodeIgniter.php(902): App\Controllers\Game_control->slotList()
 2 SYSTEMPATH/CodeIgniter.php(457): CodeIgniter\CodeIgniter->runController()
 3 SYSTEMPATH/CodeIgniter.php(340): CodeIgniter\CodeIgniter->handleRequest()
 4 FCPATH/index.php(67): CodeIgniter\CodeIgniter->run()
CRITICAL - 2024-05-15 18:35:02 --> Call to undefined function App\Controllers\str_contains()
in APPPATH/Controllers/Game_control.php on line 1204.
 1 SYSTEMPATH/CodeIgniter.php(902): App\Controllers\Game_control->slotListMenu()
 2 SYSTEMPATH/CodeIgniter.php(457): CodeIgniter\CodeIgniter->runController()
 3 SYSTEMPATH/CodeIgniter.php(340): CodeIgniter\CodeIgniter->handleRequest()
 4 FCPATH/index.php(67): CodeIgniter\CodeIgniter->run()
CRITICAL - 2024-05-15 18:35:52 --> Call to undefined function App\Controllers\str_contains()
in APPPATH/Controllers/Game_control.php on line 1204.
 1 SYSTEMPATH/CodeIgniter.php(902): App\Controllers\Game_control->slotListMenu()
 2 SYSTEMPATH/CodeIgniter.php(457): CodeIgniter\CodeIgniter->runController()
 3 SYSTEMPATH/CodeIgniter.php(340): CodeIgniter\CodeIgniter->handleRequest()
 4 FCPATH/index.php(67): CodeIgniter\CodeIgniter->run()
CRITICAL - 2024-05-15 18:35:59 --> Call to undefined function App\Controllers\str_contains()
in APPPATH/Controllers/Game_control.php on line 1204.
 1 SYSTEMPATH/CodeIgniter.php(902): App\Controllers\Game_control->slotListMenu()
 2 SYSTEMPATH/CodeIgniter.php(457): CodeIgniter\CodeIgniter->runController()
 3 SYSTEMPATH/CodeIgniter.php(340): CodeIgniter\CodeIgniter->handleRequest()
 4 FCPATH/index.php(67): CodeIgniter\CodeIgniter->run()
CRITICAL - 2024-05-15 18:37:18 --> Call to undefined function App\Controllers\str_contains()
in APPPATH/Controllers/Game_control.php on line 1204.
 1 SYSTEMPATH/CodeIgniter.php(902): App\Controllers\Game_control->slotListMenu()
 2 SYSTEMPATH/CodeIgniter.php(457): CodeIgniter\CodeIgniter->runController()
 3 SYSTEMPATH/CodeIgniter.php(340): CodeIgniter\CodeIgniter->handleRequest()
 4 FCPATH/index.php(67): CodeIgniter\CodeIgniter->run()
CRITICAL - 2024-05-15 18:37:56 --> Call to undefined function App\Controllers\str_contains()
in APPPATH/Controllers/Game_control.php on line 1204.
 1 SYSTEMPATH/CodeIgniter.php(902): App\Controllers\Game_control->slotListMenu()
 2 SYSTEMPATH/CodeIgniter.php(457): CodeIgniter\CodeIgniter->runController()
 3 SYSTEMPATH/CodeIgniter.php(340): CodeIgniter\CodeIgniter->handleRequest()
 4 FCPATH/index.php(67): CodeIgniter\CodeIgniter->run()
CRITICAL - 2024-05-15 18:47:00 --> Call to undefined function App\Controllers\str_contains()
in APPPATH/Controllers/Game_control.php on line 1204.
 1 SYSTEMPATH/CodeIgniter.php(902): App\Controllers\Game_control->slotListMenu()
 2 SYSTEMPATH/CodeIgniter.php(457): CodeIgniter\CodeIgniter->runController()
 3 SYSTEMPATH/CodeIgniter.php(340): CodeIgniter\CodeIgniter->handleRequest()
 4 FCPATH/index.php(67): CodeIgniter\CodeIgniter->run()
CRITICAL - 2024-05-15 18:47:04 --> Call to undefined function App\Controllers\str_contains()
in APPPATH/Controllers/Game_control.php on line 1204.
 1 SYSTEMPATH/CodeIgniter.php(902): App\Controllers\Game_control->slotListMenu()
 2 SYSTEMPATH/CodeIgniter.php(457): CodeIgniter\CodeIgniter->runController()
 3 SYSTEMPATH/CodeIgniter.php(340): CodeIgniter\CodeIgniter->handleRequest()
 4 FCPATH/index.php(67): CodeIgniter\CodeIgniter->run()
CRITICAL - 2024-05-15 18:47:25 --> Call to undefined function App\Controllers\str_contains()
in APPPATH/Controllers/Game_control.php on line 1081.
 1 SYSTEMPATH/CodeIgniter.php(902): App\Controllers\Game_control->slotList()
 2 SYSTEMPATH/CodeIgniter.php(457): CodeIgniter\CodeIgniter->runController()
 3 SYSTEMPATH/CodeIgniter.php(340): CodeIgniter\CodeIgniter->handleRequest()
 4 FCPATH/index.php(67): CodeIgniter\CodeIgniter->run()
CRITICAL - 2024-05-15 18:47:50 --> Call to undefined function App\Controllers\str_contains()
in APPPATH/Controllers/Game_control.php on line 1081.
 1 SYSTEMPATH/CodeIgniter.php(902): App\Controllers\Game_control->slotList()
 2 SYSTEMPATH/CodeIgniter.php(457): CodeIgniter\CodeIgniter->runController()
 3 SYSTEMPATH/CodeIgniter.php(340): CodeIgniter\CodeIgniter->handleRequest()
 4 FCPATH/index.php(67): CodeIgniter\CodeIgniter->run()
CRITICAL - 2024-05-15 18:48:53 --> Call to undefined function App\Controllers\str_contains()
in APPPATH/Controllers/Game_control.php on line 1081.
 1 SYSTEMPATH/CodeIgniter.php(902): App\Controllers\Game_control->slotList()
 2 SYSTEMPATH/CodeIgniter.php(457): CodeIgniter\CodeIgniter->runController()
 3 SYSTEMPATH/CodeIgniter.php(340): CodeIgniter\CodeIgniter->handleRequest()
 4 FCPATH/index.php(67): CodeIgniter\CodeIgniter->run()
CRITICAL - 2024-05-15 18:48:54 --> Call to undefined function App\Controllers\str_contains()
in APPPATH/Controllers/Game_control.php on line 1204.
 1 SYSTEMPATH/CodeIgniter.php(902): App\Controllers\Game_control->slotListMenu()
 2 SYSTEMPATH/CodeIgniter.php(457): CodeIgniter\CodeIgniter->runController()
 3 SYSTEMPATH/CodeIgniter.php(340): CodeIgniter\CodeIgniter->handleRequest()
 4 FCPATH/index.php(67): CodeIgniter\CodeIgniter->run()
CRITICAL - 2024-05-15 18:48:57 --> Call to undefined function App\Controllers\str_contains()
in APPPATH/Controllers/Game_control.php on line 1081.
 1 SYSTEMPATH/CodeIgniter.php(902): App\Controllers\Game_control->slotList()
 2 SYSTEMPATH/CodeIgniter.php(457): CodeIgniter\CodeIgniter->runController()
 3 SYSTEMPATH/CodeIgniter.php(340): CodeIgniter\CodeIgniter->handleRequest()
 4 FCPATH/index.php(67): CodeIgniter\CodeIgniter->run()
CRITICAL - 2024-05-15 18:49:16 --> Call to undefined function App\Controllers\str_contains()
in APPPATH/Controllers/Game_control.php on line 1204.
 1 SYSTEMPATH/CodeIgniter.php(902): App\Controllers\Game_control->slotListMenu()
 2 SYSTEMPATH/CodeIgniter.php(457): CodeIgniter\CodeIgniter->runController()
 3 SYSTEMPATH/CodeIgniter.php(340): CodeIgniter\CodeIgniter->handleRequest()
 4 FCPATH/index.php(67): CodeIgniter\CodeIgniter->run()
CRITICAL - 2024-05-15 18:49:23 --> Call to undefined function App\Controllers\str_contains()
in APPPATH/Controllers/Game_control.php on line 1204.
 1 SYSTEMPATH/CodeIgniter.php(902): App\Controllers\Game_control->slotListMenu()
 2 SYSTEMPATH/CodeIgniter.php(457): CodeIgniter\CodeIgniter->runController()
 3 SYSTEMPATH/CodeIgniter.php(340): CodeIgniter\CodeIgniter->handleRequest()
 4 FCPATH/index.php(67): CodeIgniter\CodeIgniter->run()
CRITICAL - 2024-05-15 18:49:28 --> Call to undefined function App\Controllers\str_contains()
in APPPATH/Controllers/Game_control.php on line 1204.
 1 SYSTEMPATH/CodeIgniter.php(902): App\Controllers\Game_control->slotListMenu()
 2 SYSTEMPATH/CodeIgniter.php(457): CodeIgniter\CodeIgniter->runController()
 3 SYSTEMPATH/CodeIgniter.php(340): CodeIgniter\CodeIgniter->handleRequest()
 4 FCPATH/index.php(67): CodeIgniter\CodeIgniter->run()
CRITICAL - 2024-05-15 18:49:39 --> Call to undefined function App\Controllers\str_contains()
in APPPATH/Controllers/Game_control.php on line 1204.
 1 SYSTEMPATH/CodeIgniter.php(902): App\Controllers\Game_control->slotListMenu()
 2 SYSTEMPATH/CodeIgniter.php(457): CodeIgniter\CodeIgniter->runController()
 3 SYSTEMPATH/CodeIgniter.php(340): CodeIgniter\CodeIgniter->handleRequest()
 4 FCPATH/index.php(67): CodeIgniter\CodeIgniter->run()
CRITICAL - 2024-05-15 18:49:48 --> Call to undefined function App\Controllers\str_contains()
in APPPATH/Controllers/Game_control.php on line 1081.
 1 SYSTEMPATH/CodeIgniter.php(902): App\Controllers\Game_control->slotList()
 2 SYSTEMPATH/CodeIgniter.php(457): CodeIgniter\CodeIgniter->runController()
 3 SYSTEMPATH/CodeIgniter.php(340): CodeIgniter\CodeIgniter->handleRequest()
 4 FCPATH/index.php(67): CodeIgniter\CodeIgniter->run()
CRITICAL - 2024-05-15 18:49:50 --> Call to undefined function App\Controllers\str_contains()
in APPPATH/Controllers/Game_control.php on line 1204.
 1 SYSTEMPATH/CodeIgniter.php(902): App\Controllers\Game_control->slotListMenu()
 2 SYSTEMPATH/CodeIgniter.php(457): CodeIgniter\CodeIgniter->runController()
 3 SYSTEMPATH/CodeIgniter.php(340): CodeIgniter\CodeIgniter->handleRequest()
 4 FCPATH/index.php(67): CodeIgniter\CodeIgniter->run()
CRITICAL - 2024-05-15 18:50:06 --> Call to undefined function App\Controllers\str_contains()
in APPPATH/Controllers/Game_control.php on line 1204.
 1 SYSTEMPATH/CodeIgniter.php(902): App\Controllers\Game_control->slotListMenu()
 2 SYSTEMPATH/CodeIgniter.php(457): CodeIgniter\CodeIgniter->runController()
 3 SYSTEMPATH/CodeIgniter.php(340): CodeIgniter\CodeIgniter->handleRequest()
 4 FCPATH/index.php(67): CodeIgniter\CodeIgniter->run()
CRITICAL - 2024-05-15 18:50:08 --> Call to undefined function App\Controllers\str_contains()
in APPPATH/Controllers/Game_control.php on line 1204.
 1 SYSTEMPATH/CodeIgniter.php(902): App\Controllers\Game_control->slotListMenu()
 2 SYSTEMPATH/CodeIgniter.php(457): CodeIgniter\CodeIgniter->runController()
 3 SYSTEMPATH/CodeIgniter.php(340): CodeIgniter\CodeIgniter->handleRequest()
 4 FCPATH/index.php(67): CodeIgniter\CodeIgniter->run()
CRITICAL - 2024-05-15 18:50:11 --> Call to undefined function App\Controllers\str_contains()
in APPPATH/Controllers/Game_control.php on line 1204.
 1 SYSTEMPATH/CodeIgniter.php(902): App\Controllers\Game_control->slotListMenu()
 2 SYSTEMPATH/CodeIgniter.php(457): CodeIgniter\CodeIgniter->runController()
 3 SYSTEMPATH/CodeIgniter.php(340): CodeIgniter\CodeIgniter->handleRequest()
 4 FCPATH/index.php(67): CodeIgniter\CodeIgniter->run()
CRITICAL - 2024-05-15 18:50:13 --> Call to undefined function App\Controllers\str_contains()
in APPPATH/Controllers/Game_control.php on line 1081.
 1 SYSTEMPATH/CodeIgniter.php(902): App\Controllers\Game_control->slotList()
 2 SYSTEMPATH/CodeIgniter.php(457): CodeIgniter\CodeIgniter->runController()
 3 SYSTEMPATH/CodeIgniter.php(340): CodeIgniter\CodeIgniter->handleRequest()
 4 FCPATH/index.php(67): CodeIgniter\CodeIgniter->run()
CRITICAL - 2024-05-15 19:05:15 --> Call to undefined function App\Controllers\str_contains()
in APPPATH/Controllers/Game_control.php on line 1204.
 1 SYSTEMPATH/CodeIgniter.php(902): App\Controllers\Game_control->slotListMenu()
 2 SYSTEMPATH/CodeIgniter.php(457): CodeIgniter\CodeIgniter->runController()
 3 SYSTEMPATH/CodeIgniter.php(340): CodeIgniter\CodeIgniter->handleRequest()
 4 FCPATH/index.php(67): CodeIgniter\CodeIgniter->run()
CRITICAL - 2024-05-15 19:05:18 --> Call to undefined function App\Controllers\str_contains()
in APPPATH/Controllers/Game_control.php on line 1204.
 1 SYSTEMPATH/CodeIgniter.php(902): App\Controllers\Game_control->slotListMenu()
 2 SYSTEMPATH/CodeIgniter.php(457): CodeIgniter\CodeIgniter->runController()
 3 SYSTEMPATH/CodeIgniter.php(340): CodeIgniter\CodeIgniter->handleRequest()
 4 FCPATH/index.php(67): CodeIgniter\CodeIgniter->run()
CRITICAL - 2024-05-15 19:05:22 --> Call to undefined function App\Controllers\str_contains()
in APPPATH/Controllers/Game_control.php on line 1204.
 1 SYSTEMPATH/CodeIgniter.php(902): App\Controllers\Game_control->slotListMenu()
 2 SYSTEMPATH/CodeIgniter.php(457): CodeIgniter\CodeIgniter->runController()
 3 SYSTEMPATH/CodeIgniter.php(340): CodeIgniter\CodeIgniter->handleRequest()
 4 FCPATH/index.php(67): CodeIgniter\CodeIgniter->run()
CRITICAL - 2024-05-15 19:15:00 --> Call to undefined function App\Controllers\str_contains()
in APPPATH/Controllers/Game_control.php on line 1204.
 1 SYSTEMPATH/CodeIgniter.php(902): App\Controllers\Game_control->slotListMenu()
 2 SYSTEMPATH/CodeIgniter.php(457): CodeIgniter\CodeIgniter->runController()
 3 SYSTEMPATH/CodeIgniter.php(340): CodeIgniter\CodeIgniter->handleRequest()
 4 FCPATH/index.php(67): CodeIgniter\CodeIgniter->run()
CRITICAL - 2024-05-15 19:18:07 --> Call to undefined function App\Controllers\str_contains()
in APPPATH/Controllers/Game_control.php on line 1204.
 1 SYSTEMPATH/CodeIgniter.php(902): App\Controllers\Game_control->slotListMenu()
 2 SYSTEMPATH/CodeIgniter.php(457): CodeIgniter\CodeIgniter->runController()
 3 SYSTEMPATH/CodeIgniter.php(340): CodeIgniter\CodeIgniter->handleRequest()
 4 FCPATH/index.php(67): CodeIgniter\CodeIgniter->run()
CRITICAL - 2024-05-15 19:18:19 --> Call to undefined function App\Controllers\str_contains()
in APPPATH/Controllers/Game_control.php on line 1204.
 1 SYSTEMPATH/CodeIgniter.php(902): App\Controllers\Game_control->slotListMenu()
 2 SYSTEMPATH/CodeIgniter.php(457): CodeIgniter\CodeIgniter->runController()
 3 SYSTEMPATH/CodeIgniter.php(340): CodeIgniter\CodeIgniter->handleRequest()
 4 FCPATH/index.php(67): CodeIgniter\CodeIgniter->run()
CRITICAL - 2024-05-15 19:18:20 --> Call to undefined function App\Controllers\str_contains()
in APPPATH/Controllers/Game_control.php on line 1081.
 1 SYSTEMPATH/CodeIgniter.php(902): App\Controllers\Game_control->slotList()
 2 SYSTEMPATH/CodeIgniter.php(457): CodeIgniter\CodeIgniter->runController()
 3 SYSTEMPATH/CodeIgniter.php(340): CodeIgniter\CodeIgniter->handleRequest()
 4 FCPATH/index.php(67): CodeIgniter\CodeIgniter->run()
CRITICAL - 2024-05-15 19:18:40 --> Call to undefined function App\Controllers\str_contains()
in APPPATH/Controllers/Game_control.php on line 1204.
 1 SYSTEMPATH/CodeIgniter.php(902): App\Controllers\Game_control->slotListMenu()
 2 SYSTEMPATH/CodeIgniter.php(457): CodeIgniter\CodeIgniter->runController()
 3 SYSTEMPATH/CodeIgniter.php(340): CodeIgniter\CodeIgniter->handleRequest()
 4 FCPATH/index.php(67): CodeIgniter\CodeIgniter->run()
CRITICAL - 2024-05-15 19:26:22 --> Call to undefined function App\Controllers\str_contains()
in APPPATH/Controllers/Game_control.php on line 1204.
 1 SYSTEMPATH/CodeIgniter.php(902): App\Controllers\Game_control->slotListMenu()
 2 SYSTEMPATH/CodeIgniter.php(457): CodeIgniter\CodeIgniter->runController()
 3 SYSTEMPATH/CodeIgniter.php(340): CodeIgniter\CodeIgniter->handleRequest()
 4 FCPATH/index.php(67): CodeIgniter\CodeIgniter->run()
CRITICAL - 2024-05-15 19:26:28 --> Call to undefined function App\Controllers\str_contains()
in APPPATH/Controllers/Game_control.php on line 1081.
 1 SYSTEMPATH/CodeIgniter.php(902): App\Controllers\Game_control->slotList()
 2 SYSTEMPATH/CodeIgniter.php(457): CodeIgniter\CodeIgniter->runController()
 3 SYSTEMPATH/CodeIgniter.php(340): CodeIgniter\CodeIgniter->handleRequest()
 4 FCPATH/index.php(67): CodeIgniter\CodeIgniter->run()
CRITICAL - 2024-05-15 19:26:30 --> Call to undefined function App\Controllers\str_contains()
in APPPATH/Controllers/Game_control.php on line 1081.
 1 SYSTEMPATH/CodeIgniter.php(902): App\Controllers\Game_control->slotList()
 2 SYSTEMPATH/CodeIgniter.php(457): CodeIgniter\CodeIgniter->runController()
 3 SYSTEMPATH/CodeIgniter.php(340): CodeIgniter\CodeIgniter->handleRequest()
 4 FCPATH/index.php(67): CodeIgniter\CodeIgniter->run()
CRITICAL - 2024-05-15 19:26:30 --> Call to undefined function App\Controllers\str_contains()
in APPPATH/Controllers/Game_control.php on line 1081.
 1 SYSTEMPATH/CodeIgniter.php(902): App\Controllers\Game_control->slotList()
 2 SYSTEMPATH/CodeIgniter.php(457): CodeIgniter\CodeIgniter->runController()
 3 SYSTEMPATH/CodeIgniter.php(340): CodeIgniter\CodeIgniter->handleRequest()
 4 FCPATH/index.php(67): CodeIgniter\CodeIgniter->run()
CRITICAL - 2024-05-15 19:26:36 --> Call to undefined function App\Controllers\str_contains()
in APPPATH/Controllers/Game_control.php on line 1081.
 1 SYSTEMPATH/CodeIgniter.php(902): App\Controllers\Game_control->slotList()
 2 SYSTEMPATH/CodeIgniter.php(457): CodeIgniter\CodeIgniter->runController()
 3 SYSTEMPATH/CodeIgniter.php(340): CodeIgniter\CodeIgniter->handleRequest()
 4 FCPATH/index.php(67): CodeIgniter\CodeIgniter->run()
CRITICAL - 2024-05-15 19:27:06 --> Call to undefined function App\Controllers\str_contains()
in APPPATH/Controllers/Game_control.php on line 1081.
 1 SYSTEMPATH/CodeIgniter.php(902): App\Controllers\Game_control->slotList()
 2 SYSTEMPATH/CodeIgniter.php(457): CodeIgniter\CodeIgniter->runController()
 3 SYSTEMPATH/CodeIgniter.php(340): CodeIgniter\CodeIgniter->handleRequest()
 4 FCPATH/index.php(67): CodeIgniter\CodeIgniter->run()
CRITICAL - 2024-05-15 19:27:08 --> Call to undefined function App\Controllers\str_contains()
in APPPATH/Controllers/Game_control.php on line 1081.
 1 SYSTEMPATH/CodeIgniter.php(902): App\Controllers\Game_control->slotList()
 2 SYSTEMPATH/CodeIgniter.php(457): CodeIgniter\CodeIgniter->runController()
 3 SYSTEMPATH/CodeIgniter.php(340): CodeIgniter\CodeIgniter->handleRequest()
 4 FCPATH/index.php(67): CodeIgniter\CodeIgniter->run()
CRITICAL - 2024-05-15 19:27:12 --> Call to undefined function App\Controllers\str_contains()
in APPPATH/Controllers/Game_control.php on line 1081.
 1 SYSTEMPATH/CodeIgniter.php(902): App\Controllers\Game_control->slotList()
 2 SYSTEMPATH/CodeIgniter.php(457): CodeIgniter\CodeIgniter->runController()
 3 SYSTEMPATH/CodeIgniter.php(340): CodeIgniter\CodeIgniter->handleRequest()
 4 FCPATH/index.php(67): CodeIgniter\CodeIgniter->run()
CRITICAL - 2024-05-15 19:33:43 --> Call to undefined function App\Controllers\str_contains()
in APPPATH/Controllers/Game_control.php on line 1081.
 1 SYSTEMPATH/CodeIgniter.php(902): App\Controllers\Game_control->slotList()
 2 SYSTEMPATH/CodeIgniter.php(457): CodeIgniter\CodeIgniter->runController()
 3 SYSTEMPATH/CodeIgniter.php(340): CodeIgniter\CodeIgniter->handleRequest()
 4 FCPATH/index.php(67): CodeIgniter\CodeIgniter->run()
CRITICAL - 2024-05-15 21:37:53 --> Call to undefined function App\Controllers\str_contains()
in APPPATH/Controllers/Game_control.php on line 1204.
 1 SYSTEMPATH/CodeIgniter.php(902): App\Controllers\Game_control->slotListMenu()
 2 SYSTEMPATH/CodeIgniter.php(457): CodeIgniter\CodeIgniter->runController()
 3 SYSTEMPATH/CodeIgniter.php(340): CodeIgniter\CodeIgniter->handleRequest()
 4 FCPATH/index.php(67): CodeIgniter\CodeIgniter->run()
