CRITICAL - 2024-04-05 15:57:58 --> Invalid argument supplied for foreach()
in APPPATH/Controllers/Bankcard_control.php on line 212.
 1 APPPATH/Controllers/Bankcard_control.php(212): CodeIgniter\Debug\Exceptions->errorHandler()
 2 SYSTEMPATH/CodeIgniter.php(902): App\Controllers\Bankcard_control->companyBankCard()
 3 SYSTEMPATH/CodeIgniter.php(457): CodeIgniter\CodeIgniter->runController()
 4 SYSTEMPATH/CodeIgniter.php(340): CodeIgniter\CodeIgniter->handleRequest()
 5 FCPATH/index.php(67): CodeIgniter\CodeIgniter->run()
CRITICAL - 2024-04-05 15:58:05 --> Invalid argument supplied for foreach()
in APPPATH/Controllers/Bankcard_control.php on line 212.
 1 APPPATH/Controllers/Bankcard_control.php(212): CodeIgniter\Debug\Exceptions->errorHandler()
 2 SYSTEMPATH/CodeIgniter.php(902): App\Controllers\Bankcard_control->companyBankCard()
 3 SYSTEMPATH/CodeIgniter.php(457): CodeIgniter\CodeIgniter->runController()
 4 SYSTEMPATH/CodeIgniter.php(340): CodeIgniter\CodeIgniter->handleRequest()
 5 FCPATH/index.php(67): CodeIgniter\CodeIgniter->run()
CRITICAL - 2024-04-05 16:00:39 --> Invalid argument supplied for foreach()
in APPPATH/Controllers/Bankcard_control.php on line 212.
 1 APPPATH/Controllers/Bankcard_control.php(212): CodeIgniter\Debug\Exceptions->errorHandler()
 2 SYSTEMPATH/CodeIgniter.php(902): App\Controllers\Bankcard_control->companyBankCard()
 3 SYSTEMPATH/CodeIgniter.php(457): CodeIgniter\CodeIgniter->runController()
 4 SYSTEMPATH/CodeIgniter.php(340): CodeIgniter\CodeIgniter->handleRequest()
 5 FCPATH/index.php(67): CodeIgniter\CodeIgniter->run()
CRITICAL - 2024-04-05 16:01:12 --> Invalid argument supplied for foreach()
in APPPATH/Controllers/Bankcard_control.php on line 212.
 1 APPPATH/Controllers/Bankcard_control.php(212): CodeIgniter\Debug\Exceptions->errorHandler()
 2 SYSTEMPATH/CodeIgniter.php(902): App\Controllers\Bankcard_control->companyBankCard()
 3 SYSTEMPATH/CodeIgniter.php(457): CodeIgniter\CodeIgniter->runController()
 4 SYSTEMPATH/CodeIgniter.php(340): CodeIgniter\CodeIgniter->handleRequest()
 5 FCPATH/index.php(67): CodeIgniter\CodeIgniter->run()
CRITICAL - 2024-04-05 16:05:20 --> Invalid argument supplied for foreach()
in APPPATH/Controllers/Bankcard_control.php on line 212.
 1 APPPATH/Controllers/Bankcard_control.php(212): CodeIgniter\Debug\Exceptions->errorHandler()
 2 SYSTEMPATH/CodeIgniter.php(902): App\Controllers\Bankcard_control->companyBankCard()
 3 SYSTEMPATH/CodeIgniter.php(457): CodeIgniter\CodeIgniter->runController()
 4 SYSTEMPATH/CodeIgniter.php(340): CodeIgniter\CodeIgniter->handleRequest()
 5 FCPATH/index.php(67): CodeIgniter\CodeIgniter->run()
CRITICAL - 2024-04-05 16:05:54 --> Invalid argument supplied for foreach()
in APPPATH/Controllers/Bankcard_control.php on line 212.
 1 APPPATH/Controllers/Bankcard_control.php(212): CodeIgniter\Debug\Exceptions->errorHandler()
 2 SYSTEMPATH/CodeIgniter.php(902): App\Controllers\Bankcard_control->companyBankCard()
 3 SYSTEMPATH/CodeIgniter.php(457): CodeIgniter\CodeIgniter->runController()
 4 SYSTEMPATH/CodeIgniter.php(340): CodeIgniter\CodeIgniter->handleRequest()
 5 FCPATH/index.php(67): CodeIgniter\CodeIgniter->run()
CRITICAL - 2024-04-05 16:08:56 --> Invalid argument supplied for foreach()
in APPPATH/Controllers/Bankcard_control.php on line 212.
 1 APPPATH/Controllers/Bankcard_control.php(212): CodeIgniter\Debug\Exceptions->errorHandler()
 2 SYSTEMPATH/CodeIgniter.php(902): App\Controllers\Bankcard_control->companyBankCard()
 3 SYSTEMPATH/CodeIgniter.php(457): CodeIgniter\CodeIgniter->runController()
 4 SYSTEMPATH/CodeIgniter.php(340): CodeIgniter\CodeIgniter->handleRequest()
 5 FCPATH/index.php(67): CodeIgniter\CodeIgniter->run()
CRITICAL - 2024-04-05 16:09:00 --> Invalid argument supplied for foreach()
in APPPATH/Controllers/Bankcard_control.php on line 212.
 1 APPPATH/Controllers/Bankcard_control.php(212): CodeIgniter\Debug\Exceptions->errorHandler()
 2 SYSTEMPATH/CodeIgniter.php(902): App\Controllers\Bankcard_control->companyBankCard()
 3 SYSTEMPATH/CodeIgniter.php(457): CodeIgniter\CodeIgniter->runController()
 4 SYSTEMPATH/CodeIgniter.php(340): CodeIgniter\CodeIgniter->handleRequest()
 5 FCPATH/index.php(67): CodeIgniter\CodeIgniter->run()
