CRITICAL - 2024-05-14 10:40:13 --> Undefined array key "level"
in APPPATH\Controllers\Affiliate_control.php on line 12.
 1 APPPATH\Controllers\Affiliate_control.php(12): CodeIgniter\Debug\Exceptions->errorHandler(2, 'Undefined array key "level"', 'APPPATH\\Controllers\\Affiliate_control.php', 12)
 2 SYSTEMPATH\CodeIgniter.php(902): App\Controllers\Affiliate_control->getAffiliateDownlineList()
 3 SYSTEMPATH\CodeIgniter.php(457): CodeIgniter\CodeIgniter->runController(Object(App\Controllers\Affiliate_control))
 4 SYSTEMPATH\CodeIgniter.php(340): CodeIgniter\CodeIgniter->handleRequest(null, Object(Config\Cache), false)
 5 FCPATH\index.php(67): CodeIgniter\CodeIgniter->run()
CRITICAL - 2024-05-14 10:40:39 --> Undefined array key "level"
in APPPATH\Controllers\Affiliate_control.php on line 12.
 1 APPPATH\Controllers\Affiliate_control.php(12): CodeIgniter\Debug\Exceptions->errorHandler(2, 'Undefined array key "level"', 'APPPATH\\Controllers\\Affiliate_control.php', 12)
 2 SYSTEMPATH\CodeIgniter.php(902): App\Controllers\Affiliate_control->getAffiliateDownlineList()
 3 SYSTEMPATH\CodeIgniter.php(457): CodeIgniter\CodeIgniter->runController(Object(App\Controllers\Affiliate_control))
 4 SYSTEMPATH\CodeIgniter.php(340): CodeIgniter\CodeIgniter->handleRequest(null, Object(Config\Cache), false)
 5 FCPATH\index.php(67): CodeIgniter\CodeIgniter->run()
CRITICAL - 2024-05-14 10:41:51 --> Undefined array key "level"
in APPPATH\Controllers\Affiliate_control.php on line 12.
 1 APPPATH\Controllers\Affiliate_control.php(12): CodeIgniter\Debug\Exceptions->errorHandler(2, 'Undefined array key "level"', 'APPPATH\\Controllers\\Affiliate_control.php', 12)
 2 SYSTEMPATH\CodeIgniter.php(902): App\Controllers\Affiliate_control->getAffiliateDownlineList()
 3 SYSTEMPATH\CodeIgniter.php(457): CodeIgniter\CodeIgniter->runController(Object(App\Controllers\Affiliate_control))
 4 SYSTEMPATH\CodeIgniter.php(340): CodeIgniter\CodeIgniter->handleRequest(null, Object(Config\Cache), false)
 5 FCPATH\index.php(67): CodeIgniter\CodeIgniter->run()
CRITICAL - 2024-05-14 13:46:04 --> Array to string conversion
in APPPATH\Controllers\Game_control.php on line 1356.
 1 APPPATH\Controllers\Game_control.php(1356): CodeIgniter\Debug\Exceptions->errorHandler(2, 'Array to string conversion', 'APPPATH\\Controllers\\Game_control.php', 1356)
 2 SYSTEMPATH\CodeIgniter.php(902): App\Controllers\Game_control->casinoListMenu()
 3 SYSTEMPATH\CodeIgniter.php(457): CodeIgniter\CodeIgniter->runController(Object(App\Controllers\Game_control))
 4 SYSTEMPATH\CodeIgniter.php(340): CodeIgniter\CodeIgniter->handleRequest(null, Object(Config\Cache), false)
 5 FCPATH\index.php(67): CodeIgniter\CodeIgniter->run()
CRITICAL - 2024-05-14 13:47:08 --> Array to string conversion
in APPPATH\Controllers\Game_control.php on line 1356.
 1 APPPATH\Controllers\Game_control.php(1356): CodeIgniter\Debug\Exceptions->errorHandler(2, 'Array to string conversion', 'APPPATH\\Controllers\\Game_control.php', 1356)
 2 SYSTEMPATH\CodeIgniter.php(902): App\Controllers\Game_control->casinoListMenu()
 3 SYSTEMPATH\CodeIgniter.php(457): CodeIgniter\CodeIgniter->runController(Object(App\Controllers\Game_control))
 4 SYSTEMPATH\CodeIgniter.php(340): CodeIgniter\CodeIgniter->handleRequest(null, Object(Config\Cache), false)
 5 FCPATH\index.php(67): CodeIgniter\CodeIgniter->run()
CRITICAL - 2024-05-14 13:53:11 --> Array to string conversion
in APPPATH\Controllers\Game_control.php on line 1356.
 1 APPPATH\Controllers\Game_control.php(1356): CodeIgniter\Debug\Exceptions->errorHandler(2, 'Array to string conversion', 'APPPATH\\Controllers\\Game_control.php', 1356)
 2 SYSTEMPATH\CodeIgniter.php(902): App\Controllers\Game_control->casinoListMenu()
 3 SYSTEMPATH\CodeIgniter.php(457): CodeIgniter\CodeIgniter->runController(Object(App\Controllers\Game_control))
 4 SYSTEMPATH\CodeIgniter.php(340): CodeIgniter\CodeIgniter->handleRequest(null, Object(Config\Cache), false)
 5 FCPATH\index.php(67): CodeIgniter\CodeIgniter->run()
CRITICAL - 2024-05-14 13:53:11 --> Array to string conversion
in APPPATH\Controllers\Game_control.php on line 1802.
 1 APPPATH\Controllers\Game_control.php(1802): CodeIgniter\Debug\Exceptions->errorHandler(2, 'Array to string conversion', 'APPPATH\\Controllers\\Game_control.php', 1802)
 2 SYSTEMPATH\CodeIgniter.php(902): App\Controllers\Game_control->lotteryListMenu()
 3 SYSTEMPATH\CodeIgniter.php(457): CodeIgniter\CodeIgniter->runController(Object(App\Controllers\Game_control))
 4 SYSTEMPATH\CodeIgniter.php(340): CodeIgniter\CodeIgniter->handleRequest(null, Object(Config\Cache), false)
 5 FCPATH\index.php(67): CodeIgniter\CodeIgniter->run()
CRITICAL - 2024-05-14 13:53:54 --> Array to string conversion
in APPPATH\Controllers\Game_control.php on line 1356.
 1 APPPATH\Controllers\Game_control.php(1356): CodeIgniter\Debug\Exceptions->errorHandler(2, 'Array to string conversion', 'APPPATH\\Controllers\\Game_control.php', 1356)
 2 SYSTEMPATH\CodeIgniter.php(902): App\Controllers\Game_control->casinoListMenu()
 3 SYSTEMPATH\CodeIgniter.php(457): CodeIgniter\CodeIgniter->runController(Object(App\Controllers\Game_control))
 4 SYSTEMPATH\CodeIgniter.php(340): CodeIgniter\CodeIgniter->handleRequest(null, Object(Config\Cache), false)
 5 FCPATH\index.php(67): CodeIgniter\CodeIgniter->run()
CRITICAL - 2024-05-14 13:53:54 --> Array to string conversion
in APPPATH\Controllers\Game_control.php on line 1802.
 1 APPPATH\Controllers\Game_control.php(1802): CodeIgniter\Debug\Exceptions->errorHandler(2, 'Array to string conversion', 'APPPATH\\Controllers\\Game_control.php', 1802)
 2 SYSTEMPATH\CodeIgniter.php(902): App\Controllers\Game_control->lotteryListMenu()
 3 SYSTEMPATH\CodeIgniter.php(457): CodeIgniter\CodeIgniter->runController(Object(App\Controllers\Game_control))
 4 SYSTEMPATH\CodeIgniter.php(340): CodeIgniter\CodeIgniter->handleRequest(null, Object(Config\Cache), false)
 5 FCPATH\index.php(67): CodeIgniter\CodeIgniter->run()
CRITICAL - 2024-05-14 13:55:20 --> Array to string conversion
in APPPATH\Controllers\Game_control.php on line 1356.
 1 APPPATH\Controllers\Game_control.php(1356): CodeIgniter\Debug\Exceptions->errorHandler(2, 'Array to string conversion', 'APPPATH\\Controllers\\Game_control.php', 1356)
 2 SYSTEMPATH\CodeIgniter.php(902): App\Controllers\Game_control->casinoListMenu()
 3 SYSTEMPATH\CodeIgniter.php(457): CodeIgniter\CodeIgniter->runController(Object(App\Controllers\Game_control))
 4 SYSTEMPATH\CodeIgniter.php(340): CodeIgniter\CodeIgniter->handleRequest(null, Object(Config\Cache), false)
 5 FCPATH\index.php(67): CodeIgniter\CodeIgniter->run()
CRITICAL - 2024-05-14 13:55:20 --> Array to string conversion
in APPPATH\Controllers\Game_control.php on line 1802.
 1 APPPATH\Controllers\Game_control.php(1802): CodeIgniter\Debug\Exceptions->errorHandler(2, 'Array to string conversion', 'APPPATH\\Controllers\\Game_control.php', 1802)
 2 SYSTEMPATH\CodeIgniter.php(902): App\Controllers\Game_control->lotteryListMenu()
 3 SYSTEMPATH\CodeIgniter.php(457): CodeIgniter\CodeIgniter->runController(Object(App\Controllers\Game_control))
 4 SYSTEMPATH\CodeIgniter.php(340): CodeIgniter\CodeIgniter->handleRequest(null, Object(Config\Cache), false)
 5 FCPATH\index.php(67): CodeIgniter\CodeIgniter->run()
CRITICAL - 2024-05-14 16:13:29 --> Undefined array key "SMScompany"
in APPPATH\Views\forgot-password.php on line 289.
 1 APPPATH\Views\forgot-password.php(289): CodeIgniter\Debug\Exceptions->errorHandler(2, 'Undefined array key "SMScompany"', 'APPPATH\\Views\\forgot-password.php', 289)
 2 SYSTEMPATH\View\View.php(213): include('APPPATH\\Views\\forgot-password.php')
 3 SYSTEMPATH\View\View.php(216): CodeIgniter\View\View->CodeIgniter\View\{closure}()
 4 SYSTEMPATH\Common.php(1142): CodeIgniter\View\View->render('forgot-password', [], true)
 5 APPPATH\Controllers\General_control.php(238): view('forgot-password', [...])
 6 SYSTEMPATH\CodeIgniter.php(902): App\Controllers\General_control->index_forgotPassword()
 7 SYSTEMPATH\CodeIgniter.php(457): CodeIgniter\CodeIgniter->runController(Object(App\Controllers\General_control))
 8 SYSTEMPATH\CodeIgniter.php(340): CodeIgniter\CodeIgniter->handleRequest(null, Object(Config\Cache), false)
 9 FCPATH\index.php(67): CodeIgniter\CodeIgniter->run()
CRITICAL - 2024-05-14 16:14:37 --> Undefined array key "SMScompany"
in APPPATH\Views\forgot-password.php on line 289.
 1 APPPATH\Views\forgot-password.php(289): CodeIgniter\Debug\Exceptions->errorHandler(2, 'Undefined array key "SMScompany"', 'APPPATH\\Views\\forgot-password.php', 289)
 2 SYSTEMPATH\View\View.php(213): include('APPPATH\\Views\\forgot-password.php')
 3 SYSTEMPATH\View\View.php(216): CodeIgniter\View\View->CodeIgniter\View\{closure}()
 4 SYSTEMPATH\Common.php(1142): CodeIgniter\View\View->render('forgot-password', [], true)
 5 APPPATH\Controllers\General_control.php(237): view('forgot-password', [...])
 6 SYSTEMPATH\CodeIgniter.php(902): App\Controllers\General_control->index_forgotPassword()
 7 SYSTEMPATH\CodeIgniter.php(457): CodeIgniter\CodeIgniter->runController(Object(App\Controllers\General_control))
 8 SYSTEMPATH\CodeIgniter.php(340): CodeIgniter\CodeIgniter->handleRequest(null, Object(Config\Cache), false)
 9 FCPATH\index.php(67): CodeIgniter\CodeIgniter->run()
CRITICAL - 2024-05-14 16:14:38 --> Undefined array key "SMScompany"
in APPPATH\Views\forgot-password.php on line 289.
 1 APPPATH\Views\forgot-password.php(289): CodeIgniter\Debug\Exceptions->errorHandler(2, 'Undefined array key "SMScompany"', 'APPPATH\\Views\\forgot-password.php', 289)
 2 SYSTEMPATH\View\View.php(213): include('APPPATH\\Views\\forgot-password.php')
 3 SYSTEMPATH\View\View.php(216): CodeIgniter\View\View->CodeIgniter\View\{closure}()
 4 SYSTEMPATH\Common.php(1142): CodeIgniter\View\View->render('forgot-password', [], true)
 5 APPPATH\Controllers\General_control.php(237): view('forgot-password', [...])
 6 SYSTEMPATH\CodeIgniter.php(902): App\Controllers\General_control->index_forgotPassword()
 7 SYSTEMPATH\CodeIgniter.php(457): CodeIgniter\CodeIgniter->runController(Object(App\Controllers\General_control))
 8 SYSTEMPATH\CodeIgniter.php(340): CodeIgniter\CodeIgniter->handleRequest(null, Object(Config\Cache), false)
 9 FCPATH\index.php(67): CodeIgniter\CodeIgniter->run()
CRITICAL - 2024-05-14 16:14:39 --> Undefined array key "SMScompany"
in APPPATH\Views\forgot-password.php on line 289.
 1 APPPATH\Views\forgot-password.php(289): CodeIgniter\Debug\Exceptions->errorHandler(2, 'Undefined array key "SMScompany"', 'APPPATH\\Views\\forgot-password.php', 289)
 2 SYSTEMPATH\View\View.php(213): include('APPPATH\\Views\\forgot-password.php')
 3 SYSTEMPATH\View\View.php(216): CodeIgniter\View\View->CodeIgniter\View\{closure}()
 4 SYSTEMPATH\Common.php(1142): CodeIgniter\View\View->render('forgot-password', [], true)
 5 APPPATH\Controllers\General_control.php(237): view('forgot-password', [...])
 6 SYSTEMPATH\CodeIgniter.php(902): App\Controllers\General_control->index_forgotPassword()
 7 SYSTEMPATH\CodeIgniter.php(457): CodeIgniter\CodeIgniter->runController(Object(App\Controllers\General_control))
 8 SYSTEMPATH\CodeIgniter.php(340): CodeIgniter\CodeIgniter->handleRequest(null, Object(Config\Cache), false)
 9 FCPATH\index.php(67): CodeIgniter\CodeIgniter->run()
CRITICAL - 2024-05-14 16:15:34 --> Undefined array key "SMScompany"
in APPPATH\Views\forgot-password.php on line 216.
 1 APPPATH\Views\forgot-password.php(216): CodeIgniter\Debug\Exceptions->errorHandler(2, 'Undefined array key "SMScompany"', 'APPPATH\\Views\\forgot-password.php', 216)
 2 SYSTEMPATH\View\View.php(213): include('APPPATH\\Views\\forgot-password.php')
 3 SYSTEMPATH\View\View.php(216): CodeIgniter\View\View->CodeIgniter\View\{closure}()
 4 SYSTEMPATH\Common.php(1142): CodeIgniter\View\View->render('forgot-password', [], true)
 5 APPPATH\Controllers\General_control.php(237): view('forgot-password', [...])
 6 SYSTEMPATH\CodeIgniter.php(902): App\Controllers\General_control->index_forgotPassword()
 7 SYSTEMPATH\CodeIgniter.php(457): CodeIgniter\CodeIgniter->runController(Object(App\Controllers\General_control))
 8 SYSTEMPATH\CodeIgniter.php(340): CodeIgniter\CodeIgniter->handleRequest(null, Object(Config\Cache), false)
 9 FCPATH\index.php(67): CodeIgniter\CodeIgniter->run()
CRITICAL - 2024-05-14 16:16:19 --> Undefined array key "SMScompany"
in APPPATH\Views\forgot-password.php on line 216.
 1 APPPATH\Views\forgot-password.php(216): CodeIgniter\Debug\Exceptions->errorHandler(2, 'Undefined array key "SMScompany"', 'APPPATH\\Views\\forgot-password.php', 216)
 2 SYSTEMPATH\View\View.php(213): include('APPPATH\\Views\\forgot-password.php')
 3 SYSTEMPATH\View\View.php(216): CodeIgniter\View\View->CodeIgniter\View\{closure}()
 4 SYSTEMPATH\Common.php(1142): CodeIgniter\View\View->render('forgot-password', [], true)
 5 APPPATH\Controllers\General_control.php(237): view('forgot-password', [...])
 6 SYSTEMPATH\CodeIgniter.php(902): App\Controllers\General_control->index_forgotPassword()
 7 SYSTEMPATH\CodeIgniter.php(457): CodeIgniter\CodeIgniter->runController(Object(App\Controllers\General_control))
 8 SYSTEMPATH\CodeIgniter.php(340): CodeIgniter\CodeIgniter->handleRequest(null, Object(Config\Cache), false)
 9 FCPATH\index.php(67): CodeIgniter\CodeIgniter->run()
CRITICAL - 2024-05-14 16:32:10 --> Undefined array key "contact"
in APPPATH\Controllers\Sms_control.php on line 9.
 1 APPPATH\Controllers\Sms_control.php(9): CodeIgniter\Debug\Exceptions->errorHandler(2, 'Undefined array key "contact"', 'APPPATH\\Controllers\\Sms_control.php', 9)
 2 SYSTEMPATH\CodeIgniter.php(902): App\Controllers\Sms_control->sendWhatsapp()
 3 SYSTEMPATH\CodeIgniter.php(457): CodeIgniter\CodeIgniter->runController(Object(App\Controllers\Sms_control))
 4 SYSTEMPATH\CodeIgniter.php(340): CodeIgniter\CodeIgniter->handleRequest(null, Object(Config\Cache), false)
 5 FCPATH\index.php(67): CodeIgniter\CodeIgniter->run()
CRITICAL - 2024-05-14 16:32:24 --> Undefined array key "contact"
in APPPATH\Controllers\Sms_control.php on line 9.
 1 APPPATH\Controllers\Sms_control.php(9): CodeIgniter\Debug\Exceptions->errorHandler(2, 'Undefined array key "contact"', 'APPPATH\\Controllers\\Sms_control.php', 9)
 2 SYSTEMPATH\CodeIgniter.php(902): App\Controllers\Sms_control->sendWhatsapp()
 3 SYSTEMPATH\CodeIgniter.php(457): CodeIgniter\CodeIgniter->runController(Object(App\Controllers\Sms_control))
 4 SYSTEMPATH\CodeIgniter.php(340): CodeIgniter\CodeIgniter->handleRequest(null, Object(Config\Cache), false)
 5 FCPATH\index.php(67): CodeIgniter\CodeIgniter->run()
CRITICAL - 2024-05-14 16:57:55 --> Call to undefined method App\Controllers\User_control::getUserBeforeLogin()
in APPPATH\Controllers\User_control.php on line 497.
 1 SYSTEMPATH\CodeIgniter.php(902): App\Controllers\User_control->forgotPassword()
 2 SYSTEMPATH\CodeIgniter.php(457): CodeIgniter\CodeIgniter->runController(Object(App\Controllers\User_control))
 3 SYSTEMPATH\CodeIgniter.php(340): CodeIgniter\CodeIgniter->handleRequest(null, Object(Config\Cache), false)
 4 FCPATH\index.php(67): CodeIgniter\CodeIgniter->run()
CRITICAL - 2024-05-14 16:58:03 --> Call to undefined method App\Controllers\User_control::getUserBeforeLogin()
in APPPATH\Controllers\User_control.php on line 497.
 1 SYSTEMPATH\CodeIgniter.php(902): App\Controllers\User_control->forgotPassword()
 2 SYSTEMPATH\CodeIgniter.php(457): CodeIgniter\CodeIgniter->runController(Object(App\Controllers\User_control))
 3 SYSTEMPATH\CodeIgniter.php(340): CodeIgniter\CodeIgniter->handleRequest(null, Object(Config\Cache), false)
 4 FCPATH\index.php(67): CodeIgniter\CodeIgniter->run()
CRITICAL - 2024-05-14 16:58:23 --> Undefined array key "message_status"
in APPPATH\Controllers\Sms_control.php on line 42.
 1 APPPATH\Controllers\Sms_control.php(42): CodeIgniter\Debug\Exceptions->errorHandler(2, 'Undefined array key "message_status"', 'APPPATH\\Controllers\\Sms_control.php', 42)
 2 SYSTEMPATH\CodeIgniter.php(902): App\Controllers\Sms_control->sendWhatsapp()
 3 SYSTEMPATH\CodeIgniter.php(457): CodeIgniter\CodeIgniter->runController(Object(App\Controllers\Sms_control))
 4 SYSTEMPATH\CodeIgniter.php(340): CodeIgniter\CodeIgniter->handleRequest(null, Object(Config\Cache), false)
 5 FCPATH\index.php(67): CodeIgniter\CodeIgniter->run()
CRITICAL - 2024-05-14 17:00:51 --> Undefined array key "message_status"
in APPPATH\Controllers\Sms_control.php on line 42.
 1 APPPATH\Controllers\Sms_control.php(42): CodeIgniter\Debug\Exceptions->errorHandler(2, 'Undefined array key "message_status"', 'APPPATH\\Controllers\\Sms_control.php', 42)
 2 SYSTEMPATH\CodeIgniter.php(902): App\Controllers\Sms_control->sendWhatsapp()
 3 SYSTEMPATH\CodeIgniter.php(457): CodeIgniter\CodeIgniter->runController(Object(App\Controllers\Sms_control))
 4 SYSTEMPATH\CodeIgniter.php(340): CodeIgniter\CodeIgniter->handleRequest(null, Object(Config\Cache), false)
 5 FCPATH\index.php(67): CodeIgniter\CodeIgniter->run()
CRITICAL - 2024-05-14 17:02:47 --> Call to undefined method App\Controllers\User_control::getUserBeforeLogin()
in APPPATH\Controllers\User_control.php on line 497.
 1 SYSTEMPATH\CodeIgniter.php(902): App\Controllers\User_control->forgotPassword()
 2 SYSTEMPATH\CodeIgniter.php(457): CodeIgniter\CodeIgniter->runController(Object(App\Controllers\User_control))
 3 SYSTEMPATH\CodeIgniter.php(340): CodeIgniter\CodeIgniter->handleRequest(null, Object(Config\Cache), false)
 4 FCPATH\index.php(67): CodeIgniter\CodeIgniter->run()
CRITICAL - 2024-05-14 17:07:12 --> Call to undefined method App\Controllers\User_control::getUserBeforeLogin()
in APPPATH\Controllers\User_control.php on line 497.
 1 SYSTEMPATH\CodeIgniter.php(902): App\Controllers\User_control->forgotPassword()
 2 SYSTEMPATH\CodeIgniter.php(457): CodeIgniter\CodeIgniter->runController(Object(App\Controllers\User_control))
 3 SYSTEMPATH\CodeIgniter.php(340): CodeIgniter\CodeIgniter->handleRequest(null, Object(Config\Cache), false)
 4 FCPATH\index.php(67): CodeIgniter\CodeIgniter->run()
CRITICAL - 2024-05-14 17:29:03 --> Invalid file: template/profile-sidenav.php
in SYSTEMPATH\Exceptions\FrameworkException.php on line 33.
 1 SYSTEMPATH\View\View.php(201): CodeIgniter\Exceptions\FrameworkException::forInvalidFile('template/profile-sidenav.php')
 2 SYSTEMPATH\Common.php(1142): CodeIgniter\View\View->render('template/profile-sidenav', [], true)
 3 APPPATH\Views\personal\safetybox.php(9): view('template/profile-sidenav')
 4 SYSTEMPATH\View\View.php(213): include('APPPATH\\Views\\personal\\safetybox.php')
 5 SYSTEMPATH\View\View.php(216): CodeIgniter\View\View->CodeIgniter\View\{closure}()
 6 SYSTEMPATH\Common.php(1142): CodeIgniter\View\View->render('personal/safetybox', [], true)
 7 APPPATH\Controllers\General_control.php(1265): view('personal/safetybox', [...])
 8 SYSTEMPATH\CodeIgniter.php(902): App\Controllers\General_control->index_vault()
 9 SYSTEMPATH\CodeIgniter.php(457): CodeIgniter\CodeIgniter->runController(Object(App\Controllers\General_control))
10 SYSTEMPATH\CodeIgniter.php(340): CodeIgniter\CodeIgniter->handleRequest(null, Object(Config\Cache), false)
11 FCPATH\index.php(67): CodeIgniter\CodeIgniter->run()
CRITICAL - 2024-05-14 17:30:02 --> Invalid file: template/profile-sidenav.php
in SYSTEMPATH\Exceptions\FrameworkException.php on line 33.
 1 SYSTEMPATH\View\View.php(201): CodeIgniter\Exceptions\FrameworkException::forInvalidFile('template/profile-sidenav.php')
 2 SYSTEMPATH\Common.php(1142): CodeIgniter\View\View->render('template/profile-sidenav', [], true)
 3 APPPATH\Views\personal\safetybox.php(5): view('template/profile-sidenav')
 4 SYSTEMPATH\View\View.php(213): include('APPPATH\\Views\\personal\\safetybox.php')
 5 SYSTEMPATH\View\View.php(216): CodeIgniter\View\View->CodeIgniter\View\{closure}()
 6 SYSTEMPATH\Common.php(1142): CodeIgniter\View\View->render('personal/safetybox', [], true)
 7 APPPATH\Controllers\General_control.php(1265): view('personal/safetybox', [...])
 8 SYSTEMPATH\CodeIgniter.php(902): App\Controllers\General_control->index_vault()
 9 SYSTEMPATH\CodeIgniter.php(457): CodeIgniter\CodeIgniter->runController(Object(App\Controllers\General_control))
10 SYSTEMPATH\CodeIgniter.php(340): CodeIgniter\CodeIgniter->handleRequest(null, Object(Config\Cache), false)
11 FCPATH\index.php(67): CodeIgniter\CodeIgniter->run()
CRITICAL - 2024-05-14 17:31:51 --> Invalid file: template/profile-sidenav.php
in SYSTEMPATH\Exceptions\FrameworkException.php on line 33.
 1 SYSTEMPATH\View\View.php(201): CodeIgniter\Exceptions\FrameworkException::forInvalidFile('template/profile-sidenav.php')
 2 SYSTEMPATH\Common.php(1142): CodeIgniter\View\View->render('template/profile-sidenav', [], true)
 3 APPPATH\Views\personal\safetybox.php(5): view('template/profile-sidenav')
 4 SYSTEMPATH\View\View.php(213): include('APPPATH\\Views\\personal\\safetybox.php')
 5 SYSTEMPATH\View\View.php(216): CodeIgniter\View\View->CodeIgniter\View\{closure}()
 6 SYSTEMPATH\Common.php(1142): CodeIgniter\View\View->render('personal/safetybox', [], true)
 7 APPPATH\Controllers\General_control.php(1265): view('personal/safetybox', [...])
 8 SYSTEMPATH\CodeIgniter.php(902): App\Controllers\General_control->index_vault()
 9 SYSTEMPATH\CodeIgniter.php(457): CodeIgniter\CodeIgniter->runController(Object(App\Controllers\General_control))
10 SYSTEMPATH\CodeIgniter.php(340): CodeIgniter\CodeIgniter->handleRequest(null, Object(Config\Cache), false)
11 FCPATH\index.php(67): CodeIgniter\CodeIgniter->run()
CRITICAL - 2024-05-14 17:32:23 --> Invalid file: template/profile-sidenav.php
in SYSTEMPATH\Exceptions\FrameworkException.php on line 33.
 1 SYSTEMPATH\View\View.php(201): CodeIgniter\Exceptions\FrameworkException::forInvalidFile('template/profile-sidenav.php')
 2 SYSTEMPATH\Common.php(1142): CodeIgniter\View\View->render('template/profile-sidenav', [], true)
 3 APPPATH\Views\personal\safetybox.php(5): view('template/profile-sidenav')
 4 SYSTEMPATH\View\View.php(213): include('APPPATH\\Views\\personal\\safetybox.php')
 5 SYSTEMPATH\View\View.php(216): CodeIgniter\View\View->CodeIgniter\View\{closure}()
 6 SYSTEMPATH\Common.php(1142): CodeIgniter\View\View->render('personal/safetybox', [], true)
 7 APPPATH\Controllers\General_control.php(1265): view('personal/safetybox', [...])
 8 SYSTEMPATH\CodeIgniter.php(902): App\Controllers\General_control->index_vault()
 9 SYSTEMPATH\CodeIgniter.php(457): CodeIgniter\CodeIgniter->runController(Object(App\Controllers\General_control))
10 SYSTEMPATH\CodeIgniter.php(340): CodeIgniter\CodeIgniter->handleRequest(null, Object(Config\Cache), false)
11 FCPATH\index.php(67): CodeIgniter\CodeIgniter->run()
CRITICAL - 2024-05-14 17:32:25 --> Invalid file: template/profile-sidenav.php
in SYSTEMPATH\Exceptions\FrameworkException.php on line 33.
 1 SYSTEMPATH\View\View.php(201): CodeIgniter\Exceptions\FrameworkException::forInvalidFile('template/profile-sidenav.php')
 2 SYSTEMPATH\Common.php(1142): CodeIgniter\View\View->render('template/profile-sidenav', [], true)
 3 APPPATH\Views\personal\safetybox.php(5): view('template/profile-sidenav')
 4 SYSTEMPATH\View\View.php(213): include('APPPATH\\Views\\personal\\safetybox.php')
 5 SYSTEMPATH\View\View.php(216): CodeIgniter\View\View->CodeIgniter\View\{closure}()
 6 SYSTEMPATH\Common.php(1142): CodeIgniter\View\View->render('personal/safetybox', [], true)
 7 APPPATH\Controllers\General_control.php(1265): view('personal/safetybox', [...])
 8 SYSTEMPATH\CodeIgniter.php(902): App\Controllers\General_control->index_vault()
 9 SYSTEMPATH\CodeIgniter.php(457): CodeIgniter\CodeIgniter->runController(Object(App\Controllers\General_control))
10 SYSTEMPATH\CodeIgniter.php(340): CodeIgniter\CodeIgniter->handleRequest(null, Object(Config\Cache), false)
11 FCPATH\index.php(67): CodeIgniter\CodeIgniter->run()
CRITICAL - 2024-05-14 17:32:26 --> Invalid file: template/profile-sidenav.php
in SYSTEMPATH\Exceptions\FrameworkException.php on line 33.
 1 SYSTEMPATH\View\View.php(201): CodeIgniter\Exceptions\FrameworkException::forInvalidFile('template/profile-sidenav.php')
 2 SYSTEMPATH\Common.php(1142): CodeIgniter\View\View->render('template/profile-sidenav', [], true)
 3 APPPATH\Views\personal\safetybox.php(5): view('template/profile-sidenav')
 4 SYSTEMPATH\View\View.php(213): include('APPPATH\\Views\\personal\\safetybox.php')
 5 SYSTEMPATH\View\View.php(216): CodeIgniter\View\View->CodeIgniter\View\{closure}()
 6 SYSTEMPATH\Common.php(1142): CodeIgniter\View\View->render('personal/safetybox', [], true)
 7 APPPATH\Controllers\General_control.php(1265): view('personal/safetybox', [...])
 8 SYSTEMPATH\CodeIgniter.php(902): App\Controllers\General_control->index_vault()
 9 SYSTEMPATH\CodeIgniter.php(457): CodeIgniter\CodeIgniter->runController(Object(App\Controllers\General_control))
10 SYSTEMPATH\CodeIgniter.php(340): CodeIgniter\CodeIgniter->handleRequest(null, Object(Config\Cache), false)
11 FCPATH\index.php(67): CodeIgniter\CodeIgniter->run()
CRITICAL - 2024-05-14 17:32:27 --> Invalid file: template/profile-sidenav.php
in SYSTEMPATH\Exceptions\FrameworkException.php on line 33.
 1 SYSTEMPATH\View\View.php(201): CodeIgniter\Exceptions\FrameworkException::forInvalidFile('template/profile-sidenav.php')
 2 SYSTEMPATH\Common.php(1142): CodeIgniter\View\View->render('template/profile-sidenav', [], true)
 3 APPPATH\Views\personal\safetybox.php(5): view('template/profile-sidenav')
 4 SYSTEMPATH\View\View.php(213): include('APPPATH\\Views\\personal\\safetybox.php')
 5 SYSTEMPATH\View\View.php(216): CodeIgniter\View\View->CodeIgniter\View\{closure}()
 6 SYSTEMPATH\Common.php(1142): CodeIgniter\View\View->render('personal/safetybox', [], true)
 7 APPPATH\Controllers\General_control.php(1265): view('personal/safetybox', [...])
 8 SYSTEMPATH\CodeIgniter.php(902): App\Controllers\General_control->index_vault()
 9 SYSTEMPATH\CodeIgniter.php(457): CodeIgniter\CodeIgniter->runController(Object(App\Controllers\General_control))
10 SYSTEMPATH\CodeIgniter.php(340): CodeIgniter\CodeIgniter->handleRequest(null, Object(Config\Cache), false)
11 FCPATH\index.php(67): CodeIgniter\CodeIgniter->run()
CRITICAL - 2024-05-14 17:32:58 --> Undefined property: App\Controllers\Vault_control::$vault_model
in APPPATH\Controllers\Vault_control.php on line 47.
 1 APPPATH\Controllers\Vault_control.php(47): CodeIgniter\Debug\Exceptions->errorHandler(2, 'Undefined property: App\\Controllers\\Vault_control::$vault_model', 'APPPATH\\Controllers\\Vault_control.php', 47)
 2 SYSTEMPATH\CodeIgniter.php(902): App\Controllers\Vault_control->checkVaultPin()
 3 SYSTEMPATH\CodeIgniter.php(457): CodeIgniter\CodeIgniter->runController(Object(App\Controllers\Vault_control))
 4 SYSTEMPATH\CodeIgniter.php(340): CodeIgniter\CodeIgniter->handleRequest(null, Object(Config\Cache), false)
 5 FCPATH\index.php(67): CodeIgniter\CodeIgniter->run()
CRITICAL - 2024-05-14 17:33:13 --> Invalid file: template/profile-topbar.php
in SYSTEMPATH\Exceptions\FrameworkException.php on line 33.
 1 SYSTEMPATH\View\View.php(201): CodeIgniter\Exceptions\FrameworkException::forInvalidFile('template/profile-topbar.php')
 2 SYSTEMPATH\Common.php(1142): CodeIgniter\View\View->render('template/profile-topbar', [], true)
 3 APPPATH\Views\personal\safetybox.php(9): view('template/profile-topbar')
 4 SYSTEMPATH\View\View.php(213): include('APPPATH\\Views\\personal\\safetybox.php')
 5 SYSTEMPATH\View\View.php(216): CodeIgniter\View\View->CodeIgniter\View\{closure}()
 6 SYSTEMPATH\Common.php(1142): CodeIgniter\View\View->render('personal/safetybox', [], true)
 7 APPPATH\Controllers\General_control.php(1265): view('personal/safetybox', [...])
 8 SYSTEMPATH\CodeIgniter.php(902): App\Controllers\General_control->index_vault()
 9 SYSTEMPATH\CodeIgniter.php(457): CodeIgniter\CodeIgniter->runController(Object(App\Controllers\General_control))
10 SYSTEMPATH\CodeIgniter.php(340): CodeIgniter\CodeIgniter->handleRequest(null, Object(Config\Cache), false)
11 FCPATH\index.php(67): CodeIgniter\CodeIgniter->run()
CRITICAL - 2024-05-14 17:33:18 --> Undefined property: App\Controllers\Vault_control::$vault_model
in APPPATH\Controllers\Vault_control.php on line 47.
 1 APPPATH\Controllers\Vault_control.php(47): CodeIgniter\Debug\Exceptions->errorHandler(2, 'Undefined property: App\\Controllers\\Vault_control::$vault_model', 'APPPATH\\Controllers\\Vault_control.php', 47)
 2 SYSTEMPATH\CodeIgniter.php(902): App\Controllers\Vault_control->checkVaultPin()
 3 SYSTEMPATH\CodeIgniter.php(457): CodeIgniter\CodeIgniter->runController(Object(App\Controllers\Vault_control))
 4 SYSTEMPATH\CodeIgniter.php(340): CodeIgniter\CodeIgniter->handleRequest(null, Object(Config\Cache), false)
 5 FCPATH\index.php(67): CodeIgniter\CodeIgniter->run()
CRITICAL - 2024-05-14 18:14:57 --> Undefined property: App\Controllers\Vault_control::$vault_model
in APPPATH\Controllers\Vault_control.php on line 47.
 1 APPPATH\Controllers\Vault_control.php(47): CodeIgniter\Debug\Exceptions->errorHandler(2, 'Undefined property: App\\Controllers\\Vault_control::$vault_model', 'APPPATH\\Controllers\\Vault_control.php', 47)
 2 SYSTEMPATH\CodeIgniter.php(902): App\Controllers\Vault_control->checkVaultPin()
 3 SYSTEMPATH\CodeIgniter.php(457): CodeIgniter\CodeIgniter->runController(Object(App\Controllers\Vault_control))
 4 SYSTEMPATH\CodeIgniter.php(340): CodeIgniter\CodeIgniter->handleRequest(null, Object(Config\Cache), false)
 5 FCPATH\index.php(67): CodeIgniter\CodeIgniter->run()
CRITICAL - 2024-05-14 18:16:29 --> Undefined property: App\Controllers\Vault_control::$vault_model
in APPPATH\Controllers\Vault_control.php on line 47.
 1 APPPATH\Controllers\Vault_control.php(47): CodeIgniter\Debug\Exceptions->errorHandler(2, 'Undefined property: App\\Controllers\\Vault_control::$vault_model', 'APPPATH\\Controllers\\Vault_control.php', 47)
 2 SYSTEMPATH\CodeIgniter.php(902): App\Controllers\Vault_control->checkVaultPin()
 3 SYSTEMPATH\CodeIgniter.php(457): CodeIgniter\CodeIgniter->runController(Object(App\Controllers\Vault_control))
 4 SYSTEMPATH\CodeIgniter.php(340): CodeIgniter\CodeIgniter->handleRequest(null, Object(Config\Cache), false)
 5 FCPATH\index.php(67): CodeIgniter\CodeIgniter->run()
CRITICAL - 2024-05-14 19:47:53 --> Invalid file: games/lottery.php
in SYSTEMPATH\Exceptions\FrameworkException.php on line 33.
 1 SYSTEMPATH\View\View.php(201): CodeIgniter\Exceptions\FrameworkException::forInvalidFile('games/lottery.php')
 2 SYSTEMPATH\Common.php(1142): CodeIgniter\View\View->render('games/lottery', [], true)
 3 APPPATH\Controllers\General_control.php(1098): view('games/lottery', [...])
 4 SYSTEMPATH\CodeIgniter.php(902): App\Controllers\General_control->index_lottery()
 5 SYSTEMPATH\CodeIgniter.php(457): CodeIgniter\CodeIgniter->runController(Object(App\Controllers\General_control))
 6 SYSTEMPATH\CodeIgniter.php(340): CodeIgniter\CodeIgniter->handleRequest(null, Object(Config\Cache), false)
 7 FCPATH\index.php(67): CodeIgniter\CodeIgniter->run()
CRITICAL - 2024-05-14 20:53:12 --> Undefined variable $lang
in APPPATH\Controllers\Game_control.php on line 1389.
 1 APPPATH\Controllers\Game_control.php(1389): CodeIgniter\Debug\Exceptions->errorHandler(2, 'Undefined variable $lang', 'APPPATH\\Controllers\\Game_control.php', 1389)
 2 SYSTEMPATH\CodeIgniter.php(902): App\Controllers\Game_control->casinoListLobby()
 3 SYSTEMPATH\CodeIgniter.php(457): CodeIgniter\CodeIgniter->runController(Object(App\Controllers\Game_control))
 4 SYSTEMPATH\CodeIgniter.php(340): CodeIgniter\CodeIgniter->handleRequest(null, Object(Config\Cache), false)
 5 FCPATH\index.php(67): CodeIgniter\CodeIgniter->run()
CRITICAL - 2024-05-14 20:53:55 --> Undefined variable $lang
in APPPATH\Controllers\Game_control.php on line 1389.
 1 APPPATH\Controllers\Game_control.php(1389): CodeIgniter\Debug\Exceptions->errorHandler(2, 'Undefined variable $lang', 'APPPATH\\Controllers\\Game_control.php', 1389)
 2 SYSTEMPATH\CodeIgniter.php(902): App\Controllers\Game_control->casinoListLobby()
 3 SYSTEMPATH\CodeIgniter.php(457): CodeIgniter\CodeIgniter->runController(Object(App\Controllers\Game_control))
 4 SYSTEMPATH\CodeIgniter.php(340): CodeIgniter\CodeIgniter->handleRequest(null, Object(Config\Cache), false)
 5 FCPATH\index.php(67): CodeIgniter\CodeIgniter->run()
CRITICAL - 2024-05-14 20:54:17 --> Undefined variable $lang
in APPPATH\Controllers\Game_control.php on line 1389.
 1 APPPATH\Controllers\Game_control.php(1389): CodeIgniter\Debug\Exceptions->errorHandler(2, 'Undefined variable $lang', 'APPPATH\\Controllers\\Game_control.php', 1389)
 2 SYSTEMPATH\CodeIgniter.php(902): App\Controllers\Game_control->casinoListLobby()
 3 SYSTEMPATH\CodeIgniter.php(457): CodeIgniter\CodeIgniter->runController(Object(App\Controllers\Game_control))
 4 SYSTEMPATH\CodeIgniter.php(340): CodeIgniter\CodeIgniter->handleRequest(null, Object(Config\Cache), false)
 5 FCPATH\index.php(67): CodeIgniter\CodeIgniter->run()
CRITICAL - 2024-05-14 20:58:47 --> Undefined variable $lang
in APPPATH\Controllers\Game_control.php on line 1389.
 1 APPPATH\Controllers\Game_control.php(1389): CodeIgniter\Debug\Exceptions->errorHandler(2, 'Undefined variable $lang', 'APPPATH\\Controllers\\Game_control.php', 1389)
 2 SYSTEMPATH\CodeIgniter.php(902): App\Controllers\Game_control->casinoListLobby()
 3 SYSTEMPATH\CodeIgniter.php(457): CodeIgniter\CodeIgniter->runController(Object(App\Controllers\Game_control))
 4 SYSTEMPATH\CodeIgniter.php(340): CodeIgniter\CodeIgniter->handleRequest(null, Object(Config\Cache), false)
 5 FCPATH\index.php(67): CodeIgniter\CodeIgniter->run()
CRITICAL - 2024-05-14 20:58:56 --> Undefined variable $lang
in APPPATH\Controllers\Game_control.php on line 1389.
 1 APPPATH\Controllers\Game_control.php(1389): CodeIgniter\Debug\Exceptions->errorHandler(2, 'Undefined variable $lang', 'APPPATH\\Controllers\\Game_control.php', 1389)
 2 SYSTEMPATH\CodeIgniter.php(902): App\Controllers\Game_control->casinoListLobby()
 3 SYSTEMPATH\CodeIgniter.php(457): CodeIgniter\CodeIgniter->runController(Object(App\Controllers\Game_control))
 4 SYSTEMPATH\CodeIgniter.php(340): CodeIgniter\CodeIgniter->handleRequest(null, Object(Config\Cache), false)
 5 FCPATH\index.php(67): CodeIgniter\CodeIgniter->run()
CRITICAL - 2024-05-14 21:42:03 --> Undefined variable $code
in APPPATH\Controllers\General_control.php on line 426.
 1 APPPATH\Controllers\General_control.php(426): CodeIgniter\Debug\Exceptions->errorHandler(2, 'Undefined variable $code', 'APPPATH\\Controllers\\General_control.php', 426)
 2 SYSTEMPATH\CodeIgniter.php(902): App\Controllers\General_control->index_banktransfer('1')
 3 SYSTEMPATH\CodeIgniter.php(457): CodeIgniter\CodeIgniter->runController(Object(App\Controllers\General_control))
 4 SYSTEMPATH\CodeIgniter.php(340): CodeIgniter\CodeIgniter->handleRequest(null, Object(Config\Cache), false)
 5 FCPATH\index.php(67): CodeIgniter\CodeIgniter->run()
CRITICAL - 2024-05-14 21:44:04 --> Undefined array key "currency"
in APPPATH\Controllers\Balance_control.php on line 115.
 1 APPPATH\Controllers\Balance_control.php(115): CodeIgniter\Debug\Exceptions->errorHandler(2, 'Undefined array key "currency"', 'APPPATH\\Controllers\\Balance_control.php', 115)
 2 SYSTEMPATH\CodeIgniter.php(902): App\Controllers\Balance_control->expressDeposit()
 3 SYSTEMPATH\CodeIgniter.php(457): CodeIgniter\CodeIgniter->runController(Object(App\Controllers\Balance_control))
 4 SYSTEMPATH\CodeIgniter.php(340): CodeIgniter\CodeIgniter->handleRequest(null, Object(Config\Cache), false)
 5 FCPATH\index.php(67): CodeIgniter\CodeIgniter->run()
CRITICAL - 2024-05-14 22:19:16 --> Invalid file: profile-wallet.php
in SYSTEMPATH\Exceptions\FrameworkException.php on line 33.
 1 SYSTEMPATH\View\View.php(201): CodeIgniter\Exceptions\FrameworkException::forInvalidFile('profile-wallet.php')
 2 SYSTEMPATH\Common.php(1142): CodeIgniter\View\View->render('profile-wallet', [], true)
 3 APPPATH\Views\transaction\deposit.php(264): view('profile-wallet')
 4 SYSTEMPATH\View\View.php(213): include('APPPATH\\Views\\transaction\\deposit.php')
 5 SYSTEMPATH\View\View.php(216): CodeIgniter\View\View->CodeIgniter\View\{closure}()
 6 SYSTEMPATH\Common.php(1142): CodeIgniter\View\View->render('transaction/deposit', [], true)
 7 APPPATH\Controllers\General_control.php(300): view('transaction/deposit', [...])
 8 SYSTEMPATH\CodeIgniter.php(902): App\Controllers\General_control->index_deposit()
 9 SYSTEMPATH\CodeIgniter.php(457): CodeIgniter\CodeIgniter->runController(Object(App\Controllers\General_control))
10 SYSTEMPATH\CodeIgniter.php(340): CodeIgniter\CodeIgniter->handleRequest(null, Object(Config\Cache), false)
11 FCPATH\index.php(67): CodeIgniter\CodeIgniter->run()
CRITICAL - 2024-05-14 22:19:49 --> Invalid file: profile-wallet.php
in SYSTEMPATH\Exceptions\FrameworkException.php on line 33.
 1 SYSTEMPATH\View\View.php(201): CodeIgniter\Exceptions\FrameworkException::forInvalidFile('profile-wallet.php')
 2 SYSTEMPATH\Common.php(1142): CodeIgniter\View\View->render('profile-wallet', [], true)
 3 APPPATH\Views\transaction\deposit.php(264): view('profile-wallet')
 4 SYSTEMPATH\View\View.php(213): include('APPPATH\\Views\\transaction\\deposit.php')
 5 SYSTEMPATH\View\View.php(216): CodeIgniter\View\View->CodeIgniter\View\{closure}()
 6 SYSTEMPATH\Common.php(1142): CodeIgniter\View\View->render('transaction/deposit', [], true)
 7 APPPATH\Controllers\General_control.php(301): view('transaction/deposit', [...])
 8 SYSTEMPATH\CodeIgniter.php(902): App\Controllers\General_control->index_deposit()
 9 SYSTEMPATH\CodeIgniter.php(457): CodeIgniter\CodeIgniter->runController(Object(App\Controllers\General_control))
10 SYSTEMPATH\CodeIgniter.php(340): CodeIgniter\CodeIgniter->handleRequest(null, Object(Config\Cache), false)
11 FCPATH\index.php(67): CodeIgniter\CodeIgniter->run()
CRITICAL - 2024-05-14 22:19:50 --> Invalid file: profile-wallet.php
in SYSTEMPATH\Exceptions\FrameworkException.php on line 33.
 1 SYSTEMPATH\View\View.php(201): CodeIgniter\Exceptions\FrameworkException::forInvalidFile('profile-wallet.php')
 2 SYSTEMPATH\Common.php(1142): CodeIgniter\View\View->render('profile-wallet', [], true)
 3 APPPATH\Views\transaction\deposit.php(264): view('profile-wallet')
 4 SYSTEMPATH\View\View.php(213): include('APPPATH\\Views\\transaction\\deposit.php')
 5 SYSTEMPATH\View\View.php(216): CodeIgniter\View\View->CodeIgniter\View\{closure}()
 6 SYSTEMPATH\Common.php(1142): CodeIgniter\View\View->render('transaction/deposit', [], true)
 7 APPPATH\Controllers\General_control.php(301): view('transaction/deposit', [...])
 8 SYSTEMPATH\CodeIgniter.php(902): App\Controllers\General_control->index_deposit()
 9 SYSTEMPATH\CodeIgniter.php(457): CodeIgniter\CodeIgniter->runController(Object(App\Controllers\General_control))
10 SYSTEMPATH\CodeIgniter.php(340): CodeIgniter\CodeIgniter->handleRequest(null, Object(Config\Cache), false)
11 FCPATH\index.php(67): CodeIgniter\CodeIgniter->run()
CRITICAL - 2024-05-14 22:20:18 --> Invalid file: profile-wallet.php
in SYSTEMPATH\Exceptions\FrameworkException.php on line 33.
 1 SYSTEMPATH\View\View.php(201): CodeIgniter\Exceptions\FrameworkException::forInvalidFile('profile-wallet.php')
 2 SYSTEMPATH\Common.php(1142): CodeIgniter\View\View->render('profile-wallet', [], true)
 3 APPPATH\Views\transaction\deposit.php(264): view('profile-wallet')
 4 SYSTEMPATH\View\View.php(213): include('APPPATH\\Views\\transaction\\deposit.php')
 5 SYSTEMPATH\View\View.php(216): CodeIgniter\View\View->CodeIgniter\View\{closure}()
 6 SYSTEMPATH\Common.php(1142): CodeIgniter\View\View->render('transaction/deposit', [], true)
 7 APPPATH\Controllers\General_control.php(301): view('transaction/deposit', [...])
 8 SYSTEMPATH\CodeIgniter.php(902): App\Controllers\General_control->index_deposit()
 9 SYSTEMPATH\CodeIgniter.php(457): CodeIgniter\CodeIgniter->runController(Object(App\Controllers\General_control))
10 SYSTEMPATH\CodeIgniter.php(340): CodeIgniter\CodeIgniter->handleRequest(null, Object(Config\Cache), false)
11 FCPATH\index.php(67): CodeIgniter\CodeIgniter->run()
CRITICAL - 2024-05-14 22:20:18 --> Invalid file: profile-wallet.php
in SYSTEMPATH\Exceptions\FrameworkException.php on line 33.
 1 SYSTEMPATH\View\View.php(201): CodeIgniter\Exceptions\FrameworkException::forInvalidFile('profile-wallet.php')
 2 SYSTEMPATH\Common.php(1142): CodeIgniter\View\View->render('profile-wallet', [], true)
 3 APPPATH\Views\transaction\deposit.php(264): view('profile-wallet')
 4 SYSTEMPATH\View\View.php(213): include('APPPATH\\Views\\transaction\\deposit.php')
 5 SYSTEMPATH\View\View.php(216): CodeIgniter\View\View->CodeIgniter\View\{closure}()
 6 SYSTEMPATH\Common.php(1142): CodeIgniter\View\View->render('transaction/deposit', [], true)
 7 APPPATH\Controllers\General_control.php(301): view('transaction/deposit', [...])
 8 SYSTEMPATH\CodeIgniter.php(902): App\Controllers\General_control->index_deposit()
 9 SYSTEMPATH\CodeIgniter.php(457): CodeIgniter\CodeIgniter->runController(Object(App\Controllers\General_control))
10 SYSTEMPATH\CodeIgniter.php(340): CodeIgniter\CodeIgniter->handleRequest(null, Object(Config\Cache), false)
11 FCPATH\index.php(67): CodeIgniter\CodeIgniter->run()
CRITICAL - 2024-05-14 22:20:19 --> Invalid file: profile-wallet.php
in SYSTEMPATH\Exceptions\FrameworkException.php on line 33.
 1 SYSTEMPATH\View\View.php(201): CodeIgniter\Exceptions\FrameworkException::forInvalidFile('profile-wallet.php')
 2 SYSTEMPATH\Common.php(1142): CodeIgniter\View\View->render('profile-wallet', [], true)
 3 APPPATH\Views\transaction\deposit.php(264): view('profile-wallet')
 4 SYSTEMPATH\View\View.php(213): include('APPPATH\\Views\\transaction\\deposit.php')
 5 SYSTEMPATH\View\View.php(216): CodeIgniter\View\View->CodeIgniter\View\{closure}()
 6 SYSTEMPATH\Common.php(1142): CodeIgniter\View\View->render('transaction/deposit', [], true)
 7 APPPATH\Controllers\General_control.php(301): view('transaction/deposit', [...])
 8 SYSTEMPATH\CodeIgniter.php(902): App\Controllers\General_control->index_deposit()
 9 SYSTEMPATH\CodeIgniter.php(457): CodeIgniter\CodeIgniter->runController(Object(App\Controllers\General_control))
10 SYSTEMPATH\CodeIgniter.php(340): CodeIgniter\CodeIgniter->handleRequest(null, Object(Config\Cache), false)
11 FCPATH\index.php(67): CodeIgniter\CodeIgniter->run()
CRITICAL - 2024-05-14 22:20:36 --> Undefined array key "peEwallet"
in APPPATH\Views\transaction\deposit.php on line 314.
 1 APPPATH\Views\transaction\deposit.php(314): CodeIgniter\Debug\Exceptions->errorHandler(2, 'Undefined array key "peEwallet"', 'APPPATH\\Views\\transaction\\deposit.php', 314)
 2 SYSTEMPATH\View\View.php(213): include('APPPATH\\Views\\transaction\\deposit.php')
 3 SYSTEMPATH\View\View.php(216): CodeIgniter\View\View->CodeIgniter\View\{closure}()
 4 SYSTEMPATH\Common.php(1142): CodeIgniter\View\View->render('transaction/deposit', [], true)
 5 APPPATH\Controllers\General_control.php(301): view('transaction/deposit', [...])
 6 SYSTEMPATH\CodeIgniter.php(902): App\Controllers\General_control->index_deposit()
 7 SYSTEMPATH\CodeIgniter.php(457): CodeIgniter\CodeIgniter->runController(Object(App\Controllers\General_control))
 8 SYSTEMPATH\CodeIgniter.php(340): CodeIgniter\CodeIgniter->handleRequest(null, Object(Config\Cache), false)
 9 FCPATH\index.php(67): CodeIgniter\CodeIgniter->run()
CRITICAL - 2024-05-14 22:21:53 --> Invalid file: profile-wallet.php
in SYSTEMPATH\Exceptions\FrameworkException.php on line 33.
 1 SYSTEMPATH\View\View.php(201): CodeIgniter\Exceptions\FrameworkException::forInvalidFile('profile-wallet.php')
 2 SYSTEMPATH\Common.php(1142): CodeIgniter\View\View->render('profile-wallet', [], true)
 3 APPPATH\Views\transaction\deposit.php(264): view('profile-wallet')
 4 SYSTEMPATH\View\View.php(213): include('APPPATH\\Views\\transaction\\deposit.php')
 5 SYSTEMPATH\View\View.php(216): CodeIgniter\View\View->CodeIgniter\View\{closure}()
 6 SYSTEMPATH\Common.php(1142): CodeIgniter\View\View->render('transaction/deposit', [], true)
 7 APPPATH\Controllers\General_control.php(301): view('transaction/deposit', [...])
 8 SYSTEMPATH\CodeIgniter.php(902): App\Controllers\General_control->index_deposit()
 9 SYSTEMPATH\CodeIgniter.php(457): CodeIgniter\CodeIgniter->runController(Object(App\Controllers\General_control))
10 SYSTEMPATH\CodeIgniter.php(340): CodeIgniter\CodeIgniter->handleRequest(null, Object(Config\Cache), false)
11 FCPATH\index.php(67): CodeIgniter\CodeIgniter->run()
CRITICAL - 2024-05-14 22:21:55 --> Invalid file: profile-wallet.php
in SYSTEMPATH\Exceptions\FrameworkException.php on line 33.
 1 SYSTEMPATH\View\View.php(201): CodeIgniter\Exceptions\FrameworkException::forInvalidFile('profile-wallet.php')
 2 SYSTEMPATH\Common.php(1142): CodeIgniter\View\View->render('profile-wallet', [], true)
 3 APPPATH\Views\transaction\deposit.php(264): view('profile-wallet')
 4 SYSTEMPATH\View\View.php(213): include('APPPATH\\Views\\transaction\\deposit.php')
 5 SYSTEMPATH\View\View.php(216): CodeIgniter\View\View->CodeIgniter\View\{closure}()
 6 SYSTEMPATH\Common.php(1142): CodeIgniter\View\View->render('transaction/deposit', [], true)
 7 APPPATH\Controllers\General_control.php(301): view('transaction/deposit', [...])
 8 SYSTEMPATH\CodeIgniter.php(902): App\Controllers\General_control->index_deposit()
 9 SYSTEMPATH\CodeIgniter.php(457): CodeIgniter\CodeIgniter->runController(Object(App\Controllers\General_control))
10 SYSTEMPATH\CodeIgniter.php(340): CodeIgniter\CodeIgniter->handleRequest(null, Object(Config\Cache), false)
11 FCPATH\index.php(67): CodeIgniter\CodeIgniter->run()
CRITICAL - 2024-05-14 22:21:55 --> Invalid file: profile-wallet.php
in SYSTEMPATH\Exceptions\FrameworkException.php on line 33.
 1 SYSTEMPATH\View\View.php(201): CodeIgniter\Exceptions\FrameworkException::forInvalidFile('profile-wallet.php')
 2 SYSTEMPATH\Common.php(1142): CodeIgniter\View\View->render('profile-wallet', [], true)
 3 APPPATH\Views\transaction\deposit.php(264): view('profile-wallet')
 4 SYSTEMPATH\View\View.php(213): include('APPPATH\\Views\\transaction\\deposit.php')
 5 SYSTEMPATH\View\View.php(216): CodeIgniter\View\View->CodeIgniter\View\{closure}()
 6 SYSTEMPATH\Common.php(1142): CodeIgniter\View\View->render('transaction/deposit', [], true)
 7 APPPATH\Controllers\General_control.php(301): view('transaction/deposit', [...])
 8 SYSTEMPATH\CodeIgniter.php(902): App\Controllers\General_control->index_deposit()
 9 SYSTEMPATH\CodeIgniter.php(457): CodeIgniter\CodeIgniter->runController(Object(App\Controllers\General_control))
10 SYSTEMPATH\CodeIgniter.php(340): CodeIgniter\CodeIgniter->handleRequest(null, Object(Config\Cache), false)
11 FCPATH\index.php(67): CodeIgniter\CodeIgniter->run()
CRITICAL - 2024-05-14 22:21:55 --> Invalid file: profile-wallet.php
in SYSTEMPATH\Exceptions\FrameworkException.php on line 33.
 1 SYSTEMPATH\View\View.php(201): CodeIgniter\Exceptions\FrameworkException::forInvalidFile('profile-wallet.php')
 2 SYSTEMPATH\Common.php(1142): CodeIgniter\View\View->render('profile-wallet', [], true)
 3 APPPATH\Views\transaction\deposit.php(264): view('profile-wallet')
 4 SYSTEMPATH\View\View.php(213): include('APPPATH\\Views\\transaction\\deposit.php')
 5 SYSTEMPATH\View\View.php(216): CodeIgniter\View\View->CodeIgniter\View\{closure}()
 6 SYSTEMPATH\Common.php(1142): CodeIgniter\View\View->render('transaction/deposit', [], true)
 7 APPPATH\Controllers\General_control.php(301): view('transaction/deposit', [...])
 8 SYSTEMPATH\CodeIgniter.php(902): App\Controllers\General_control->index_deposit()
 9 SYSTEMPATH\CodeIgniter.php(457): CodeIgniter\CodeIgniter->runController(Object(App\Controllers\General_control))
10 SYSTEMPATH\CodeIgniter.php(340): CodeIgniter\CodeIgniter->handleRequest(null, Object(Config\Cache), false)
11 FCPATH\index.php(67): CodeIgniter\CodeIgniter->run()
CRITICAL - 2024-05-14 22:21:56 --> Invalid file: profile-wallet.php
in SYSTEMPATH\Exceptions\FrameworkException.php on line 33.
 1 SYSTEMPATH\View\View.php(201): CodeIgniter\Exceptions\FrameworkException::forInvalidFile('profile-wallet.php')
 2 SYSTEMPATH\Common.php(1142): CodeIgniter\View\View->render('profile-wallet', [], true)
 3 APPPATH\Views\transaction\deposit.php(264): view('profile-wallet')
 4 SYSTEMPATH\View\View.php(213): include('APPPATH\\Views\\transaction\\deposit.php')
 5 SYSTEMPATH\View\View.php(216): CodeIgniter\View\View->CodeIgniter\View\{closure}()
 6 SYSTEMPATH\Common.php(1142): CodeIgniter\View\View->render('transaction/deposit', [], true)
 7 APPPATH\Controllers\General_control.php(301): view('transaction/deposit', [...])
 8 SYSTEMPATH\CodeIgniter.php(902): App\Controllers\General_control->index_deposit()
 9 SYSTEMPATH\CodeIgniter.php(457): CodeIgniter\CodeIgniter->runController(Object(App\Controllers\General_control))
10 SYSTEMPATH\CodeIgniter.php(340): CodeIgniter\CodeIgniter->handleRequest(null, Object(Config\Cache), false)
11 FCPATH\index.php(67): CodeIgniter\CodeIgniter->run()
CRITICAL - 2024-05-14 22:21:56 --> Invalid file: profile-wallet.php
in SYSTEMPATH\Exceptions\FrameworkException.php on line 33.
 1 SYSTEMPATH\View\View.php(201): CodeIgniter\Exceptions\FrameworkException::forInvalidFile('profile-wallet.php')
 2 SYSTEMPATH\Common.php(1142): CodeIgniter\View\View->render('profile-wallet', [], true)
 3 APPPATH\Views\transaction\deposit.php(264): view('profile-wallet')
 4 SYSTEMPATH\View\View.php(213): include('APPPATH\\Views\\transaction\\deposit.php')
 5 SYSTEMPATH\View\View.php(216): CodeIgniter\View\View->CodeIgniter\View\{closure}()
 6 SYSTEMPATH\Common.php(1142): CodeIgniter\View\View->render('transaction/deposit', [], true)
 7 APPPATH\Controllers\General_control.php(301): view('transaction/deposit', [...])
 8 SYSTEMPATH\CodeIgniter.php(902): App\Controllers\General_control->index_deposit()
 9 SYSTEMPATH\CodeIgniter.php(457): CodeIgniter\CodeIgniter->runController(Object(App\Controllers\General_control))
10 SYSTEMPATH\CodeIgniter.php(340): CodeIgniter\CodeIgniter->handleRequest(null, Object(Config\Cache), false)
11 FCPATH\index.php(67): CodeIgniter\CodeIgniter->run()
CRITICAL - 2024-05-14 22:21:56 --> Invalid file: profile-wallet.php
in SYSTEMPATH\Exceptions\FrameworkException.php on line 33.
 1 SYSTEMPATH\View\View.php(201): CodeIgniter\Exceptions\FrameworkException::forInvalidFile('profile-wallet.php')
 2 SYSTEMPATH\Common.php(1142): CodeIgniter\View\View->render('profile-wallet', [], true)
 3 APPPATH\Views\transaction\deposit.php(264): view('profile-wallet')
 4 SYSTEMPATH\View\View.php(213): include('APPPATH\\Views\\transaction\\deposit.php')
 5 SYSTEMPATH\View\View.php(216): CodeIgniter\View\View->CodeIgniter\View\{closure}()
 6 SYSTEMPATH\Common.php(1142): CodeIgniter\View\View->render('transaction/deposit', [], true)
 7 APPPATH\Controllers\General_control.php(301): view('transaction/deposit', [...])
 8 SYSTEMPATH\CodeIgniter.php(902): App\Controllers\General_control->index_deposit()
 9 SYSTEMPATH\CodeIgniter.php(457): CodeIgniter\CodeIgniter->runController(Object(App\Controllers\General_control))
10 SYSTEMPATH\CodeIgniter.php(340): CodeIgniter\CodeIgniter->handleRequest(null, Object(Config\Cache), false)
11 FCPATH\index.php(67): CodeIgniter\CodeIgniter->run()
CRITICAL - 2024-05-14 22:21:56 --> Invalid file: profile-wallet.php
in SYSTEMPATH\Exceptions\FrameworkException.php on line 33.
 1 SYSTEMPATH\View\View.php(201): CodeIgniter\Exceptions\FrameworkException::forInvalidFile('profile-wallet.php')
 2 SYSTEMPATH\Common.php(1142): CodeIgniter\View\View->render('profile-wallet', [], true)
 3 APPPATH\Views\transaction\deposit.php(264): view('profile-wallet')
 4 SYSTEMPATH\View\View.php(213): include('APPPATH\\Views\\transaction\\deposit.php')
 5 SYSTEMPATH\View\View.php(216): CodeIgniter\View\View->CodeIgniter\View\{closure}()
 6 SYSTEMPATH\Common.php(1142): CodeIgniter\View\View->render('transaction/deposit', [], true)
 7 APPPATH\Controllers\General_control.php(301): view('transaction/deposit', [...])
 8 SYSTEMPATH\CodeIgniter.php(902): App\Controllers\General_control->index_deposit()
 9 SYSTEMPATH\CodeIgniter.php(457): CodeIgniter\CodeIgniter->runController(Object(App\Controllers\General_control))
10 SYSTEMPATH\CodeIgniter.php(340): CodeIgniter\CodeIgniter->handleRequest(null, Object(Config\Cache), false)
11 FCPATH\index.php(67): CodeIgniter\CodeIgniter->run()
CRITICAL - 2024-05-14 22:21:56 --> Invalid file: profile-wallet.php
in SYSTEMPATH\Exceptions\FrameworkException.php on line 33.
 1 SYSTEMPATH\View\View.php(201): CodeIgniter\Exceptions\FrameworkException::forInvalidFile('profile-wallet.php')
 2 SYSTEMPATH\Common.php(1142): CodeIgniter\View\View->render('profile-wallet', [], true)
 3 APPPATH\Views\transaction\deposit.php(264): view('profile-wallet')
 4 SYSTEMPATH\View\View.php(213): include('APPPATH\\Views\\transaction\\deposit.php')
 5 SYSTEMPATH\View\View.php(216): CodeIgniter\View\View->CodeIgniter\View\{closure}()
 6 SYSTEMPATH\Common.php(1142): CodeIgniter\View\View->render('transaction/deposit', [], true)
 7 APPPATH\Controllers\General_control.php(301): view('transaction/deposit', [...])
 8 SYSTEMPATH\CodeIgniter.php(902): App\Controllers\General_control->index_deposit()
 9 SYSTEMPATH\CodeIgniter.php(457): CodeIgniter\CodeIgniter->runController(Object(App\Controllers\General_control))
10 SYSTEMPATH\CodeIgniter.php(340): CodeIgniter\CodeIgniter->handleRequest(null, Object(Config\Cache), false)
11 FCPATH\index.php(67): CodeIgniter\CodeIgniter->run()
CRITICAL - 2024-05-14 22:21:56 --> Invalid file: profile-wallet.php
in SYSTEMPATH\Exceptions\FrameworkException.php on line 33.
 1 SYSTEMPATH\View\View.php(201): CodeIgniter\Exceptions\FrameworkException::forInvalidFile('profile-wallet.php')
 2 SYSTEMPATH\Common.php(1142): CodeIgniter\View\View->render('profile-wallet', [], true)
 3 APPPATH\Views\transaction\deposit.php(264): view('profile-wallet')
 4 SYSTEMPATH\View\View.php(213): include('APPPATH\\Views\\transaction\\deposit.php')
 5 SYSTEMPATH\View\View.php(216): CodeIgniter\View\View->CodeIgniter\View\{closure}()
 6 SYSTEMPATH\Common.php(1142): CodeIgniter\View\View->render('transaction/deposit', [], true)
 7 APPPATH\Controllers\General_control.php(301): view('transaction/deposit', [...])
 8 SYSTEMPATH\CodeIgniter.php(902): App\Controllers\General_control->index_deposit()
 9 SYSTEMPATH\CodeIgniter.php(457): CodeIgniter\CodeIgniter->runController(Object(App\Controllers\General_control))
10 SYSTEMPATH\CodeIgniter.php(340): CodeIgniter\CodeIgniter->handleRequest(null, Object(Config\Cache), false)
11 FCPATH\index.php(67): CodeIgniter\CodeIgniter->run()
CRITICAL - 2024-05-14 22:21:56 --> Invalid file: profile-wallet.php
in SYSTEMPATH\Exceptions\FrameworkException.php on line 33.
 1 SYSTEMPATH\View\View.php(201): CodeIgniter\Exceptions\FrameworkException::forInvalidFile('profile-wallet.php')
 2 SYSTEMPATH\Common.php(1142): CodeIgniter\View\View->render('profile-wallet', [], true)
 3 APPPATH\Views\transaction\deposit.php(264): view('profile-wallet')
 4 SYSTEMPATH\View\View.php(213): include('APPPATH\\Views\\transaction\\deposit.php')
 5 SYSTEMPATH\View\View.php(216): CodeIgniter\View\View->CodeIgniter\View\{closure}()
 6 SYSTEMPATH\Common.php(1142): CodeIgniter\View\View->render('transaction/deposit', [], true)
 7 APPPATH\Controllers\General_control.php(301): view('transaction/deposit', [...])
 8 SYSTEMPATH\CodeIgniter.php(902): App\Controllers\General_control->index_deposit()
 9 SYSTEMPATH\CodeIgniter.php(457): CodeIgniter\CodeIgniter->runController(Object(App\Controllers\General_control))
10 SYSTEMPATH\CodeIgniter.php(340): CodeIgniter\CodeIgniter->handleRequest(null, Object(Config\Cache), false)
11 FCPATH\index.php(67): CodeIgniter\CodeIgniter->run()
CRITICAL - 2024-05-14 22:21:57 --> Invalid file: profile-wallet.php
in SYSTEMPATH\Exceptions\FrameworkException.php on line 33.
 1 SYSTEMPATH\View\View.php(201): CodeIgniter\Exceptions\FrameworkException::forInvalidFile('profile-wallet.php')
 2 SYSTEMPATH\Common.php(1142): CodeIgniter\View\View->render('profile-wallet', [], true)
 3 APPPATH\Views\transaction\deposit.php(264): view('profile-wallet')
 4 SYSTEMPATH\View\View.php(213): include('APPPATH\\Views\\transaction\\deposit.php')
 5 SYSTEMPATH\View\View.php(216): CodeIgniter\View\View->CodeIgniter\View\{closure}()
 6 SYSTEMPATH\Common.php(1142): CodeIgniter\View\View->render('transaction/deposit', [], true)
 7 APPPATH\Controllers\General_control.php(301): view('transaction/deposit', [...])
 8 SYSTEMPATH\CodeIgniter.php(902): App\Controllers\General_control->index_deposit()
 9 SYSTEMPATH\CodeIgniter.php(457): CodeIgniter\CodeIgniter->runController(Object(App\Controllers\General_control))
10 SYSTEMPATH\CodeIgniter.php(340): CodeIgniter\CodeIgniter->handleRequest(null, Object(Config\Cache), false)
11 FCPATH\index.php(67): CodeIgniter\CodeIgniter->run()
CRITICAL - 2024-05-14 22:21:57 --> Invalid file: profile-wallet.php
in SYSTEMPATH\Exceptions\FrameworkException.php on line 33.
 1 SYSTEMPATH\View\View.php(201): CodeIgniter\Exceptions\FrameworkException::forInvalidFile('profile-wallet.php')
 2 SYSTEMPATH\Common.php(1142): CodeIgniter\View\View->render('profile-wallet', [], true)
 3 APPPATH\Views\transaction\deposit.php(264): view('profile-wallet')
 4 SYSTEMPATH\View\View.php(213): include('APPPATH\\Views\\transaction\\deposit.php')
 5 SYSTEMPATH\View\View.php(216): CodeIgniter\View\View->CodeIgniter\View\{closure}()
 6 SYSTEMPATH\Common.php(1142): CodeIgniter\View\View->render('transaction/deposit', [], true)
 7 APPPATH\Controllers\General_control.php(301): view('transaction/deposit', [...])
 8 SYSTEMPATH\CodeIgniter.php(902): App\Controllers\General_control->index_deposit()
 9 SYSTEMPATH\CodeIgniter.php(457): CodeIgniter\CodeIgniter->runController(Object(App\Controllers\General_control))
10 SYSTEMPATH\CodeIgniter.php(340): CodeIgniter\CodeIgniter->handleRequest(null, Object(Config\Cache), false)
11 FCPATH\index.php(67): CodeIgniter\CodeIgniter->run()
CRITICAL - 2024-05-14 22:21:57 --> Invalid file: profile-wallet.php
in SYSTEMPATH\Exceptions\FrameworkException.php on line 33.
 1 SYSTEMPATH\View\View.php(201): CodeIgniter\Exceptions\FrameworkException::forInvalidFile('profile-wallet.php')
 2 SYSTEMPATH\Common.php(1142): CodeIgniter\View\View->render('profile-wallet', [], true)
 3 APPPATH\Views\transaction\deposit.php(264): view('profile-wallet')
 4 SYSTEMPATH\View\View.php(213): include('APPPATH\\Views\\transaction\\deposit.php')
 5 SYSTEMPATH\View\View.php(216): CodeIgniter\View\View->CodeIgniter\View\{closure}()
 6 SYSTEMPATH\Common.php(1142): CodeIgniter\View\View->render('transaction/deposit', [], true)
 7 APPPATH\Controllers\General_control.php(301): view('transaction/deposit', [...])
 8 SYSTEMPATH\CodeIgniter.php(902): App\Controllers\General_control->index_deposit()
 9 SYSTEMPATH\CodeIgniter.php(457): CodeIgniter\CodeIgniter->runController(Object(App\Controllers\General_control))
10 SYSTEMPATH\CodeIgniter.php(340): CodeIgniter\CodeIgniter->handleRequest(null, Object(Config\Cache), false)
11 FCPATH\index.php(67): CodeIgniter\CodeIgniter->run()
CRITICAL - 2024-05-14 22:21:57 --> Invalid file: profile-wallet.php
in SYSTEMPATH\Exceptions\FrameworkException.php on line 33.
 1 SYSTEMPATH\View\View.php(201): CodeIgniter\Exceptions\FrameworkException::forInvalidFile('profile-wallet.php')
 2 SYSTEMPATH\Common.php(1142): CodeIgniter\View\View->render('profile-wallet', [], true)
 3 APPPATH\Views\transaction\deposit.php(264): view('profile-wallet')
 4 SYSTEMPATH\View\View.php(213): include('APPPATH\\Views\\transaction\\deposit.php')
 5 SYSTEMPATH\View\View.php(216): CodeIgniter\View\View->CodeIgniter\View\{closure}()
 6 SYSTEMPATH\Common.php(1142): CodeIgniter\View\View->render('transaction/deposit', [], true)
 7 APPPATH\Controllers\General_control.php(301): view('transaction/deposit', [...])
 8 SYSTEMPATH\CodeIgniter.php(902): App\Controllers\General_control->index_deposit()
 9 SYSTEMPATH\CodeIgniter.php(457): CodeIgniter\CodeIgniter->runController(Object(App\Controllers\General_control))
10 SYSTEMPATH\CodeIgniter.php(340): CodeIgniter\CodeIgniter->handleRequest(null, Object(Config\Cache), false)
11 FCPATH\index.php(67): CodeIgniter\CodeIgniter->run()
CRITICAL - 2024-05-14 22:21:57 --> Invalid file: profile-wallet.php
in SYSTEMPATH\Exceptions\FrameworkException.php on line 33.
 1 SYSTEMPATH\View\View.php(201): CodeIgniter\Exceptions\FrameworkException::forInvalidFile('profile-wallet.php')
 2 SYSTEMPATH\Common.php(1142): CodeIgniter\View\View->render('profile-wallet', [], true)
 3 APPPATH\Views\transaction\deposit.php(264): view('profile-wallet')
 4 SYSTEMPATH\View\View.php(213): include('APPPATH\\Views\\transaction\\deposit.php')
 5 SYSTEMPATH\View\View.php(216): CodeIgniter\View\View->CodeIgniter\View\{closure}()
 6 SYSTEMPATH\Common.php(1142): CodeIgniter\View\View->render('transaction/deposit', [], true)
 7 APPPATH\Controllers\General_control.php(301): view('transaction/deposit', [...])
 8 SYSTEMPATH\CodeIgniter.php(902): App\Controllers\General_control->index_deposit()
 9 SYSTEMPATH\CodeIgniter.php(457): CodeIgniter\CodeIgniter->runController(Object(App\Controllers\General_control))
10 SYSTEMPATH\CodeIgniter.php(340): CodeIgniter\CodeIgniter->handleRequest(null, Object(Config\Cache), false)
11 FCPATH\index.php(67): CodeIgniter\CodeIgniter->run()
CRITICAL - 2024-05-14 22:21:58 --> Invalid file: profile-wallet.php
in SYSTEMPATH\Exceptions\FrameworkException.php on line 33.
 1 SYSTEMPATH\View\View.php(201): CodeIgniter\Exceptions\FrameworkException::forInvalidFile('profile-wallet.php')
 2 SYSTEMPATH\Common.php(1142): CodeIgniter\View\View->render('profile-wallet', [], true)
 3 APPPATH\Views\transaction\deposit.php(264): view('profile-wallet')
 4 SYSTEMPATH\View\View.php(213): include('APPPATH\\Views\\transaction\\deposit.php')
 5 SYSTEMPATH\View\View.php(216): CodeIgniter\View\View->CodeIgniter\View\{closure}()
 6 SYSTEMPATH\Common.php(1142): CodeIgniter\View\View->render('transaction/deposit', [], true)
 7 APPPATH\Controllers\General_control.php(301): view('transaction/deposit', [...])
 8 SYSTEMPATH\CodeIgniter.php(902): App\Controllers\General_control->index_deposit()
 9 SYSTEMPATH\CodeIgniter.php(457): CodeIgniter\CodeIgniter->runController(Object(App\Controllers\General_control))
10 SYSTEMPATH\CodeIgniter.php(340): CodeIgniter\CodeIgniter->handleRequest(null, Object(Config\Cache), false)
11 FCPATH\index.php(67): CodeIgniter\CodeIgniter->run()
CRITICAL - 2024-05-14 22:22:42 --> Undefined array key "peEwallet"
in APPPATH\Views\transaction\deposit.php on line 314.
 1 APPPATH\Views\transaction\deposit.php(314): CodeIgniter\Debug\Exceptions->errorHandler(2, 'Undefined array key "peEwallet"', 'APPPATH\\Views\\transaction\\deposit.php', 314)
 2 SYSTEMPATH\View\View.php(213): include('APPPATH\\Views\\transaction\\deposit.php')
 3 SYSTEMPATH\View\View.php(216): CodeIgniter\View\View->CodeIgniter\View\{closure}()
 4 SYSTEMPATH\Common.php(1142): CodeIgniter\View\View->render('transaction/deposit', [], true)
 5 APPPATH\Controllers\General_control.php(301): view('transaction/deposit', [...])
 6 SYSTEMPATH\CodeIgniter.php(902): App\Controllers\General_control->index_deposit()
 7 SYSTEMPATH\CodeIgniter.php(457): CodeIgniter\CodeIgniter->runController(Object(App\Controllers\General_control))
 8 SYSTEMPATH\CodeIgniter.php(340): CodeIgniter\CodeIgniter->handleRequest(null, Object(Config\Cache), false)
 9 FCPATH\index.php(67): CodeIgniter\CodeIgniter->run()
CRITICAL - 2024-05-14 22:22:43 --> Undefined array key "peEwallet"
in APPPATH\Views\transaction\deposit.php on line 314.
 1 APPPATH\Views\transaction\deposit.php(314): CodeIgniter\Debug\Exceptions->errorHandler(2, 'Undefined array key "peEwallet"', 'APPPATH\\Views\\transaction\\deposit.php', 314)
 2 SYSTEMPATH\View\View.php(213): include('APPPATH\\Views\\transaction\\deposit.php')
 3 SYSTEMPATH\View\View.php(216): CodeIgniter\View\View->CodeIgniter\View\{closure}()
 4 SYSTEMPATH\Common.php(1142): CodeIgniter\View\View->render('transaction/deposit', [], true)
 5 APPPATH\Controllers\General_control.php(301): view('transaction/deposit', [...])
 6 SYSTEMPATH\CodeIgniter.php(902): App\Controllers\General_control->index_deposit()
 7 SYSTEMPATH\CodeIgniter.php(457): CodeIgniter\CodeIgniter->runController(Object(App\Controllers\General_control))
 8 SYSTEMPATH\CodeIgniter.php(340): CodeIgniter\CodeIgniter->handleRequest(null, Object(Config\Cache), false)
 9 FCPATH\index.php(67): CodeIgniter\CodeIgniter->run()
CRITICAL - 2024-05-14 22:22:44 --> Undefined array key "peEwallet"
in APPPATH\Views\transaction\deposit.php on line 314.
 1 APPPATH\Views\transaction\deposit.php(314): CodeIgniter\Debug\Exceptions->errorHandler(2, 'Undefined array key "peEwallet"', 'APPPATH\\Views\\transaction\\deposit.php', 314)
 2 SYSTEMPATH\View\View.php(213): include('APPPATH\\Views\\transaction\\deposit.php')
 3 SYSTEMPATH\View\View.php(216): CodeIgniter\View\View->CodeIgniter\View\{closure}()
 4 SYSTEMPATH\Common.php(1142): CodeIgniter\View\View->render('transaction/deposit', [], true)
 5 APPPATH\Controllers\General_control.php(301): view('transaction/deposit', [...])
 6 SYSTEMPATH\CodeIgniter.php(902): App\Controllers\General_control->index_deposit()
 7 SYSTEMPATH\CodeIgniter.php(457): CodeIgniter\CodeIgniter->runController(Object(App\Controllers\General_control))
 8 SYSTEMPATH\CodeIgniter.php(340): CodeIgniter\CodeIgniter->handleRequest(null, Object(Config\Cache), false)
 9 FCPATH\index.php(67): CodeIgniter\CodeIgniter->run()
CRITICAL - 2024-05-14 22:24:52 --> Undefined array key "peEwallet"
in APPPATH\Views\transaction\deposit.php on line 568.
 1 APPPATH\Views\transaction\deposit.php(568): CodeIgniter\Debug\Exceptions->errorHandler(2, 'Undefined array key "peEwallet"', 'APPPATH\\Views\\transaction\\deposit.php', 568)
 2 SYSTEMPATH\View\View.php(213): include('APPPATH\\Views\\transaction\\deposit.php')
 3 SYSTEMPATH\View\View.php(216): CodeIgniter\View\View->CodeIgniter\View\{closure}()
 4 SYSTEMPATH\Common.php(1142): CodeIgniter\View\View->render('transaction/deposit', [], true)
 5 APPPATH\Controllers\General_control.php(301): view('transaction/deposit', [...])
 6 SYSTEMPATH\CodeIgniter.php(902): App\Controllers\General_control->index_deposit()
 7 SYSTEMPATH\CodeIgniter.php(457): CodeIgniter\CodeIgniter->runController(Object(App\Controllers\General_control))
 8 SYSTEMPATH\CodeIgniter.php(340): CodeIgniter\CodeIgniter->handleRequest(null, Object(Config\Cache), false)
 9 FCPATH\index.php(67): CodeIgniter\CodeIgniter->run()
CRITICAL - 2024-05-14 23:43:09 --> Undefined array key "peEwallet"
in APPPATH\Views\transaction\deposit.php on line 438.
 1 APPPATH\Views\transaction\deposit.php(438): CodeIgniter\Debug\Exceptions->errorHandler(2, 'Undefined array key "peEwallet"', 'APPPATH\\Views\\transaction\\deposit.php', 438)
 2 SYSTEMPATH\View\View.php(213): include('APPPATH\\Views\\transaction\\deposit.php')
 3 SYSTEMPATH\View\View.php(216): CodeIgniter\View\View->CodeIgniter\View\{closure}()
 4 SYSTEMPATH\Common.php(1142): CodeIgniter\View\View->render('transaction/deposit', [], true)
 5 APPPATH\Controllers\General_control.php(301): view('transaction/deposit', [...])
 6 SYSTEMPATH\CodeIgniter.php(902): App\Controllers\General_control->index_deposit()
 7 SYSTEMPATH\CodeIgniter.php(457): CodeIgniter\CodeIgniter->runController(Object(App\Controllers\General_control))
 8 SYSTEMPATH\CodeIgniter.php(340): CodeIgniter\CodeIgniter->handleRequest(null, Object(Config\Cache), false)
 9 FCPATH\index.php(67): CodeIgniter\CodeIgniter->run()
CRITICAL - 2024-05-14 23:43:10 --> Undefined array key "peEwallet"
in APPPATH\Views\transaction\deposit.php on line 438.
 1 APPPATH\Views\transaction\deposit.php(438): CodeIgniter\Debug\Exceptions->errorHandler(2, 'Undefined array key "peEwallet"', 'APPPATH\\Views\\transaction\\deposit.php', 438)
 2 SYSTEMPATH\View\View.php(213): include('APPPATH\\Views\\transaction\\deposit.php')
 3 SYSTEMPATH\View\View.php(216): CodeIgniter\View\View->CodeIgniter\View\{closure}()
 4 SYSTEMPATH\Common.php(1142): CodeIgniter\View\View->render('transaction/deposit', [], true)
 5 APPPATH\Controllers\General_control.php(301): view('transaction/deposit', [...])
 6 SYSTEMPATH\CodeIgniter.php(902): App\Controllers\General_control->index_deposit()
 7 SYSTEMPATH\CodeIgniter.php(457): CodeIgniter\CodeIgniter->runController(Object(App\Controllers\General_control))
 8 SYSTEMPATH\CodeIgniter.php(340): CodeIgniter\CodeIgniter->handleRequest(null, Object(Config\Cache), false)
 9 FCPATH\index.php(67): CodeIgniter\CodeIgniter->run()
CRITICAL - 2024-05-14 23:52:51 --> Undefined array key "peEwallet"
in APPPATH\Views\transaction\deposit.php on line 207.
 1 APPPATH\Views\transaction\deposit.php(207): CodeIgniter\Debug\Exceptions->errorHandler(2, 'Undefined array key "peEwallet"', 'APPPATH\\Views\\transaction\\deposit.php', 207)
 2 SYSTEMPATH\View\View.php(213): include('APPPATH\\Views\\transaction\\deposit.php')
 3 SYSTEMPATH\View\View.php(216): CodeIgniter\View\View->CodeIgniter\View\{closure}()
 4 SYSTEMPATH\Common.php(1142): CodeIgniter\View\View->render('transaction/deposit', [], true)
 5 APPPATH\Controllers\General_control.php(301): view('transaction/deposit', [...])
 6 SYSTEMPATH\CodeIgniter.php(902): App\Controllers\General_control->index_deposit()
 7 SYSTEMPATH\CodeIgniter.php(457): CodeIgniter\CodeIgniter->runController(Object(App\Controllers\General_control))
 8 SYSTEMPATH\CodeIgniter.php(340): CodeIgniter\CodeIgniter->handleRequest(null, Object(Config\Cache), false)
 9 FCPATH\index.php(67): CodeIgniter\CodeIgniter->run()
CRITICAL - 2024-05-14 23:54:03 --> Undefined array key "peEwallet"
in APPPATH\Views\transaction\deposit.php on line 626.
 1 APPPATH\Views\transaction\deposit.php(626): CodeIgniter\Debug\Exceptions->errorHandler(2, 'Undefined array key "peEwallet"', 'APPPATH\\Views\\transaction\\deposit.php', 626)
 2 SYSTEMPATH\View\View.php(213): include('APPPATH\\Views\\transaction\\deposit.php')
 3 SYSTEMPATH\View\View.php(216): CodeIgniter\View\View->CodeIgniter\View\{closure}()
 4 SYSTEMPATH\Common.php(1142): CodeIgniter\View\View->render('transaction/deposit', [], true)
 5 APPPATH\Controllers\General_control.php(301): view('transaction/deposit', [...])
 6 SYSTEMPATH\CodeIgniter.php(902): App\Controllers\General_control->index_deposit()
 7 SYSTEMPATH\CodeIgniter.php(457): CodeIgniter\CodeIgniter->runController(Object(App\Controllers\General_control))
 8 SYSTEMPATH\CodeIgniter.php(340): CodeIgniter\CodeIgniter->handleRequest(null, Object(Config\Cache), false)
 9 FCPATH\index.php(67): CodeIgniter\CodeIgniter->run()
CRITICAL - 2024-05-14 23:56:09 --> Undefined array key "peEwallet"
in APPPATH\Views\transaction\deposit.php on line 626.
 1 APPPATH\Views\transaction\deposit.php(626): CodeIgniter\Debug\Exceptions->errorHandler(2, 'Undefined array key "peEwallet"', 'APPPATH\\Views\\transaction\\deposit.php', 626)
 2 SYSTEMPATH\View\View.php(213): include('APPPATH\\Views\\transaction\\deposit.php')
 3 SYSTEMPATH\View\View.php(216): CodeIgniter\View\View->CodeIgniter\View\{closure}()
 4 SYSTEMPATH\Common.php(1142): CodeIgniter\View\View->render('transaction/deposit', [], true)
 5 APPPATH\Controllers\General_control.php(301): view('transaction/deposit', [...])
 6 SYSTEMPATH\CodeIgniter.php(902): App\Controllers\General_control->index_deposit()
 7 SYSTEMPATH\CodeIgniter.php(457): CodeIgniter\CodeIgniter->runController(Object(App\Controllers\General_control))
 8 SYSTEMPATH\CodeIgniter.php(340): CodeIgniter\CodeIgniter->handleRequest(null, Object(Config\Cache), false)
 9 FCPATH\index.php(67): CodeIgniter\CodeIgniter->run()
CRITICAL - 2024-05-14 23:57:34 --> Undefined array key "peEwallet"
in APPPATH\Views\transaction\deposit.php on line 622.
 1 APPPATH\Views\transaction\deposit.php(622): CodeIgniter\Debug\Exceptions->errorHandler(2, 'Undefined array key "peEwallet"', 'APPPATH\\Views\\transaction\\deposit.php', 622)
 2 SYSTEMPATH\View\View.php(213): include('APPPATH\\Views\\transaction\\deposit.php')
 3 SYSTEMPATH\View\View.php(216): CodeIgniter\View\View->CodeIgniter\View\{closure}()
 4 SYSTEMPATH\Common.php(1142): CodeIgniter\View\View->render('transaction/deposit', [], true)
 5 APPPATH\Controllers\General_control.php(301): view('transaction/deposit', [...])
 6 SYSTEMPATH\CodeIgniter.php(902): App\Controllers\General_control->index_deposit()
 7 SYSTEMPATH\CodeIgniter.php(457): CodeIgniter\CodeIgniter->runController(Object(App\Controllers\General_control))
 8 SYSTEMPATH\CodeIgniter.php(340): CodeIgniter\CodeIgniter->handleRequest(null, Object(Config\Cache), false)
 9 FCPATH\index.php(67): CodeIgniter\CodeIgniter->run()
CRITICAL - 2024-05-14 23:57:41 --> Undefined array key "peEwallet"
in APPPATH\Views\transaction\deposit.php on line 622.
 1 APPPATH\Views\transaction\deposit.php(622): CodeIgniter\Debug\Exceptions->errorHandler(2, 'Undefined array key "peEwallet"', 'APPPATH\\Views\\transaction\\deposit.php', 622)
 2 SYSTEMPATH\View\View.php(213): include('APPPATH\\Views\\transaction\\deposit.php')
 3 SYSTEMPATH\View\View.php(216): CodeIgniter\View\View->CodeIgniter\View\{closure}()
 4 SYSTEMPATH\Common.php(1142): CodeIgniter\View\View->render('transaction/deposit', [], true)
 5 APPPATH\Controllers\General_control.php(301): view('transaction/deposit', [...])
 6 SYSTEMPATH\CodeIgniter.php(902): App\Controllers\General_control->index_deposit()
 7 SYSTEMPATH\CodeIgniter.php(457): CodeIgniter\CodeIgniter->runController(Object(App\Controllers\General_control))
 8 SYSTEMPATH\CodeIgniter.php(340): CodeIgniter\CodeIgniter->handleRequest(null, Object(Config\Cache), false)
 9 FCPATH\index.php(67): CodeIgniter\CodeIgniter->run()
CRITICAL - 2024-05-14 23:58:16 --> Undefined array key "peEwallet"
in APPPATH\Views\transaction\deposit.php on line 622.
 1 APPPATH\Views\transaction\deposit.php(622): CodeIgniter\Debug\Exceptions->errorHandler(2, 'Undefined array key "peEwallet"', 'APPPATH\\Views\\transaction\\deposit.php', 622)
 2 SYSTEMPATH\View\View.php(213): include('APPPATH\\Views\\transaction\\deposit.php')
 3 SYSTEMPATH\View\View.php(216): CodeIgniter\View\View->CodeIgniter\View\{closure}()
 4 SYSTEMPATH\Common.php(1142): CodeIgniter\View\View->render('transaction/deposit', [], true)
 5 APPPATH\Controllers\General_control.php(301): view('transaction/deposit', [...])
 6 SYSTEMPATH\CodeIgniter.php(902): App\Controllers\General_control->index_deposit()
 7 SYSTEMPATH\CodeIgniter.php(457): CodeIgniter\CodeIgniter->runController(Object(App\Controllers\General_control))
 8 SYSTEMPATH\CodeIgniter.php(340): CodeIgniter\CodeIgniter->handleRequest(null, Object(Config\Cache), false)
 9 FCPATH\index.php(67): CodeIgniter\CodeIgniter->run()
CRITICAL - 2024-05-14 23:58:29 --> Undefined array key "peEwallet"
in APPPATH\Views\transaction\deposit.php on line 622.
 1 APPPATH\Views\transaction\deposit.php(622): CodeIgniter\Debug\Exceptions->errorHandler(2, 'Undefined array key "peEwallet"', 'APPPATH\\Views\\transaction\\deposit.php', 622)
 2 SYSTEMPATH\View\View.php(213): include('APPPATH\\Views\\transaction\\deposit.php')
 3 SYSTEMPATH\View\View.php(216): CodeIgniter\View\View->CodeIgniter\View\{closure}()
 4 SYSTEMPATH\Common.php(1142): CodeIgniter\View\View->render('transaction/deposit', [], true)
 5 APPPATH\Controllers\General_control.php(301): view('transaction/deposit', [...])
 6 SYSTEMPATH\CodeIgniter.php(902): App\Controllers\General_control->index_deposit()
 7 SYSTEMPATH\CodeIgniter.php(457): CodeIgniter\CodeIgniter->runController(Object(App\Controllers\General_control))
 8 SYSTEMPATH\CodeIgniter.php(340): CodeIgniter\CodeIgniter->handleRequest(null, Object(Config\Cache), false)
 9 FCPATH\index.php(67): CodeIgniter\CodeIgniter->run()
