CRITICAL - 2023-03-29 00:05:27 --> session_start(): Failed to decode session object. Session has been destroyed
in SYSTEMPATH/Session/Session.php on line 920.
 1 [internal function]: CodeIgniter\Debug\Exceptions->errorHandler()
 2 SYSTEMPATH/Session/Session.php(920): session_start()
 3 SYSTEMPATH/Session/Session.php(242): CodeIgniter\Session\Session->startSession()
 4 SYSTEMPATH/Config/Services.php(665): CodeIgniter\Session\Session->start()
 5 SYSTEMPATH/Config/BaseService.php(253): CodeIgniter\Config\Services::session()
 6 SYSTEMPATH/Config/BaseService.php(194): CodeIgniter\Config\BaseService::__callStatic()
 7 SYSTEMPATH/Config/Services.php(637): CodeIgniter\Config\BaseService::getSharedInstance()
 8 SYSTEMPATH/Config/BaseService.php(253): CodeIgniter\Config\Services::session()
 9 SYSTEMPATH/Common.php(939): CodeIgniter\Config\BaseService::__callStatic()
10 APPPATH/Filters/Auth.php(12): session()
11 SYSTEMPATH/Filters/Filters.php(173): App\Filters\Auth->before()
12 SYSTEMPATH/CodeIgniter.php(431): CodeIgniter\Filters\Filters->run()
13 SYSTEMPATH/CodeIgniter.php(340): CodeIgniter\CodeIgniter->handleRequest()
14 FCPATH/index.php(67): CodeIgniter\CodeIgniter->run()
CRITICAL - 2023-03-29 00:07:21 --> array_column() expects parameter 1 to be array, null given
in APPPATH/Controllers/Game_control.php on line 770.
 1 [internal function]: CodeIgniter\Debug\Exceptions->errorHandler()
 2 APPPATH/Controllers/Game_control.php(770): array_column()
 3 SYSTEMPATH/CodeIgniter.php(902): App\Controllers\Game_control->slotMultiXListWithTransferBox()
 4 SYSTEMPATH/CodeIgniter.php(457): CodeIgniter\CodeIgniter->runController()
 5 SYSTEMPATH/CodeIgniter.php(340): CodeIgniter\CodeIgniter->handleRequest()
 6 FCPATH/index.php(67): CodeIgniter\CodeIgniter->run()
CRITICAL - 2023-03-29 00:31:07 --> filesize(): stat failed for /var/www/speedcash/responsive/public_html/writable/session/ci_sessionh6cro15hvt5403psq0ivrf2q9l10mms0
in SYSTEMPATH/Session/Handlers/FileHandler.php on line 161.
 1 [internal function]: CodeIgniter\Debug\Exceptions->errorHandler()
 2 SYSTEMPATH/Session/Handlers/FileHandler.php(161): filesize()
 3 [internal function]: CodeIgniter\Session\Handlers\FileHandler->read()
 4 SYSTEMPATH/Session/Session.php(920): session_start()
 5 SYSTEMPATH/Session/Session.php(242): CodeIgniter\Session\Session->startSession()
 6 SYSTEMPATH/Config/Services.php(665): CodeIgniter\Session\Session->start()
 7 SYSTEMPATH/Config/BaseService.php(253): CodeIgniter\Config\Services::session()
 8 SYSTEMPATH/Config/BaseService.php(194): CodeIgniter\Config\BaseService::__callStatic()
 9 SYSTEMPATH/Config/Services.php(637): CodeIgniter\Config\BaseService::getSharedInstance()
10 SYSTEMPATH/Config/BaseService.php(253): CodeIgniter\Config\Services::session()
11 SYSTEMPATH/Common.php(939): CodeIgniter\Config\BaseService::__callStatic()
12 APPPATH/Filters/Auth.php(12): session()
13 SYSTEMPATH/Filters/Filters.php(173): App\Filters\Auth->before()
14 SYSTEMPATH/CodeIgniter.php(431): CodeIgniter\Filters\Filters->run()
15 SYSTEMPATH/CodeIgniter.php(340): CodeIgniter\CodeIgniter->handleRequest()
16 FCPATH/index.php(67): CodeIgniter\CodeIgniter->run()
CRITICAL - 2023-03-29 00:31:07 --> session_start(): Failed to decode session object. Session has been destroyed
in SYSTEMPATH/Session/Session.php on line 920.
 1 [internal function]: CodeIgniter\Debug\Exceptions->errorHandler()
 2 SYSTEMPATH/Session/Session.php(920): session_start()
 3 SYSTEMPATH/Session/Session.php(242): CodeIgniter\Session\Session->startSession()
 4 SYSTEMPATH/Config/Services.php(665): CodeIgniter\Session\Session->start()
 5 SYSTEMPATH/Config/BaseService.php(253): CodeIgniter\Config\Services::session()
 6 SYSTEMPATH/Config/BaseService.php(194): CodeIgniter\Config\BaseService::__callStatic()
 7 SYSTEMPATH/Config/Services.php(637): CodeIgniter\Config\BaseService::getSharedInstance()
 8 SYSTEMPATH/Config/BaseService.php(253): CodeIgniter\Config\Services::session()
 9 SYSTEMPATH/Common.php(939): CodeIgniter\Config\BaseService::__callStatic()
10 APPPATH/Filters/Auth.php(12): session()
11 SYSTEMPATH/Filters/Filters.php(173): App\Filters\Auth->before()
12 SYSTEMPATH/CodeIgniter.php(431): CodeIgniter\Filters\Filters->run()
13 SYSTEMPATH/CodeIgniter.php(340): CodeIgniter\CodeIgniter->handleRequest()
14 FCPATH/index.php(67): CodeIgniter\CodeIgniter->run()
CRITICAL - 2023-03-29 01:15:01 --> array_column() expects parameter 1 to be array, null given
in APPPATH/Controllers/Game_control.php on line 770.
 1 [internal function]: CodeIgniter\Debug\Exceptions->errorHandler()
 2 APPPATH/Controllers/Game_control.php(770): array_column()
 3 SYSTEMPATH/CodeIgniter.php(902): App\Controllers\Game_control->slotMultiXListWithTransferBox()
 4 SYSTEMPATH/CodeIgniter.php(457): CodeIgniter\CodeIgniter->runController()
 5 SYSTEMPATH/CodeIgniter.php(340): CodeIgniter\CodeIgniter->handleRequest()
 6 FCPATH/index.php(67): CodeIgniter\CodeIgniter->run()
CRITICAL - 2023-03-29 01:18:35 --> array_column() expects parameter 1 to be array, null given
in APPPATH/Controllers/Game_control.php on line 770.
 1 [internal function]: CodeIgniter\Debug\Exceptions->errorHandler()
 2 APPPATH/Controllers/Game_control.php(770): array_column()
 3 SYSTEMPATH/CodeIgniter.php(902): App\Controllers\Game_control->slotMultiXListWithTransferBox()
 4 SYSTEMPATH/CodeIgniter.php(457): CodeIgniter\CodeIgniter->runController()
 5 SYSTEMPATH/CodeIgniter.php(340): CodeIgniter\CodeIgniter->handleRequest()
 6 FCPATH/index.php(67): CodeIgniter\CodeIgniter->run()
CRITICAL - 2023-03-29 01:30:48 --> array_column() expects parameter 1 to be array, null given
in APPPATH/Controllers/Game_control.php on line 770.
 1 [internal function]: CodeIgniter\Debug\Exceptions->errorHandler()
 2 APPPATH/Controllers/Game_control.php(770): array_column()
 3 SYSTEMPATH/CodeIgniter.php(902): App\Controllers\Game_control->slotMultiXListWithTransferBox()
 4 SYSTEMPATH/CodeIgniter.php(457): CodeIgniter\CodeIgniter->runController()
 5 SYSTEMPATH/CodeIgniter.php(340): CodeIgniter\CodeIgniter->handleRequest()
 6 FCPATH/index.php(67): CodeIgniter\CodeIgniter->run()
CRITICAL - 2023-03-29 01:32:07 --> array_column() expects parameter 1 to be array, null given
in APPPATH/Controllers/Game_control.php on line 770.
 1 [internal function]: CodeIgniter\Debug\Exceptions->errorHandler()
 2 APPPATH/Controllers/Game_control.php(770): array_column()
 3 SYSTEMPATH/CodeIgniter.php(902): App\Controllers\Game_control->slotMultiXListWithTransferBox()
 4 SYSTEMPATH/CodeIgniter.php(457): CodeIgniter\CodeIgniter->runController()
 5 SYSTEMPATH/CodeIgniter.php(340): CodeIgniter\CodeIgniter->handleRequest()
 6 FCPATH/index.php(67): CodeIgniter\CodeIgniter->run()
CRITICAL - 2023-03-29 02:03:23 --> array_column() expects parameter 1 to be array, null given
in APPPATH/Controllers/Game_control.php on line 770.
 1 [internal function]: CodeIgniter\Debug\Exceptions->errorHandler()
 2 APPPATH/Controllers/Game_control.php(770): array_column()
 3 SYSTEMPATH/CodeIgniter.php(902): App\Controllers\Game_control->slotMultiXListWithTransferBox()
 4 SYSTEMPATH/CodeIgniter.php(457): CodeIgniter\CodeIgniter->runController()
 5 SYSTEMPATH/CodeIgniter.php(340): CodeIgniter\CodeIgniter->handleRequest()
 6 FCPATH/index.php(67): CodeIgniter\CodeIgniter->run()
CRITICAL - 2023-03-29 02:19:03 --> array_column() expects parameter 1 to be array, null given
in APPPATH/Controllers/Game_control.php on line 770.
 1 [internal function]: CodeIgniter\Debug\Exceptions->errorHandler()
 2 APPPATH/Controllers/Game_control.php(770): array_column()
 3 SYSTEMPATH/CodeIgniter.php(902): App\Controllers\Game_control->slotMultiXListWithTransferBox()
 4 SYSTEMPATH/CodeIgniter.php(457): CodeIgniter\CodeIgniter->runController()
 5 SYSTEMPATH/CodeIgniter.php(340): CodeIgniter\CodeIgniter->handleRequest()
 6 FCPATH/index.php(67): CodeIgniter\CodeIgniter->run()
CRITICAL - 2023-03-29 02:55:10 --> filesize(): stat failed for /var/www/speedcash/responsive/public_html/writable/session/ci_session9orpnvkvn2hd8gbvomfd0hhe74q0aeo3
in SYSTEMPATH/Session/Handlers/FileHandler.php on line 161.
 1 [internal function]: CodeIgniter\Debug\Exceptions->errorHandler()
 2 SYSTEMPATH/Session/Handlers/FileHandler.php(161): filesize()
 3 [internal function]: CodeIgniter\Session\Handlers\FileHandler->read()
 4 SYSTEMPATH/Session/Session.php(920): session_start()
 5 SYSTEMPATH/Session/Session.php(242): CodeIgniter\Session\Session->startSession()
 6 SYSTEMPATH/Config/Services.php(665): CodeIgniter\Session\Session->start()
 7 SYSTEMPATH/Config/BaseService.php(253): CodeIgniter\Config\Services::session()
 8 SYSTEMPATH/Config/BaseService.php(194): CodeIgniter\Config\BaseService::__callStatic()
 9 SYSTEMPATH/Config/Services.php(637): CodeIgniter\Config\BaseService::getSharedInstance()
10 SYSTEMPATH/Config/BaseService.php(253): CodeIgniter\Config\Services::session()
11 APPPATH/Controllers/BaseController.php(74): CodeIgniter\Config\BaseService::__callStatic()
12 SYSTEMPATH/CodeIgniter.php(865): App\Controllers\BaseController->initController()
13 SYSTEMPATH/CodeIgniter.php(448): CodeIgniter\CodeIgniter->createController()
14 SYSTEMPATH/CodeIgniter.php(340): CodeIgniter\CodeIgniter->handleRequest()
15 FCPATH/index.php(67): CodeIgniter\CodeIgniter->run()
CRITICAL - 2023-03-29 03:14:04 --> array_column() expects parameter 1 to be array, null given
in APPPATH/Controllers/Game_control.php on line 770.
 1 [internal function]: CodeIgniter\Debug\Exceptions->errorHandler()
 2 APPPATH/Controllers/Game_control.php(770): array_column()
 3 SYSTEMPATH/CodeIgniter.php(902): App\Controllers\Game_control->slotMultiXListWithTransferBox()
 4 SYSTEMPATH/CodeIgniter.php(457): CodeIgniter\CodeIgniter->runController()
 5 SYSTEMPATH/CodeIgniter.php(340): CodeIgniter\CodeIgniter->handleRequest()
 6 FCPATH/index.php(67): CodeIgniter\CodeIgniter->run()
CRITICAL - 2023-03-29 06:01:25 --> filesize(): stat failed for /var/www/speedcash/responsive/public_html/writable/session/ci_session4q0rcacp3m0htmdlhnai8e7esvt7989f
in SYSTEMPATH/Session/Handlers/FileHandler.php on line 161.
 1 [internal function]: CodeIgniter\Debug\Exceptions->errorHandler()
 2 SYSTEMPATH/Session/Handlers/FileHandler.php(161): filesize()
 3 [internal function]: CodeIgniter\Session\Handlers\FileHandler->read()
 4 SYSTEMPATH/Session/Session.php(920): session_start()
 5 SYSTEMPATH/Session/Session.php(242): CodeIgniter\Session\Session->startSession()
 6 SYSTEMPATH/Config/Services.php(665): CodeIgniter\Session\Session->start()
 7 SYSTEMPATH/Config/BaseService.php(253): CodeIgniter\Config\Services::session()
 8 SYSTEMPATH/Config/BaseService.php(194): CodeIgniter\Config\BaseService::__callStatic()
 9 SYSTEMPATH/Config/Services.php(637): CodeIgniter\Config\BaseService::getSharedInstance()
10 SYSTEMPATH/Config/BaseService.php(253): CodeIgniter\Config\Services::session()
11 SYSTEMPATH/Common.php(939): CodeIgniter\Config\BaseService::__callStatic()
12 APPPATH/Filters/Auth.php(12): session()
13 SYSTEMPATH/Filters/Filters.php(173): App\Filters\Auth->before()
14 SYSTEMPATH/CodeIgniter.php(431): CodeIgniter\Filters\Filters->run()
15 SYSTEMPATH/CodeIgniter.php(340): CodeIgniter\CodeIgniter->handleRequest()
16 FCPATH/index.php(67): CodeIgniter\CodeIgniter->run()
CRITICAL - 2023-03-29 06:09:54 --> filesize(): stat failed for /var/www/speedcash/responsive/public_html/writable/session/ci_sessionjlb1311mbjjh21ek7c40q5es095h7g6g
in SYSTEMPATH/Session/Handlers/FileHandler.php on line 161.
 1 [internal function]: CodeIgniter\Debug\Exceptions->errorHandler()
 2 SYSTEMPATH/Session/Handlers/FileHandler.php(161): filesize()
 3 [internal function]: CodeIgniter\Session\Handlers\FileHandler->read()
 4 SYSTEMPATH/Session/Session.php(920): session_start()
 5 SYSTEMPATH/Session/Session.php(242): CodeIgniter\Session\Session->startSession()
 6 SYSTEMPATH/Config/Services.php(665): CodeIgniter\Session\Session->start()
 7 SYSTEMPATH/Config/BaseService.php(253): CodeIgniter\Config\Services::session()
 8 SYSTEMPATH/Config/BaseService.php(194): CodeIgniter\Config\BaseService::__callStatic()
 9 SYSTEMPATH/Config/Services.php(637): CodeIgniter\Config\BaseService::getSharedInstance()
10 SYSTEMPATH/Config/BaseService.php(253): CodeIgniter\Config\Services::session()
11 SYSTEMPATH/Common.php(939): CodeIgniter\Config\BaseService::__callStatic()
12 APPPATH/Filters/Auth.php(12): session()
13 SYSTEMPATH/Filters/Filters.php(173): App\Filters\Auth->before()
14 SYSTEMPATH/CodeIgniter.php(431): CodeIgniter\Filters\Filters->run()
15 SYSTEMPATH/CodeIgniter.php(340): CodeIgniter\CodeIgniter->handleRequest()
16 FCPATH/index.php(67): CodeIgniter\CodeIgniter->run()
CRITICAL - 2023-03-29 06:09:54 --> filesize(): stat failed for /var/www/speedcash/responsive/public_html/writable/session/ci_sessionjlb1311mbjjh21ek7c40q5es095h7g6g
in SYSTEMPATH/Session/Handlers/FileHandler.php on line 161.
 1 [internal function]: CodeIgniter\Debug\Exceptions->errorHandler()
 2 SYSTEMPATH/Session/Handlers/FileHandler.php(161): filesize()
 3 [internal function]: CodeIgniter\Session\Handlers\FileHandler->read()
 4 SYSTEMPATH/Session/Session.php(920): session_start()
 5 SYSTEMPATH/Session/Session.php(242): CodeIgniter\Session\Session->startSession()
 6 SYSTEMPATH/Config/Services.php(665): CodeIgniter\Session\Session->start()
 7 SYSTEMPATH/Config/BaseService.php(253): CodeIgniter\Config\Services::session()
 8 SYSTEMPATH/Config/BaseService.php(194): CodeIgniter\Config\BaseService::__callStatic()
 9 SYSTEMPATH/Config/Services.php(637): CodeIgniter\Config\BaseService::getSharedInstance()
10 SYSTEMPATH/Config/BaseService.php(253): CodeIgniter\Config\Services::session()
11 APPPATH/Controllers/BaseController.php(74): CodeIgniter\Config\BaseService::__callStatic()
12 SYSTEMPATH/CodeIgniter.php(865): App\Controllers\BaseController->initController()
13 SYSTEMPATH/CodeIgniter.php(448): CodeIgniter\CodeIgniter->createController()
14 SYSTEMPATH/CodeIgniter.php(340): CodeIgniter\CodeIgniter->handleRequest()
15 FCPATH/index.php(67): CodeIgniter\CodeIgniter->run()
